<?xml version="1.0" encoding="UTF-8"?>
<robot generator="Robot 3.1.2 (Python 3.7.6 on win32)" generated="20200210 17:16:52.896" rpa="false">
<suite id="s1" name="ATDD &amp; GestionarCuposToTestTables &amp; IngresarCupoToTestNavegacion &amp; CorrectCredentialsToTestDataDriverExcel &amp; IncorrectCredentialsToTestDataDriverScript">
<suite id="s1-s1" name="ATDD" source="C:\Users\fabio.olivieri\RobotTesting\RobotScreenplayPatternExample\Tests\UI\Cupo\ATDD.robot">
<test id="s1-s1-t1" name="Scenario: Probar formato ATDD">
<kw name="Given El usuario Administrador ingresa a Gestionar Cupo en UAT para Timbues">
<kw name="Obtener usuario Administrador" library="rol">
<assign>
<var>@{UsuPass}</var>
</assign>
<kw name="Create List" library="BuiltIn">
<doc>Returns a list containing given items.</doc>
<arguments>
<arg>fabio.olivieri</arg>
<arg>Colorado8888</arg>
</arguments>
<assign>
<var>@{UsuPass}</var>
</assign>
<msg timestamp="20200210 17:16:53.075" level="INFO">@{UsuPass} = [ fabio.olivieri | Colorado8888 ]</msg>
<status status="PASS" starttime="20200210 17:16:53.075" endtime="20200210 17:16:53.075"></status>
</kw>
<msg timestamp="20200210 17:16:53.075" level="INFO">@{UsuPass} = [ fabio.olivieri | Colorado8888 ]</msg>
<status status="PASS" starttime="20200210 17:16:53.074" endtime="20200210 17:16:53.075"></status>
</kw>
<kw name="Iniciar Aplicacion" library="Login">
<arguments>
<arg>${gWebUrlUat}</arg>
<arg>${gBrowserChrome}</arg>
<arg>@{UsuPass}[0]</arg>
<arg>${UsuPass}[1]</arg>
<arg>${gIDTerminalTimbues}</arg>
</arguments>
<kw name="Abrir Navegador" library="Selenium Proxy">
<arguments>
<arg>${aUrl}</arg>
<arg>${aBrowser}</arg>
</arguments>
<kw name="Open Browser" library="SeleniumLibrary">
<doc>Opens a new browser instance to the optional ``url``.</doc>
<arguments>
<arg>${aURL}</arg>
<arg>${aBrowser}</arg>
</arguments>
<msg timestamp="20200210 17:16:53.076" level="INFO">Opening browser 'headlesschrome' to base url 'http://arrosvmapp313/ldc-yard/login'.</msg>
<status status="PASS" starttime="20200210 17:16:53.076" endtime="20200210 17:16:57.586"></status>
</kw>
<status status="PASS" starttime="20200210 17:16:53.076" endtime="20200210 17:16:57.586"></status>
</kw>
<kw name="Indicar usuario" library="Login">
<arguments>
<arg>${aUsuario}</arg>
<arg>${aContrasenia}</arg>
</arguments>
<kw name="Ingresar Usuario" library="Login">
<arguments>
<arg>${aUsuario}</arg>
</arguments>
<kw name="Capturar Elemento" library="Selenium Proxy">
<arguments>
<arg>${locTxtUsuario}</arg>
</arguments>
<assign>
<var>${txtUsuario}</var>
</assign>
<kw name="Wait Until Page Contains Element" library="SeleniumLibrary">
<doc>Waits until the element ``locator`` appears on the current page.</doc>
<arguments>
<arg>${aLocator}</arg>
<arg>10 seconds</arg>
</arguments>
<status status="PASS" starttime="20200210 17:16:57.588" endtime="20200210 17:16:57.603"></status>
</kw>
<kw name="Set Variable" library="BuiltIn">
<doc>Returns the given values which can then be assigned to a variables.</doc>
<arguments>
<arg>${aLocator}</arg>
</arguments>
<assign>
<var>${aElement}</var>
</assign>
<msg timestamp="20200210 17:16:57.604" level="INFO">${aElement} = id:usuario</msg>
<status status="PASS" starttime="20200210 17:16:57.603" endtime="20200210 17:16:57.604"></status>
</kw>
<msg timestamp="20200210 17:16:57.604" level="INFO">${txtUsuario} = id:usuario</msg>
<status status="PASS" starttime="20200210 17:16:57.587" endtime="20200210 17:16:57.604"></status>
</kw>
<kw name="Ingresar Texto" library="Selenium Proxy">
<arguments>
<arg>${txtUsuario}</arg>
<arg>${aUser}</arg>
</arguments>
<kw name="Set Focus To Element" library="SeleniumLibrary">
<doc>Sets the focus to the element identified by ``locator``.</doc>
<arguments>
<arg>${aElement}</arg>
</arguments>
<status status="PASS" starttime="20200210 17:16:57.605" endtime="20200210 17:16:57.616"></status>
</kw>
<kw name="Input Text" library="SeleniumLibrary">
<doc>Types the given ``text`` into the text field identified by ``locator``.</doc>
<arguments>
<arg>${aElement}</arg>
<arg>${aText}</arg>
</arguments>
<msg timestamp="20200210 17:16:57.617" level="INFO">Typing text 'fabio.olivieri' into text field 'id:usuario'.</msg>
<status status="PASS" starttime="20200210 17:16:57.617" endtime="20200210 17:16:57.703"></status>
</kw>
<status status="PASS" starttime="20200210 17:16:57.604" endtime="20200210 17:16:57.704"></status>
</kw>
<status status="PASS" starttime="20200210 17:16:57.587" endtime="20200210 17:16:57.704"></status>
</kw>
<kw name="Ingresar Contrasenia" library="Login">
<arguments>
<arg>${aContrasenia}</arg>
</arguments>
<kw name="Capturar Elemento" library="Selenium Proxy">
<arguments>
<arg>${locTxtContrasenia}</arg>
</arguments>
<assign>
<var>${txtContrasenia}</var>
</assign>
<kw name="Wait Until Page Contains Element" library="SeleniumLibrary">
<doc>Waits until the element ``locator`` appears on the current page.</doc>
<arguments>
<arg>${aLocator}</arg>
<arg>10 seconds</arg>
</arguments>
<status status="PASS" starttime="20200210 17:16:57.705" endtime="20200210 17:16:57.716"></status>
</kw>
<kw name="Set Variable" library="BuiltIn">
<doc>Returns the given values which can then be assigned to a variables.</doc>
<arguments>
<arg>${aLocator}</arg>
</arguments>
<assign>
<var>${aElement}</var>
</assign>
<msg timestamp="20200210 17:16:57.716" level="INFO">${aElement} = id:contrasenia</msg>
<status status="PASS" starttime="20200210 17:16:57.716" endtime="20200210 17:16:57.716"></status>
</kw>
<msg timestamp="20200210 17:16:57.716" level="INFO">${txtContrasenia} = id:contrasenia</msg>
<status status="PASS" starttime="20200210 17:16:57.704" endtime="20200210 17:16:57.716"></status>
</kw>
<kw name="Ingresar Password" library="Selenium Proxy">
<arguments>
<arg>${txtContrasenia}</arg>
<arg>${aPass}</arg>
</arguments>
<kw name="Set Focus To Element" library="SeleniumLibrary">
<doc>Sets the focus to the element identified by ``locator``.</doc>
<arguments>
<arg>${aElement}</arg>
</arguments>
<status status="PASS" starttime="20200210 17:16:57.717" endtime="20200210 17:16:57.728"></status>
</kw>
<kw name="Input Password" library="SeleniumLibrary">
<doc>Types the given password into the text field identified by ``locator``.</doc>
<arguments>
<arg>${aElement}</arg>
<arg>${aText}</arg>
</arguments>
<msg timestamp="20200210 17:16:57.728" level="INFO">Typing password into text field 'id:contrasenia'.</msg>
<status status="PASS" starttime="20200210 17:16:57.728" endtime="20200210 17:16:57.827"></status>
</kw>
<status status="PASS" starttime="20200210 17:16:57.717" endtime="20200210 17:16:57.827"></status>
</kw>
<status status="PASS" starttime="20200210 17:16:57.704" endtime="20200210 17:16:57.827"></status>
</kw>
<kw name="Presionar Ingresar" library="Login">
<kw name="Capturar Elemento" library="Selenium Proxy">
<arguments>
<arg>${locBtnIngresar}</arg>
</arguments>
<assign>
<var>${btnIngresar}</var>
</assign>
<kw name="Wait Until Page Contains Element" library="SeleniumLibrary">
<doc>Waits until the element ``locator`` appears on the current page.</doc>
<arguments>
<arg>${aLocator}</arg>
<arg>10 seconds</arg>
</arguments>
<status status="PASS" starttime="20200210 17:16:57.828" endtime="20200210 17:16:57.839"></status>
</kw>
<kw name="Set Variable" library="BuiltIn">
<doc>Returns the given values which can then be assigned to a variables.</doc>
<arguments>
<arg>${aLocator}</arg>
</arguments>
<assign>
<var>${aElement}</var>
</assign>
<msg timestamp="20200210 17:16:57.840" level="INFO">${aElement} = xpath:/html/body/yrd-root/yrd-login/div[1]/div/form/div[3]/button</msg>
<status status="PASS" starttime="20200210 17:16:57.839" endtime="20200210 17:16:57.840"></status>
</kw>
<msg timestamp="20200210 17:16:57.840" level="INFO">${btnIngresar} = xpath:/html/body/yrd-root/yrd-login/div[1]/div/form/div[3]/button</msg>
<status status="PASS" starttime="20200210 17:16:57.827" endtime="20200210 17:16:57.840"></status>
</kw>
<kw name="Presionar Boton" library="Selenium Proxy">
<arguments>
<arg>${btnIngresar}</arg>
</arguments>
<kw name="Set Focus To Element" library="SeleniumLibrary">
<doc>Sets the focus to the element identified by ``locator``.</doc>
<arguments>
<arg>${aElement}</arg>
</arguments>
<status status="PASS" starttime="20200210 17:16:57.841" endtime="20200210 17:16:57.851"></status>
</kw>
<kw name="Click Element" library="SeleniumLibrary">
<doc>Click the element identified by ``locator``.</doc>
<arguments>
<arg>${aElement}</arg>
</arguments>
<msg timestamp="20200210 17:16:57.851" level="INFO">Clicking element 'xpath:/html/body/yrd-root/yrd-login/div[1]/div/form/div[3]/button'.</msg>
<status status="PASS" starttime="20200210 17:16:57.851" endtime="20200210 17:16:57.910"></status>
</kw>
<status status="PASS" starttime="20200210 17:16:57.840" endtime="20200210 17:16:57.910"></status>
</kw>
<status status="PASS" starttime="20200210 17:16:57.827" endtime="20200210 17:16:57.910"></status>
</kw>
<status status="PASS" starttime="20200210 17:16:57.587" endtime="20200210 17:16:57.910"></status>
</kw>
<kw name="Indicar Terminal" library="Login">
<arguments>
<arg>${aTerminal}</arg>
</arguments>
<kw name="Seleccionar Terminal" library="Login">
<arguments>
<arg>${aTerminal}</arg>
</arguments>
<kw name="Capturar Elemento" library="Selenium Proxy">
<arguments>
<arg>${locDdlTerminal}</arg>
</arguments>
<assign>
<var>${ddlTerminal}</var>
</assign>
<kw name="Wait Until Page Contains Element" library="SeleniumLibrary">
<doc>Waits until the element ``locator`` appears on the current page.</doc>
<arguments>
<arg>${aLocator}</arg>
<arg>10 seconds</arg>
</arguments>
<status status="PASS" starttime="20200210 17:16:57.911" endtime="20200210 17:16:58.133"></status>
</kw>
<kw name="Set Variable" library="BuiltIn">
<doc>Returns the given values which can then be assigned to a variables.</doc>
<arguments>
<arg>${aLocator}</arg>
</arguments>
<assign>
<var>${aElement}</var>
</assign>
<msg timestamp="20200210 17:16:58.134" level="INFO">${aElement} = id:selectTerminal</msg>
<status status="PASS" starttime="20200210 17:16:58.133" endtime="20200210 17:16:58.134"></status>
</kw>
<msg timestamp="20200210 17:16:58.134" level="INFO">${ddlTerminal} = id:selectTerminal</msg>
<status status="PASS" starttime="20200210 17:16:57.911" endtime="20200210 17:16:58.134"></status>
</kw>
<kw name="Elegir Opcion Lista Por Valor" library="Selenium Proxy">
<arguments>
<arg>${ddlTerminal}</arg>
<arg>${aValor}</arg>
</arguments>
<kw name="Select From List By Value" library="SeleniumLibrary">
<doc>Selects options from selection list ``locator`` by ``values``.</doc>
<arguments>
<arg>${aElement}</arg>
<arg>${aValue}</arg>
</arguments>
<msg timestamp="20200210 17:16:58.135" level="INFO">Selecting options from selection list 'id:selectTerminal' by value 137.</msg>
<status status="PASS" starttime="20200210 17:16:58.134" endtime="20200210 17:16:58.191"></status>
</kw>
<status status="PASS" starttime="20200210 17:16:58.134" endtime="20200210 17:16:58.191"></status>
</kw>
<status status="PASS" starttime="20200210 17:16:57.911" endtime="20200210 17:16:58.191"></status>
</kw>
<kw name="Presionar Ingresar" library="Login">
<kw name="Capturar Elemento" library="Selenium Proxy">
<arguments>
<arg>${locBtnIngresar}</arg>
</arguments>
<assign>
<var>${btnIngresar}</var>
</assign>
<kw name="Wait Until Page Contains Element" library="SeleniumLibrary">
<doc>Waits until the element ``locator`` appears on the current page.</doc>
<arguments>
<arg>${aLocator}</arg>
<arg>10 seconds</arg>
</arguments>
<status status="PASS" starttime="20200210 17:16:58.192" endtime="20200210 17:16:58.199"></status>
</kw>
<kw name="Set Variable" library="BuiltIn">
<doc>Returns the given values which can then be assigned to a variables.</doc>
<arguments>
<arg>${aLocator}</arg>
</arguments>
<assign>
<var>${aElement}</var>
</assign>
<msg timestamp="20200210 17:16:58.199" level="INFO">${aElement} = xpath:/html/body/yrd-root/yrd-login/div[1]/div/form/div[3]/button</msg>
<status status="PASS" starttime="20200210 17:16:58.199" endtime="20200210 17:16:58.199"></status>
</kw>
<msg timestamp="20200210 17:16:58.199" level="INFO">${btnIngresar} = xpath:/html/body/yrd-root/yrd-login/div[1]/div/form/div[3]/button</msg>
<status status="PASS" starttime="20200210 17:16:58.191" endtime="20200210 17:16:58.199"></status>
</kw>
<kw name="Presionar Boton" library="Selenium Proxy">
<arguments>
<arg>${btnIngresar}</arg>
</arguments>
<kw name="Set Focus To Element" library="SeleniumLibrary">
<doc>Sets the focus to the element identified by ``locator``.</doc>
<arguments>
<arg>${aElement}</arg>
</arguments>
<status status="PASS" starttime="20200210 17:16:58.200" endtime="20200210 17:16:58.214"></status>
</kw>
<kw name="Click Element" library="SeleniumLibrary">
<doc>Click the element identified by ``locator``.</doc>
<arguments>
<arg>${aElement}</arg>
</arguments>
<msg timestamp="20200210 17:16:58.215" level="INFO">Clicking element 'xpath:/html/body/yrd-root/yrd-login/div[1]/div/form/div[3]/button'.</msg>
<status status="PASS" starttime="20200210 17:16:58.214" endtime="20200210 17:16:58.253"></status>
</kw>
<status status="PASS" starttime="20200210 17:16:58.200" endtime="20200210 17:16:58.253"></status>
</kw>
<status status="PASS" starttime="20200210 17:16:58.191" endtime="20200210 17:16:58.253"></status>
</kw>
<status status="PASS" starttime="20200210 17:16:57.911" endtime="20200210 17:16:58.253"></status>
</kw>
<kw name="Guardar Token" library="Login">
<kw name="Sleep" library="BuiltIn">
<doc>Pauses the test executed for the given time.</doc>
<arguments>
<arg>5</arg>
</arguments>
<msg timestamp="20200210 17:17:03.264" level="INFO">Slept 5 seconds</msg>
<status status="PASS" starttime="20200210 17:16:58.253" endtime="20200210 17:17:03.265"></status>
</kw>
<kw name="Devolver valor local storage" library="Selenium Proxy">
<arguments>
<arg>YardToken</arg>
</arguments>
<assign>
<var>${localStorageToken}</var>
</assign>
<kw name="Execute Javascript" library="SeleniumLibrary">
<doc>Executes the given JavaScript code with possible arguments.</doc>
<arguments>
<arg>return window.localStorage.getItem("${aConcepto}")</arg>
</arguments>
<assign>
<var>${valor}</var>
</assign>
<msg timestamp="20200210 17:17:03.266" level="INFO">Executing JavaScript:
return window.localStorage.getItem("YardToken")
Without any arguments.</msg>
<msg timestamp="20200210 17:17:03.271" level="INFO">${valor} = eyJhbGciOiJIUzI1NiIsInR5cCI6IkpXVCJ9.eyJ3b3Jrc2lkIjo4LCJzaXRlaWQiOjIsInNpdGVfYWxpYXMiOjIsInNpdGVfbmFtZSI6IlJvc2FyaW8iLCJzaXRlX3doIjpmYWxzZSwic29jaWQiOjEsInNvY19uYW1lIjoiTERDIEFSR0VOVElOQSBTLkEuIiwidGV...</msg>
<status status="PASS" starttime="20200210 17:17:03.265" endtime="20200210 17:17:03.271"></status>
</kw>
<msg timestamp="20200210 17:17:03.271" level="INFO">${localStorageToken} = eyJhbGciOiJIUzI1NiIsInR5cCI6IkpXVCJ9.eyJ3b3Jrc2lkIjo4LCJzaXRlaWQiOjIsInNpdGVfYWxpYXMiOjIsInNpdGVfbmFtZSI6IlJvc2FyaW8iLCJzaXRlX3doIjpmYWxzZSwic29jaWQiOjEsInNvY19uYW1lIjoiTERDIEFSR0VOVElOQSBTLkEuIiwidGV...</msg>
<status status="PASS" starttime="20200210 17:17:03.265" endtime="20200210 17:17:03.271"></status>
</kw>
<kw name="Catenate" library="BuiltIn">
<doc>Catenates the given items together and returns the resulted string.</doc>
<arguments>
<arg>Bearer</arg>
<arg>${localStorageToken}</arg>
</arguments>
<assign>
<var>${BearerToken}</var>
</assign>
<msg timestamp="20200210 17:17:03.271" level="INFO">${BearerToken} = Bearer eyJhbGciOiJIUzI1NiIsInR5cCI6IkpXVCJ9.eyJ3b3Jrc2lkIjo4LCJzaXRlaWQiOjIsInNpdGVfYWxpYXMiOjIsInNpdGVfbmFtZSI6IlJvc2FyaW8iLCJzaXRlX3doIjpmYWxzZSwic29jaWQiOjEsInNvY19uYW1lIjoiTERDIEFSR0VOVElOQSBTLkEu...</msg>
<status status="PASS" starttime="20200210 17:17:03.271" endtime="20200210 17:17:03.271"></status>
</kw>
<kw name="Set Global Variable" library="BuiltIn">
<doc>Makes a variable available globally in all tests and suites.</doc>
<arguments>
<arg>${gAutToken}</arg>
<arg>${BearerToken}</arg>
</arguments>
<msg timestamp="20200210 17:17:03.272" level="INFO">${gAutToken} = Bearer eyJhbGciOiJIUzI1NiIsInR5cCI6IkpXVCJ9.eyJ3b3Jrc2lkIjo4LCJzaXRlaWQiOjIsInNpdGVfYWxpYXMiOjIsInNpdGVfbmFtZSI6IlJvc2FyaW8iLCJzaXRlX3doIjpmYWxzZSwic29jaWQiOjEsInNvY19uYW1lIjoiTERDIEFSR0VOVElOQSBTLkEu...</msg>
<status status="PASS" starttime="20200210 17:17:03.271" endtime="20200210 17:17:03.272"></status>
</kw>
<status status="PASS" starttime="20200210 17:16:58.253" endtime="20200210 17:17:03.272"></status>
</kw>
<status status="PASS" starttime="20200210 17:16:53.075" endtime="20200210 17:17:03.273"></status>
</kw>
<kw name="Ir a Validar Cupo" library="Menu">
<kw name="Ir a SubMenu Cupo" library="Menu">
<kw name="Seleccionar Opcion Menu o SubMenu" library="Menu">
<arguments>
<arg>${locBtnMenu}</arg>
</arguments>
<kw name="Capturar Elemento" library="Selenium Proxy">
<arguments>
<arg>${NombreMenuOsubMenu}</arg>
</arguments>
<assign>
<var>${btn}</var>
</assign>
<kw name="Wait Until Page Contains Element" library="SeleniumLibrary">
<doc>Waits until the element ``locator`` appears on the current page.</doc>
<arguments>
<arg>${aLocator}</arg>
<arg>10 seconds</arg>
</arguments>
<status status="PASS" starttime="20200210 17:17:03.273" endtime="20200210 17:17:03.283"></status>
</kw>
<kw name="Set Variable" library="BuiltIn">
<doc>Returns the given values which can then be assigned to a variables.</doc>
<arguments>
<arg>${aLocator}</arg>
</arguments>
<assign>
<var>${aElement}</var>
</assign>
<msg timestamp="20200210 17:17:03.283" level="INFO">${aElement} = id:dropdownMenuButton</msg>
<status status="PASS" starttime="20200210 17:17:03.283" endtime="20200210 17:17:03.284"></status>
</kw>
<msg timestamp="20200210 17:17:03.284" level="INFO">${btn} = id:dropdownMenuButton</msg>
<status status="PASS" starttime="20200210 17:17:03.273" endtime="20200210 17:17:03.284"></status>
</kw>
<kw name="Presionar Boton" library="Selenium Proxy">
<arguments>
<arg>${btn}</arg>
</arguments>
<kw name="Set Focus To Element" library="SeleniumLibrary">
<doc>Sets the focus to the element identified by ``locator``.</doc>
<arguments>
<arg>${aElement}</arg>
</arguments>
<status status="PASS" starttime="20200210 17:17:03.284" endtime="20200210 17:17:03.295"></status>
</kw>
<kw name="Click Element" library="SeleniumLibrary">
<doc>Click the element identified by ``locator``.</doc>
<arguments>
<arg>${aElement}</arg>
</arguments>
<msg timestamp="20200210 17:17:03.295" level="INFO">Clicking element 'id:dropdownMenuButton'.</msg>
<status status="PASS" starttime="20200210 17:17:03.295" endtime="20200210 17:17:03.350"></status>
</kw>
<status status="PASS" starttime="20200210 17:17:03.284" endtime="20200210 17:17:03.351"></status>
</kw>
<status status="PASS" starttime="20200210 17:17:03.273" endtime="20200210 17:17:03.351"></status>
</kw>
<kw name="Seleccionar Opcion Menu o SubMenu" library="Menu">
<arguments>
<arg>${locBtnCupo}</arg>
</arguments>
<kw name="Capturar Elemento" library="Selenium Proxy">
<arguments>
<arg>${NombreMenuOsubMenu}</arg>
</arguments>
<assign>
<var>${btn}</var>
</assign>
<kw name="Wait Until Page Contains Element" library="SeleniumLibrary">
<doc>Waits until the element ``locator`` appears on the current page.</doc>
<arguments>
<arg>${aLocator}</arg>
<arg>10 seconds</arg>
</arguments>
<status status="PASS" starttime="20200210 17:17:03.352" endtime="20200210 17:17:03.363"></status>
</kw>
<kw name="Set Variable" library="BuiltIn">
<doc>Returns the given values which can then be assigned to a variables.</doc>
<arguments>
<arg>${aLocator}</arg>
</arguments>
<assign>
<var>${aElement}</var>
</assign>
<msg timestamp="20200210 17:17:03.363" level="INFO">${aElement} = xpath: //*[contains(text(), "Cupo")]</msg>
<status status="PASS" starttime="20200210 17:17:03.363" endtime="20200210 17:17:03.363"></status>
</kw>
<msg timestamp="20200210 17:17:03.363" level="INFO">${btn} = xpath: //*[contains(text(), "Cupo")]</msg>
<status status="PASS" starttime="20200210 17:17:03.351" endtime="20200210 17:17:03.363"></status>
</kw>
<kw name="Presionar Boton" library="Selenium Proxy">
<arguments>
<arg>${btn}</arg>
</arguments>
<kw name="Set Focus To Element" library="SeleniumLibrary">
<doc>Sets the focus to the element identified by ``locator``.</doc>
<arguments>
<arg>${aElement}</arg>
</arguments>
<status status="PASS" starttime="20200210 17:17:03.364" endtime="20200210 17:17:03.375"></status>
</kw>
<kw name="Click Element" library="SeleniumLibrary">
<doc>Click the element identified by ``locator``.</doc>
<arguments>
<arg>${aElement}</arg>
</arguments>
<msg timestamp="20200210 17:17:03.376" level="INFO">Clicking element 'xpath: //*[contains(text(), "Cupo")]'.</msg>
<status status="PASS" starttime="20200210 17:17:03.376" endtime="20200210 17:17:03.421"></status>
</kw>
<status status="PASS" starttime="20200210 17:17:03.363" endtime="20200210 17:17:03.421"></status>
</kw>
<status status="PASS" starttime="20200210 17:17:03.351" endtime="20200210 17:17:03.421"></status>
</kw>
<status status="PASS" starttime="20200210 17:17:03.273" endtime="20200210 17:17:03.421"></status>
</kw>
<kw name="Seleccionar Opcion Menu o SubMenu" library="Menu">
<arguments>
<arg>${locBtnValidarCupo}</arg>
</arguments>
<kw name="Capturar Elemento" library="Selenium Proxy">
<arguments>
<arg>${NombreMenuOsubMenu}</arg>
</arguments>
<assign>
<var>${btn}</var>
</assign>
<kw name="Wait Until Page Contains Element" library="SeleniumLibrary">
<doc>Waits until the element ``locator`` appears on the current page.</doc>
<arguments>
<arg>${aLocator}</arg>
<arg>10 seconds</arg>
</arguments>
<status status="PASS" starttime="20200210 17:17:03.422" endtime="20200210 17:17:03.432"></status>
</kw>
<kw name="Set Variable" library="BuiltIn">
<doc>Returns the given values which can then be assigned to a variables.</doc>
<arguments>
<arg>${aLocator}</arg>
</arguments>
<assign>
<var>${aElement}</var>
</assign>
<msg timestamp="20200210 17:17:03.433" level="INFO">${aElement} = xpath: //*[contains(text(), "Validar Cupo")]</msg>
<status status="PASS" starttime="20200210 17:17:03.433" endtime="20200210 17:17:03.433"></status>
</kw>
<msg timestamp="20200210 17:17:03.433" level="INFO">${btn} = xpath: //*[contains(text(), "Validar Cupo")]</msg>
<status status="PASS" starttime="20200210 17:17:03.421" endtime="20200210 17:17:03.433"></status>
</kw>
<kw name="Presionar Boton" library="Selenium Proxy">
<arguments>
<arg>${btn}</arg>
</arguments>
<kw name="Set Focus To Element" library="SeleniumLibrary">
<doc>Sets the focus to the element identified by ``locator``.</doc>
<arguments>
<arg>${aElement}</arg>
</arguments>
<status status="PASS" starttime="20200210 17:17:03.433" endtime="20200210 17:17:03.446"></status>
</kw>
<kw name="Click Element" library="SeleniumLibrary">
<doc>Click the element identified by ``locator``.</doc>
<arguments>
<arg>${aElement}</arg>
</arguments>
<msg timestamp="20200210 17:17:03.446" level="INFO">Clicking element 'xpath: //*[contains(text(), "Validar Cupo")]'.</msg>
<status status="PASS" starttime="20200210 17:17:03.446" endtime="20200210 17:17:03.800"></status>
</kw>
<status status="PASS" starttime="20200210 17:17:03.433" endtime="20200210 17:17:03.800"></status>
</kw>
<status status="PASS" starttime="20200210 17:17:03.421" endtime="20200210 17:17:03.800"></status>
</kw>
<status status="PASS" starttime="20200210 17:17:03.273" endtime="20200210 17:17:03.800"></status>
</kw>
<status status="PASS" starttime="20200210 17:16:53.074" endtime="20200210 17:17:03.800"></status>
</kw>
<kw name="When Ingresar Carta de porte sin cupo" library="Validar Cupo">
<arguments>
<arg>123456789</arg>
</arguments>
<kw name="Ingresar Documento Porte" library="Validar Cupo">
<arguments>
<arg>${nroDocPorte}</arg>
</arguments>
<kw name="Capturar Elemento" library="Selenium Proxy">
<arguments>
<arg>${locTxtDocPorte}</arg>
</arguments>
<assign>
<var>${txtDocPorte}</var>
</assign>
<kw name="Wait Until Page Contains Element" library="SeleniumLibrary">
<doc>Waits until the element ``locator`` appears on the current page.</doc>
<arguments>
<arg>${aLocator}</arg>
<arg>10 seconds</arg>
</arguments>
<status status="PASS" starttime="20200210 17:17:03.802" endtime="20200210 17:17:03.845"></status>
</kw>
<kw name="Set Variable" library="BuiltIn">
<doc>Returns the given values which can then be assigned to a variables.</doc>
<arguments>
<arg>${aLocator}</arg>
</arguments>
<assign>
<var>${aElement}</var>
</assign>
<msg timestamp="20200210 17:17:03.846" level="INFO">${aElement} = //*[@id="validarCupoSection"]/form/yrd-documento-porte/fieldset/div[1]/div[2]/yrd-texto-mascara-con-etiqueta/div/div/input</msg>
<status status="PASS" starttime="20200210 17:17:03.846" endtime="20200210 17:17:03.846"></status>
</kw>
<msg timestamp="20200210 17:17:03.846" level="INFO">${txtDocPorte} = //*[@id="validarCupoSection"]/form/yrd-documento-porte/fieldset/div[1]/div[2]/yrd-texto-mascara-con-etiqueta/div/div/input</msg>
<status status="PASS" starttime="20200210 17:17:03.801" endtime="20200210 17:17:03.846"></status>
</kw>
<kw name="Ingresar Texto" library="Selenium Proxy">
<arguments>
<arg>${txtDocPorte}</arg>
<arg>${aNroDocPorte}</arg>
</arguments>
<kw name="Set Focus To Element" library="SeleniumLibrary">
<doc>Sets the focus to the element identified by ``locator``.</doc>
<arguments>
<arg>${aElement}</arg>
</arguments>
<status status="PASS" starttime="20200210 17:17:03.847" endtime="20200210 17:17:03.862"></status>
</kw>
<kw name="Input Text" library="SeleniumLibrary">
<doc>Types the given ``text`` into the text field identified by ``locator``.</doc>
<arguments>
<arg>${aElement}</arg>
<arg>${aText}</arg>
</arguments>
<msg timestamp="20200210 17:17:03.863" level="INFO">Typing text '123456789' into text field '//*[@id="validarCupoSection"]/form/yrd-documento-porte/fieldset/div[1]/div[2]/yrd-texto-mascara-con-etiqueta/div/div/input'.</msg>
<status status="PASS" starttime="20200210 17:17:03.862" endtime="20200210 17:17:04.016"></status>
</kw>
<status status="PASS" starttime="20200210 17:17:03.846" endtime="20200210 17:17:04.016"></status>
</kw>
<status status="PASS" starttime="20200210 17:17:03.801" endtime="20200210 17:17:04.016"></status>
</kw>
<kw name="Seleccionar Sin Cupo" library="Validar Cupo">
<kw name="Capturar Elemento" library="Selenium Proxy">
<arguments>
<arg>${locOptSinCupo}</arg>
</arguments>
<assign>
<var>${OptSinCupo}</var>
</assign>
<kw name="Wait Until Page Contains Element" library="SeleniumLibrary">
<doc>Waits until the element ``locator`` appears on the current page.</doc>
<arguments>
<arg>${aLocator}</arg>
<arg>10 seconds</arg>
</arguments>
<status status="PASS" starttime="20200210 17:17:04.017" endtime="20200210 17:17:04.026"></status>
</kw>
<kw name="Set Variable" library="BuiltIn">
<doc>Returns the given values which can then be assigned to a variables.</doc>
<arguments>
<arg>${aLocator}</arg>
</arguments>
<assign>
<var>${aElement}</var>
</assign>
<msg timestamp="20200210 17:17:04.027" level="INFO">${aElement} = //*[@id="radioSinCupo"]</msg>
<status status="PASS" starttime="20200210 17:17:04.026" endtime="20200210 17:17:04.027"></status>
</kw>
<msg timestamp="20200210 17:17:04.027" level="INFO">${OptSinCupo} = //*[@id="radioSinCupo"]</msg>
<status status="PASS" starttime="20200210 17:17:04.017" endtime="20200210 17:17:04.027"></status>
</kw>
<kw name="Presionar Boton" library="Selenium Proxy">
<arguments>
<arg>${OptSinCupo}</arg>
</arguments>
<kw name="Set Focus To Element" library="SeleniumLibrary">
<doc>Sets the focus to the element identified by ``locator``.</doc>
<arguments>
<arg>${aElement}</arg>
</arguments>
<status status="PASS" starttime="20200210 17:17:04.027" endtime="20200210 17:17:04.045"></status>
</kw>
<kw name="Click Element" library="SeleniumLibrary">
<doc>Click the element identified by ``locator``.</doc>
<arguments>
<arg>${aElement}</arg>
</arguments>
<msg timestamp="20200210 17:17:04.046" level="INFO">Clicking element '//*[@id="radioSinCupo"]'.</msg>
<status status="PASS" starttime="20200210 17:17:04.045" endtime="20200210 17:17:04.095"></status>
</kw>
<status status="PASS" starttime="20200210 17:17:04.027" endtime="20200210 17:17:04.095"></status>
</kw>
<status status="PASS" starttime="20200210 17:17:04.016" endtime="20200210 17:17:04.095"></status>
</kw>
<status status="PASS" starttime="20200210 17:17:03.801" endtime="20200210 17:17:04.095"></status>
</kw>
<kw name="AND Cancelar ingreso cupo" library="Validar Cupo">
<kw name="Scrollear Hasta Final Pagina" library="Selenium Proxy">
<kw name="Execute Javascript" library="SeleniumLibrary">
<doc>Executes the given JavaScript code with possible arguments.</doc>
<arguments>
<arg>window.scrollTo(0,document.body.scrollHeight)</arg>
</arguments>
<msg timestamp="20200210 17:17:04.097" level="INFO">Executing JavaScript:
window.scrollTo(0,document.body.scrollHeight)
Without any arguments.</msg>
<status status="PASS" starttime="20200210 17:17:04.096" endtime="20200210 17:17:04.104"></status>
</kw>
<status status="PASS" starttime="20200210 17:17:04.096" endtime="20200210 17:17:04.105"></status>
</kw>
<kw name="Presionar Cancelar" library="Validar Cupo">
<kw name="Capturar Elemento" library="Selenium Proxy">
<arguments>
<arg>${locBtnCancelar}</arg>
</arguments>
<assign>
<var>${btnCancelar}</var>
</assign>
<kw name="Wait Until Page Contains Element" library="SeleniumLibrary">
<doc>Waits until the element ``locator`` appears on the current page.</doc>
<arguments>
<arg>${aLocator}</arg>
<arg>10 seconds</arg>
</arguments>
<status status="PASS" starttime="20200210 17:17:04.105" endtime="20200210 17:17:04.122"></status>
</kw>
<kw name="Set Variable" library="BuiltIn">
<doc>Returns the given values which can then be assigned to a variables.</doc>
<arguments>
<arg>${aLocator}</arg>
</arguments>
<assign>
<var>${aElement}</var>
</assign>
<msg timestamp="20200210 17:17:04.122" level="INFO">${aElement} = //*[@id="validarCupoSection"]/div/div[2]/button[2]</msg>
<status status="PASS" starttime="20200210 17:17:04.122" endtime="20200210 17:17:04.122"></status>
</kw>
<msg timestamp="20200210 17:17:04.122" level="INFO">${btnCancelar} = //*[@id="validarCupoSection"]/div/div[2]/button[2]</msg>
<status status="PASS" starttime="20200210 17:17:04.105" endtime="20200210 17:17:04.122"></status>
</kw>
<kw name="Scrollear Hasta Final Pagina" library="Selenium Proxy">
<kw name="Execute Javascript" library="SeleniumLibrary">
<doc>Executes the given JavaScript code with possible arguments.</doc>
<arguments>
<arg>window.scrollTo(0,document.body.scrollHeight)</arg>
</arguments>
<msg timestamp="20200210 17:17:04.123" level="INFO">Executing JavaScript:
window.scrollTo(0,document.body.scrollHeight)
Without any arguments.</msg>
<status status="PASS" starttime="20200210 17:17:04.123" endtime="20200210 17:17:04.127"></status>
</kw>
<status status="PASS" starttime="20200210 17:17:04.122" endtime="20200210 17:17:04.127"></status>
</kw>
<kw name="Presionar Boton" library="Selenium Proxy">
<arguments>
<arg>${btnCancelar}</arg>
</arguments>
<kw name="Set Focus To Element" library="SeleniumLibrary">
<doc>Sets the focus to the element identified by ``locator``.</doc>
<arguments>
<arg>${aElement}</arg>
</arguments>
<status status="PASS" starttime="20200210 17:17:04.127" endtime="20200210 17:17:04.141"></status>
</kw>
<kw name="Click Element" library="SeleniumLibrary">
<doc>Click the element identified by ``locator``.</doc>
<arguments>
<arg>${aElement}</arg>
</arguments>
<msg timestamp="20200210 17:17:04.141" level="INFO">Clicking element '//*[@id="validarCupoSection"]/div/div[2]/button[2]'.</msg>
<status status="PASS" starttime="20200210 17:17:04.141" endtime="20200210 17:17:04.222"></status>
</kw>
<status status="PASS" starttime="20200210 17:17:04.127" endtime="20200210 17:17:04.222"></status>
</kw>
<status status="PASS" starttime="20200210 17:17:04.105" endtime="20200210 17:17:04.222"></status>
</kw>
<kw name="Presionar No en Confirmacion" library="Validar Cupo">
<kw name="Capturar Elemento" library="Selenium Proxy">
<arguments>
<arg>${locBtnConfNO}</arg>
</arguments>
<assign>
<var>${btnConfNO}</var>
</assign>
<kw name="Wait Until Page Contains Element" library="SeleniumLibrary">
<doc>Waits until the element ``locator`` appears on the current page.</doc>
<arguments>
<arg>${aLocator}</arg>
<arg>10 seconds</arg>
</arguments>
<status status="PASS" starttime="20200210 17:17:04.223" endtime="20200210 17:17:04.235"></status>
</kw>
<kw name="Set Variable" library="BuiltIn">
<doc>Returns the given values which can then be assigned to a variables.</doc>
<arguments>
<arg>${aLocator}</arg>
</arguments>
<assign>
<var>${aElement}</var>
</assign>
<msg timestamp="20200210 17:17:04.236" level="INFO">${aElement} = xpath:/html/body/yrd-root/jaspero-confirmations/jaspero-confirmation/div[2]/div[3]/button[2]</msg>
<status status="PASS" starttime="20200210 17:17:04.236" endtime="20200210 17:17:04.236"></status>
</kw>
<msg timestamp="20200210 17:17:04.236" level="INFO">${btnConfNO} = xpath:/html/body/yrd-root/jaspero-confirmations/jaspero-confirmation/div[2]/div[3]/button[2]</msg>
<status status="PASS" starttime="20200210 17:17:04.222" endtime="20200210 17:17:04.236"></status>
</kw>
<kw name="Presionar Boton" library="Selenium Proxy">
<arguments>
<arg>${btnConfNO}</arg>
</arguments>
<kw name="Set Focus To Element" library="SeleniumLibrary">
<doc>Sets the focus to the element identified by ``locator``.</doc>
<arguments>
<arg>${aElement}</arg>
</arguments>
<status status="PASS" starttime="20200210 17:17:04.237" endtime="20200210 17:17:04.247"></status>
</kw>
<kw name="Click Element" library="SeleniumLibrary">
<doc>Click the element identified by ``locator``.</doc>
<arguments>
<arg>${aElement}</arg>
</arguments>
<msg timestamp="20200210 17:17:04.247" level="INFO">Clicking element 'xpath:/html/body/yrd-root/jaspero-confirmations/jaspero-confirmation/div[2]/div[3]/button[2]'.</msg>
<status status="PASS" starttime="20200210 17:17:04.247" endtime="20200210 17:17:04.304"></status>
</kw>
<status status="PASS" starttime="20200210 17:17:04.236" endtime="20200210 17:17:04.304"></status>
</kw>
<status status="PASS" starttime="20200210 17:17:04.222" endtime="20200210 17:17:04.304"></status>
</kw>
<status status="PASS" starttime="20200210 17:17:04.095" endtime="20200210 17:17:04.304"></status>
</kw>
<kw name="Then El msj debe ser">
<kw name="Cerrar Pantalla" library="Selenium Proxy">
<kw name="Close Browser" library="SeleniumLibrary">
<doc>Closes the current browser.</doc>
<status status="PASS" starttime="20200210 17:17:04.305" endtime="20200210 17:17:06.353"></status>
</kw>
<status status="PASS" starttime="20200210 17:17:04.305" endtime="20200210 17:17:06.353"></status>
</kw>
<status status="PASS" starttime="20200210 17:17:04.305" endtime="20200210 17:17:06.353"></status>
</kw>
<status status="PASS" starttime="20200210 17:16:53.074" endtime="20200210 17:17:06.354" critical="yes"></status>
</test>
<status status="PASS" starttime="20200210 17:16:52.918" endtime="20200210 17:17:06.355"></status>
</suite>
<suite id="s1-s2" name="GestionarCuposToTestTables" source="C:\Users\fabio.olivieri\RobotTesting\RobotScreenplayPatternExample\Tests\UI\Cupo\GestionarCuposToTestTables.robot">
<kw name="Iniciar Aplicacion" library="Login" type="setup">
<arguments>
<arg>${gWebUrlUat}</arg>
<arg>${gBrowserChrome}</arg>
<arg>${gUser}</arg>
<arg>${gContrasenia}</arg>
<arg>${gIDTerminalTimbues}</arg>
</arguments>
<kw name="Abrir Navegador" library="Selenium Proxy">
<arguments>
<arg>${aUrl}</arg>
<arg>${aBrowser}</arg>
</arguments>
<kw name="Open Browser" library="SeleniumLibrary">
<doc>Opens a new browser instance to the optional ``url``.</doc>
<arguments>
<arg>${aURL}</arg>
<arg>${aBrowser}</arg>
</arguments>
<msg timestamp="20200210 17:17:06.374" level="INFO">Opening browser 'headlesschrome' to base url 'http://arrosvmapp313/ldc-yard/login'.</msg>
<status status="PASS" starttime="20200210 17:17:06.374" endtime="20200210 17:17:09.732"></status>
</kw>
<status status="PASS" starttime="20200210 17:17:06.374" endtime="20200210 17:17:09.732"></status>
</kw>
<kw name="Indicar usuario" library="Login">
<arguments>
<arg>${aUsuario}</arg>
<arg>${aContrasenia}</arg>
</arguments>
<kw name="Ingresar Usuario" library="Login">
<arguments>
<arg>${aUsuario}</arg>
</arguments>
<kw name="Capturar Elemento" library="Selenium Proxy">
<arguments>
<arg>${locTxtUsuario}</arg>
</arguments>
<assign>
<var>${txtUsuario}</var>
</assign>
<kw name="Wait Until Page Contains Element" library="SeleniumLibrary">
<doc>Waits until the element ``locator`` appears on the current page.</doc>
<arguments>
<arg>${aLocator}</arg>
<arg>10 seconds</arg>
</arguments>
<status status="PASS" starttime="20200210 17:17:09.734" endtime="20200210 17:17:09.748"></status>
</kw>
<kw name="Set Variable" library="BuiltIn">
<doc>Returns the given values which can then be assigned to a variables.</doc>
<arguments>
<arg>${aLocator}</arg>
</arguments>
<assign>
<var>${aElement}</var>
</assign>
<msg timestamp="20200210 17:17:09.749" level="INFO">${aElement} = id:usuario</msg>
<status status="PASS" starttime="20200210 17:17:09.749" endtime="20200210 17:17:09.749"></status>
</kw>
<msg timestamp="20200210 17:17:09.749" level="INFO">${txtUsuario} = id:usuario</msg>
<status status="PASS" starttime="20200210 17:17:09.733" endtime="20200210 17:17:09.749"></status>
</kw>
<kw name="Ingresar Texto" library="Selenium Proxy">
<arguments>
<arg>${txtUsuario}</arg>
<arg>${aUser}</arg>
</arguments>
<kw name="Set Focus To Element" library="SeleniumLibrary">
<doc>Sets the focus to the element identified by ``locator``.</doc>
<arguments>
<arg>${aElement}</arg>
</arguments>
<status status="PASS" starttime="20200210 17:17:09.749" endtime="20200210 17:17:09.763"></status>
</kw>
<kw name="Input Text" library="SeleniumLibrary">
<doc>Types the given ``text`` into the text field identified by ``locator``.</doc>
<arguments>
<arg>${aElement}</arg>
<arg>${aText}</arg>
</arguments>
<msg timestamp="20200210 17:17:09.764" level="INFO">Typing text 'fabio.olivieri' into text field 'id:usuario'.</msg>
<status status="PASS" starttime="20200210 17:17:09.763" endtime="20200210 17:17:09.852"></status>
</kw>
<status status="PASS" starttime="20200210 17:17:09.749" endtime="20200210 17:17:09.852"></status>
</kw>
<status status="PASS" starttime="20200210 17:17:09.733" endtime="20200210 17:17:09.852"></status>
</kw>
<kw name="Ingresar Contrasenia" library="Login">
<arguments>
<arg>${aContrasenia}</arg>
</arguments>
<kw name="Capturar Elemento" library="Selenium Proxy">
<arguments>
<arg>${locTxtContrasenia}</arg>
</arguments>
<assign>
<var>${txtContrasenia}</var>
</assign>
<kw name="Wait Until Page Contains Element" library="SeleniumLibrary">
<doc>Waits until the element ``locator`` appears on the current page.</doc>
<arguments>
<arg>${aLocator}</arg>
<arg>10 seconds</arg>
</arguments>
<status status="PASS" starttime="20200210 17:17:09.853" endtime="20200210 17:17:09.863"></status>
</kw>
<kw name="Set Variable" library="BuiltIn">
<doc>Returns the given values which can then be assigned to a variables.</doc>
<arguments>
<arg>${aLocator}</arg>
</arguments>
<assign>
<var>${aElement}</var>
</assign>
<msg timestamp="20200210 17:17:09.864" level="INFO">${aElement} = id:contrasenia</msg>
<status status="PASS" starttime="20200210 17:17:09.864" endtime="20200210 17:17:09.864"></status>
</kw>
<msg timestamp="20200210 17:17:09.864" level="INFO">${txtContrasenia} = id:contrasenia</msg>
<status status="PASS" starttime="20200210 17:17:09.853" endtime="20200210 17:17:09.864"></status>
</kw>
<kw name="Ingresar Password" library="Selenium Proxy">
<arguments>
<arg>${txtContrasenia}</arg>
<arg>${aPass}</arg>
</arguments>
<kw name="Set Focus To Element" library="SeleniumLibrary">
<doc>Sets the focus to the element identified by ``locator``.</doc>
<arguments>
<arg>${aElement}</arg>
</arguments>
<status status="PASS" starttime="20200210 17:17:09.865" endtime="20200210 17:17:09.877"></status>
</kw>
<kw name="Input Password" library="SeleniumLibrary">
<doc>Types the given password into the text field identified by ``locator``.</doc>
<arguments>
<arg>${aElement}</arg>
<arg>${aText}</arg>
</arguments>
<msg timestamp="20200210 17:17:09.877" level="INFO">Typing password into text field 'id:contrasenia'.</msg>
<status status="PASS" starttime="20200210 17:17:09.877" endtime="20200210 17:17:09.974"></status>
</kw>
<status status="PASS" starttime="20200210 17:17:09.864" endtime="20200210 17:17:09.974"></status>
</kw>
<status status="PASS" starttime="20200210 17:17:09.853" endtime="20200210 17:17:09.974"></status>
</kw>
<kw name="Presionar Ingresar" library="Login">
<kw name="Capturar Elemento" library="Selenium Proxy">
<arguments>
<arg>${locBtnIngresar}</arg>
</arguments>
<assign>
<var>${btnIngresar}</var>
</assign>
<kw name="Wait Until Page Contains Element" library="SeleniumLibrary">
<doc>Waits until the element ``locator`` appears on the current page.</doc>
<arguments>
<arg>${aLocator}</arg>
<arg>10 seconds</arg>
</arguments>
<status status="PASS" starttime="20200210 17:17:09.974" endtime="20200210 17:17:09.985"></status>
</kw>
<kw name="Set Variable" library="BuiltIn">
<doc>Returns the given values which can then be assigned to a variables.</doc>
<arguments>
<arg>${aLocator}</arg>
</arguments>
<assign>
<var>${aElement}</var>
</assign>
<msg timestamp="20200210 17:17:09.986" level="INFO">${aElement} = xpath:/html/body/yrd-root/yrd-login/div[1]/div/form/div[3]/button</msg>
<status status="PASS" starttime="20200210 17:17:09.985" endtime="20200210 17:17:09.986"></status>
</kw>
<msg timestamp="20200210 17:17:09.986" level="INFO">${btnIngresar} = xpath:/html/body/yrd-root/yrd-login/div[1]/div/form/div[3]/button</msg>
<status status="PASS" starttime="20200210 17:17:09.974" endtime="20200210 17:17:09.986"></status>
</kw>
<kw name="Presionar Boton" library="Selenium Proxy">
<arguments>
<arg>${btnIngresar}</arg>
</arguments>
<kw name="Set Focus To Element" library="SeleniumLibrary">
<doc>Sets the focus to the element identified by ``locator``.</doc>
<arguments>
<arg>${aElement}</arg>
</arguments>
<status status="PASS" starttime="20200210 17:17:09.986" endtime="20200210 17:17:09.997"></status>
</kw>
<kw name="Click Element" library="SeleniumLibrary">
<doc>Click the element identified by ``locator``.</doc>
<arguments>
<arg>${aElement}</arg>
</arguments>
<msg timestamp="20200210 17:17:09.998" level="INFO">Clicking element 'xpath:/html/body/yrd-root/yrd-login/div[1]/div/form/div[3]/button'.</msg>
<status status="PASS" starttime="20200210 17:17:09.997" endtime="20200210 17:17:10.039"></status>
</kw>
<status status="PASS" starttime="20200210 17:17:09.986" endtime="20200210 17:17:10.040"></status>
</kw>
<status status="PASS" starttime="20200210 17:17:09.974" endtime="20200210 17:17:10.040"></status>
</kw>
<status status="PASS" starttime="20200210 17:17:09.732" endtime="20200210 17:17:10.040"></status>
</kw>
<kw name="Indicar Terminal" library="Login">
<arguments>
<arg>${aTerminal}</arg>
</arguments>
<kw name="Seleccionar Terminal" library="Login">
<arguments>
<arg>${aTerminal}</arg>
</arguments>
<kw name="Capturar Elemento" library="Selenium Proxy">
<arguments>
<arg>${locDdlTerminal}</arg>
</arguments>
<assign>
<var>${ddlTerminal}</var>
</assign>
<kw name="Wait Until Page Contains Element" library="SeleniumLibrary">
<doc>Waits until the element ``locator`` appears on the current page.</doc>
<arguments>
<arg>${aLocator}</arg>
<arg>10 seconds</arg>
</arguments>
<status status="PASS" starttime="20200210 17:17:10.041" endtime="20200210 17:17:10.261"></status>
</kw>
<kw name="Set Variable" library="BuiltIn">
<doc>Returns the given values which can then be assigned to a variables.</doc>
<arguments>
<arg>${aLocator}</arg>
</arguments>
<assign>
<var>${aElement}</var>
</assign>
<msg timestamp="20200210 17:17:10.261" level="INFO">${aElement} = id:selectTerminal</msg>
<status status="PASS" starttime="20200210 17:17:10.261" endtime="20200210 17:17:10.261"></status>
</kw>
<msg timestamp="20200210 17:17:10.262" level="INFO">${ddlTerminal} = id:selectTerminal</msg>
<status status="PASS" starttime="20200210 17:17:10.041" endtime="20200210 17:17:10.262"></status>
</kw>
<kw name="Elegir Opcion Lista Por Valor" library="Selenium Proxy">
<arguments>
<arg>${ddlTerminal}</arg>
<arg>${aValor}</arg>
</arguments>
<kw name="Select From List By Value" library="SeleniumLibrary">
<doc>Selects options from selection list ``locator`` by ``values``.</doc>
<arguments>
<arg>${aElement}</arg>
<arg>${aValue}</arg>
</arguments>
<msg timestamp="20200210 17:17:10.263" level="INFO">Selecting options from selection list 'id:selectTerminal' by value 137.</msg>
<status status="PASS" starttime="20200210 17:17:10.262" endtime="20200210 17:17:10.325"></status>
</kw>
<status status="PASS" starttime="20200210 17:17:10.262" endtime="20200210 17:17:10.325"></status>
</kw>
<status status="PASS" starttime="20200210 17:17:10.040" endtime="20200210 17:17:10.325"></status>
</kw>
<kw name="Presionar Ingresar" library="Login">
<kw name="Capturar Elemento" library="Selenium Proxy">
<arguments>
<arg>${locBtnIngresar}</arg>
</arguments>
<assign>
<var>${btnIngresar}</var>
</assign>
<kw name="Wait Until Page Contains Element" library="SeleniumLibrary">
<doc>Waits until the element ``locator`` appears on the current page.</doc>
<arguments>
<arg>${aLocator}</arg>
<arg>10 seconds</arg>
</arguments>
<status status="PASS" starttime="20200210 17:17:10.326" endtime="20200210 17:17:10.333"></status>
</kw>
<kw name="Set Variable" library="BuiltIn">
<doc>Returns the given values which can then be assigned to a variables.</doc>
<arguments>
<arg>${aLocator}</arg>
</arguments>
<assign>
<var>${aElement}</var>
</assign>
<msg timestamp="20200210 17:17:10.333" level="INFO">${aElement} = xpath:/html/body/yrd-root/yrd-login/div[1]/div/form/div[3]/button</msg>
<status status="PASS" starttime="20200210 17:17:10.333" endtime="20200210 17:17:10.334"></status>
</kw>
<msg timestamp="20200210 17:17:10.334" level="INFO">${btnIngresar} = xpath:/html/body/yrd-root/yrd-login/div[1]/div/form/div[3]/button</msg>
<status status="PASS" starttime="20200210 17:17:10.325" endtime="20200210 17:17:10.334"></status>
</kw>
<kw name="Presionar Boton" library="Selenium Proxy">
<arguments>
<arg>${btnIngresar}</arg>
</arguments>
<kw name="Set Focus To Element" library="SeleniumLibrary">
<doc>Sets the focus to the element identified by ``locator``.</doc>
<arguments>
<arg>${aElement}</arg>
</arguments>
<status status="PASS" starttime="20200210 17:17:10.334" endtime="20200210 17:17:10.349"></status>
</kw>
<kw name="Click Element" library="SeleniumLibrary">
<doc>Click the element identified by ``locator``.</doc>
<arguments>
<arg>${aElement}</arg>
</arguments>
<msg timestamp="20200210 17:17:10.350" level="INFO">Clicking element 'xpath:/html/body/yrd-root/yrd-login/div[1]/div/form/div[3]/button'.</msg>
<status status="PASS" starttime="20200210 17:17:10.350" endtime="20200210 17:17:10.403"></status>
</kw>
<status status="PASS" starttime="20200210 17:17:10.334" endtime="20200210 17:17:10.403"></status>
</kw>
<status status="PASS" starttime="20200210 17:17:10.325" endtime="20200210 17:17:10.403"></status>
</kw>
<status status="PASS" starttime="20200210 17:17:10.040" endtime="20200210 17:17:10.403"></status>
</kw>
<kw name="Guardar Token" library="Login">
<kw name="Sleep" library="BuiltIn">
<doc>Pauses the test executed for the given time.</doc>
<arguments>
<arg>5</arg>
</arguments>
<msg timestamp="20200210 17:17:15.419" level="INFO">Slept 5 seconds</msg>
<status status="PASS" starttime="20200210 17:17:10.403" endtime="20200210 17:17:15.419"></status>
</kw>
<kw name="Devolver valor local storage" library="Selenium Proxy">
<arguments>
<arg>YardToken</arg>
</arguments>
<assign>
<var>${localStorageToken}</var>
</assign>
<kw name="Execute Javascript" library="SeleniumLibrary">
<doc>Executes the given JavaScript code with possible arguments.</doc>
<arguments>
<arg>return window.localStorage.getItem("${aConcepto}")</arg>
</arguments>
<assign>
<var>${valor}</var>
</assign>
<msg timestamp="20200210 17:17:15.420" level="INFO">Executing JavaScript:
return window.localStorage.getItem("YardToken")
Without any arguments.</msg>
<msg timestamp="20200210 17:17:15.424" level="INFO">${valor} = eyJhbGciOiJIUzI1NiIsInR5cCI6IkpXVCJ9.eyJ3b3Jrc2lkIjo4LCJzaXRlaWQiOjIsInNpdGVfYWxpYXMiOjIsInNpdGVfbmFtZSI6IlJvc2FyaW8iLCJzaXRlX3doIjpmYWxzZSwic29jaWQiOjEsInNvY19uYW1lIjoiTERDIEFSR0VOVElOQSBTLkEuIiwidGV...</msg>
<status status="PASS" starttime="20200210 17:17:15.419" endtime="20200210 17:17:15.424"></status>
</kw>
<msg timestamp="20200210 17:17:15.425" level="INFO">${localStorageToken} = eyJhbGciOiJIUzI1NiIsInR5cCI6IkpXVCJ9.eyJ3b3Jrc2lkIjo4LCJzaXRlaWQiOjIsInNpdGVfYWxpYXMiOjIsInNpdGVfbmFtZSI6IlJvc2FyaW8iLCJzaXRlX3doIjpmYWxzZSwic29jaWQiOjEsInNvY19uYW1lIjoiTERDIEFSR0VOVElOQSBTLkEuIiwidGV...</msg>
<status status="PASS" starttime="20200210 17:17:15.419" endtime="20200210 17:17:15.425"></status>
</kw>
<kw name="Catenate" library="BuiltIn">
<doc>Catenates the given items together and returns the resulted string.</doc>
<arguments>
<arg>Bearer</arg>
<arg>${localStorageToken}</arg>
</arguments>
<assign>
<var>${BearerToken}</var>
</assign>
<msg timestamp="20200210 17:17:15.425" level="INFO">${BearerToken} = Bearer eyJhbGciOiJIUzI1NiIsInR5cCI6IkpXVCJ9.eyJ3b3Jrc2lkIjo4LCJzaXRlaWQiOjIsInNpdGVfYWxpYXMiOjIsInNpdGVfbmFtZSI6IlJvc2FyaW8iLCJzaXRlX3doIjpmYWxzZSwic29jaWQiOjEsInNvY19uYW1lIjoiTERDIEFSR0VOVElOQSBTLkEu...</msg>
<status status="PASS" starttime="20200210 17:17:15.425" endtime="20200210 17:17:15.425"></status>
</kw>
<kw name="Set Global Variable" library="BuiltIn">
<doc>Makes a variable available globally in all tests and suites.</doc>
<arguments>
<arg>${gAutToken}</arg>
<arg>${BearerToken}</arg>
</arguments>
<msg timestamp="20200210 17:17:15.425" level="INFO">${gAutToken} = Bearer eyJhbGciOiJIUzI1NiIsInR5cCI6IkpXVCJ9.eyJ3b3Jrc2lkIjo4LCJzaXRlaWQiOjIsInNpdGVfYWxpYXMiOjIsInNpdGVfbmFtZSI6IlJvc2FyaW8iLCJzaXRlX3doIjpmYWxzZSwic29jaWQiOjEsInNvY19uYW1lIjoiTERDIEFSR0VOVElOQSBTLkEu...</msg>
<status status="PASS" starttime="20200210 17:17:15.425" endtime="20200210 17:17:15.426"></status>
</kw>
<status status="PASS" starttime="20200210 17:17:10.403" endtime="20200210 17:17:15.426"></status>
</kw>
<status status="PASS" starttime="20200210 17:17:06.374" endtime="20200210 17:17:15.426"></status>
</kw>
<test id="s1-s2-t1" name="TestTable">
<kw name="Ir a Gestionar Cupo" library="Menu">
<kw name="Ir a SubMenu Cupo" library="Menu">
<kw name="Seleccionar Opcion Menu o SubMenu" library="Menu">
<arguments>
<arg>${locBtnMenu}</arg>
</arguments>
<kw name="Capturar Elemento" library="Selenium Proxy">
<arguments>
<arg>${NombreMenuOsubMenu}</arg>
</arguments>
<assign>
<var>${btn}</var>
</assign>
<kw name="Wait Until Page Contains Element" library="SeleniumLibrary">
<doc>Waits until the element ``locator`` appears on the current page.</doc>
<arguments>
<arg>${aLocator}</arg>
<arg>10 seconds</arg>
</arguments>
<status status="PASS" starttime="20200210 17:17:15.427" endtime="20200210 17:17:15.437"></status>
</kw>
<kw name="Set Variable" library="BuiltIn">
<doc>Returns the given values which can then be assigned to a variables.</doc>
<arguments>
<arg>${aLocator}</arg>
</arguments>
<assign>
<var>${aElement}</var>
</assign>
<msg timestamp="20200210 17:17:15.437" level="INFO">${aElement} = id:dropdownMenuButton</msg>
<status status="PASS" starttime="20200210 17:17:15.437" endtime="20200210 17:17:15.437"></status>
</kw>
<msg timestamp="20200210 17:17:15.438" level="INFO">${btn} = id:dropdownMenuButton</msg>
<status status="PASS" starttime="20200210 17:17:15.427" endtime="20200210 17:17:15.438"></status>
</kw>
<kw name="Presionar Boton" library="Selenium Proxy">
<arguments>
<arg>${btn}</arg>
</arguments>
<kw name="Set Focus To Element" library="SeleniumLibrary">
<doc>Sets the focus to the element identified by ``locator``.</doc>
<arguments>
<arg>${aElement}</arg>
</arguments>
<status status="PASS" starttime="20200210 17:17:15.438" endtime="20200210 17:17:15.448"></status>
</kw>
<kw name="Click Element" library="SeleniumLibrary">
<doc>Click the element identified by ``locator``.</doc>
<arguments>
<arg>${aElement}</arg>
</arguments>
<msg timestamp="20200210 17:17:15.449" level="INFO">Clicking element 'id:dropdownMenuButton'.</msg>
<status status="PASS" starttime="20200210 17:17:15.449" endtime="20200210 17:17:15.502"></status>
</kw>
<status status="PASS" starttime="20200210 17:17:15.438" endtime="20200210 17:17:15.502"></status>
</kw>
<status status="PASS" starttime="20200210 17:17:15.427" endtime="20200210 17:17:15.502"></status>
</kw>
<kw name="Seleccionar Opcion Menu o SubMenu" library="Menu">
<arguments>
<arg>${locBtnCupo}</arg>
</arguments>
<kw name="Capturar Elemento" library="Selenium Proxy">
<arguments>
<arg>${NombreMenuOsubMenu}</arg>
</arguments>
<assign>
<var>${btn}</var>
</assign>
<kw name="Wait Until Page Contains Element" library="SeleniumLibrary">
<doc>Waits until the element ``locator`` appears on the current page.</doc>
<arguments>
<arg>${aLocator}</arg>
<arg>10 seconds</arg>
</arguments>
<status status="PASS" starttime="20200210 17:17:15.503" endtime="20200210 17:17:15.514"></status>
</kw>
<kw name="Set Variable" library="BuiltIn">
<doc>Returns the given values which can then be assigned to a variables.</doc>
<arguments>
<arg>${aLocator}</arg>
</arguments>
<assign>
<var>${aElement}</var>
</assign>
<msg timestamp="20200210 17:17:15.515" level="INFO">${aElement} = xpath: //*[contains(text(), "Cupo")]</msg>
<status status="PASS" starttime="20200210 17:17:15.515" endtime="20200210 17:17:15.515"></status>
</kw>
<msg timestamp="20200210 17:17:15.515" level="INFO">${btn} = xpath: //*[contains(text(), "Cupo")]</msg>
<status status="PASS" starttime="20200210 17:17:15.502" endtime="20200210 17:17:15.515"></status>
</kw>
<kw name="Presionar Boton" library="Selenium Proxy">
<arguments>
<arg>${btn}</arg>
</arguments>
<kw name="Set Focus To Element" library="SeleniumLibrary">
<doc>Sets the focus to the element identified by ``locator``.</doc>
<arguments>
<arg>${aElement}</arg>
</arguments>
<status status="PASS" starttime="20200210 17:17:15.515" endtime="20200210 17:17:15.526"></status>
</kw>
<kw name="Click Element" library="SeleniumLibrary">
<doc>Click the element identified by ``locator``.</doc>
<arguments>
<arg>${aElement}</arg>
</arguments>
<msg timestamp="20200210 17:17:15.526" level="INFO">Clicking element 'xpath: //*[contains(text(), "Cupo")]'.</msg>
<status status="PASS" starttime="20200210 17:17:15.526" endtime="20200210 17:17:15.570"></status>
</kw>
<status status="PASS" starttime="20200210 17:17:15.515" endtime="20200210 17:17:15.570"></status>
</kw>
<status status="PASS" starttime="20200210 17:17:15.502" endtime="20200210 17:17:15.570"></status>
</kw>
<status status="PASS" starttime="20200210 17:17:15.427" endtime="20200210 17:17:15.570"></status>
</kw>
<kw name="Seleccionar Opcion Menu o SubMenu" library="Menu">
<arguments>
<arg>${locBtnGestionarCupo}</arg>
</arguments>
<kw name="Capturar Elemento" library="Selenium Proxy">
<arguments>
<arg>${NombreMenuOsubMenu}</arg>
</arguments>
<assign>
<var>${btn}</var>
</assign>
<kw name="Wait Until Page Contains Element" library="SeleniumLibrary">
<doc>Waits until the element ``locator`` appears on the current page.</doc>
<arguments>
<arg>${aLocator}</arg>
<arg>10 seconds</arg>
</arguments>
<status status="PASS" starttime="20200210 17:17:15.571" endtime="20200210 17:17:15.581"></status>
</kw>
<kw name="Set Variable" library="BuiltIn">
<doc>Returns the given values which can then be assigned to a variables.</doc>
<arguments>
<arg>${aLocator}</arg>
</arguments>
<assign>
<var>${aElement}</var>
</assign>
<msg timestamp="20200210 17:17:15.582" level="INFO">${aElement} = xpath: //*[contains(text(), "Gestionar Cupo")]</msg>
<status status="PASS" starttime="20200210 17:17:15.581" endtime="20200210 17:17:15.582"></status>
</kw>
<msg timestamp="20200210 17:17:15.582" level="INFO">${btn} = xpath: //*[contains(text(), "Gestionar Cupo")]</msg>
<status status="PASS" starttime="20200210 17:17:15.570" endtime="20200210 17:17:15.582"></status>
</kw>
<kw name="Presionar Boton" library="Selenium Proxy">
<arguments>
<arg>${btn}</arg>
</arguments>
<kw name="Set Focus To Element" library="SeleniumLibrary">
<doc>Sets the focus to the element identified by ``locator``.</doc>
<arguments>
<arg>${aElement}</arg>
</arguments>
<status status="PASS" starttime="20200210 17:17:15.582" endtime="20200210 17:17:15.594"></status>
</kw>
<kw name="Click Element" library="SeleniumLibrary">
<doc>Click the element identified by ``locator``.</doc>
<arguments>
<arg>${aElement}</arg>
</arguments>
<msg timestamp="20200210 17:17:15.595" level="INFO">Clicking element 'xpath: //*[contains(text(), "Gestionar Cupo")]'.</msg>
<status status="PASS" starttime="20200210 17:17:15.594" endtime="20200210 17:17:15.800"></status>
</kw>
<status status="PASS" starttime="20200210 17:17:15.582" endtime="20200210 17:17:15.800"></status>
</kw>
<status status="PASS" starttime="20200210 17:17:15.570" endtime="20200210 17:17:15.800"></status>
</kw>
<status status="PASS" starttime="20200210 17:17:15.426" endtime="20200210 17:17:15.801"></status>
</kw>
<kw name="Consultar cupo segun doc porte" library="Gestionar Cupos">
<arguments>
<arg>453453453453</arg>
</arguments>
<kw name="Presionar Buscar" library="Gestionar Cupos">
<kw name="Capturar Elemento" library="Selenium Proxy">
<arguments>
<arg>${locBtnBuscar}</arg>
</arguments>
<assign>
<var>${btnBuscar}</var>
</assign>
<kw name="Wait Until Page Contains Element" library="SeleniumLibrary">
<doc>Waits until the element ``locator`` appears on the current page.</doc>
<arguments>
<arg>${aLocator}</arg>
<arg>10 seconds</arg>
</arguments>
<status status="PASS" starttime="20200210 17:17:15.802" endtime="20200210 17:17:15.822"></status>
</kw>
<kw name="Set Variable" library="BuiltIn">
<doc>Returns the given values which can then be assigned to a variables.</doc>
<arguments>
<arg>${aLocator}</arg>
</arguments>
<assign>
<var>${aElement}</var>
</assign>
<msg timestamp="20200210 17:17:15.823" level="INFO">${aElement} = xpath:/html/body/yrd-root/yrd-home/yrd-gestionar-cupos/form/fieldset/yrd-search-form-template/fieldset[1]/div/button[1]</msg>
<status status="PASS" starttime="20200210 17:17:15.822" endtime="20200210 17:17:15.823"></status>
</kw>
<msg timestamp="20200210 17:17:15.823" level="INFO">${btnBuscar} = xpath:/html/body/yrd-root/yrd-home/yrd-gestionar-cupos/form/fieldset/yrd-search-form-template/fieldset[1]/div/button[1]</msg>
<status status="PASS" starttime="20200210 17:17:15.802" endtime="20200210 17:17:15.823"></status>
</kw>
<kw name="Presionar Boton" library="Selenium Proxy">
<arguments>
<arg>${btnBuscar}</arg>
</arguments>
<kw name="Set Focus To Element" library="SeleniumLibrary">
<doc>Sets the focus to the element identified by ``locator``.</doc>
<arguments>
<arg>${aElement}</arg>
</arguments>
<status status="PASS" starttime="20200210 17:17:15.824" endtime="20200210 17:17:15.838"></status>
</kw>
<kw name="Click Element" library="SeleniumLibrary">
<doc>Click the element identified by ``locator``.</doc>
<arguments>
<arg>${aElement}</arg>
</arguments>
<msg timestamp="20200210 17:17:15.839" level="INFO">Clicking element 'xpath:/html/body/yrd-root/yrd-home/yrd-gestionar-cupos/form/fieldset/yrd-search-form-template/fieldset[1]/div/button[1]'.</msg>
<status status="PASS" starttime="20200210 17:17:15.838" endtime="20200210 17:17:15.885"></status>
</kw>
<status status="PASS" starttime="20200210 17:17:15.823" endtime="20200210 17:17:15.886"></status>
</kw>
<status status="PASS" starttime="20200210 17:17:15.801" endtime="20200210 17:17:15.886"></status>
</kw>
<kw name="Sleep" library="BuiltIn">
<doc>Pauses the test executed for the given time.</doc>
<arguments>
<arg>3</arg>
</arguments>
<msg timestamp="20200210 17:17:18.894" level="INFO">Slept 3 seconds</msg>
<status status="PASS" starttime="20200210 17:17:15.886" endtime="20200210 17:17:18.895"></status>
</kw>
<kw name="Obtener Cantidad Filas" library="Gestionar Cupos">
<assign>
<var>${cantFilas}</var>
</assign>
<kw name="Get Element Count" library="SeleniumLibrary">
<doc>Returns the number of elements matching ``locator``.</doc>
<arguments>
<arg>${locFila}</arg>
</arguments>
<assign>
<var>${cantFilas}</var>
</assign>
<msg timestamp="20200210 17:17:18.906" level="INFO">${cantFilas} = 5</msg>
<status status="PASS" starttime="20200210 17:17:18.895" endtime="20200210 17:17:18.906"></status>
</kw>
<msg timestamp="20200210 17:17:18.906" level="INFO">${cantFilas} = 5</msg>
<status status="PASS" starttime="20200210 17:17:18.895" endtime="20200210 17:17:18.906"></status>
</kw>
<kw name="${i} IN RANGE [ 1 | ${cantFilas}+1 ]" type="for">
<kw name="${i} = 1" type="foritem">
<kw name="Obtener Valor Celda" library="Gestionar Cupos">
<arguments>
<arg>${i}</arg>
<arg>4</arg>
</arguments>
<assign>
<var>${celda}</var>
</assign>
<kw name="Catenate" library="BuiltIn">
<doc>Catenates the given items together and returns the resulted string.</doc>
<arguments>
<arg>${locFila}</arg>
<arg>[</arg>
<arg>${aFila}</arg>
<arg>]</arg>
<arg>${locColumna}</arg>
<arg>[</arg>
<arg>${aColumna} ]</arg>
</arguments>
<assign>
<var>${locCelda}</var>
</assign>
<msg timestamp="20200210 17:17:18.907" level="INFO">${locCelda} = xpath:/html/body/yrd-root/yrd-home/yrd-gestionar-cupos/form/fieldset/yrd-search-form-template/fieldset[2]/yrd-data-grid/div/ngx-datatable/div/datatable-body/datatable-selection/datatable-scroller/data...</msg>
<status status="PASS" starttime="20200210 17:17:18.907" endtime="20200210 17:17:18.907"></status>
</kw>
<kw name="Get Text" library="SeleniumLibrary">
<doc>Returns the text value of the element identified by ``locator``.</doc>
<arguments>
<arg>${locCelda}</arg>
</arguments>
<assign>
<var>${celda}</var>
</assign>
<msg timestamp="20200210 17:17:18.931" level="INFO">${celda} = 443534567657</msg>
<status status="PASS" starttime="20200210 17:17:18.907" endtime="20200210 17:17:18.931"></status>
</kw>
<msg timestamp="20200210 17:17:18.931" level="INFO">${celda} = 443534567657</msg>
<status status="PASS" starttime="20200210 17:17:18.907" endtime="20200210 17:17:18.931"></status>
</kw>
<kw name="Exit For Loop If" library="BuiltIn">
<doc>Stops executing the enclosing for loop if the ``condition`` is true.</doc>
<arguments>
<arg>${celda}==${nroDocPorte}</arg>
</arguments>
<status status="PASS" starttime="20200210 17:17:18.931" endtime="20200210 17:17:18.931"></status>
</kw>
<status status="PASS" starttime="20200210 17:17:18.907" endtime="20200210 17:17:18.931"></status>
</kw>
<kw name="${i} = 2" type="foritem">
<kw name="Obtener Valor Celda" library="Gestionar Cupos">
<arguments>
<arg>${i}</arg>
<arg>4</arg>
</arguments>
<assign>
<var>${celda}</var>
</assign>
<kw name="Catenate" library="BuiltIn">
<doc>Catenates the given items together and returns the resulted string.</doc>
<arguments>
<arg>${locFila}</arg>
<arg>[</arg>
<arg>${aFila}</arg>
<arg>]</arg>
<arg>${locColumna}</arg>
<arg>[</arg>
<arg>${aColumna} ]</arg>
</arguments>
<assign>
<var>${locCelda}</var>
</assign>
<msg timestamp="20200210 17:17:18.932" level="INFO">${locCelda} = xpath:/html/body/yrd-root/yrd-home/yrd-gestionar-cupos/form/fieldset/yrd-search-form-template/fieldset[2]/yrd-data-grid/div/ngx-datatable/div/datatable-body/datatable-selection/datatable-scroller/data...</msg>
<status status="PASS" starttime="20200210 17:17:18.932" endtime="20200210 17:17:18.932"></status>
</kw>
<kw name="Get Text" library="SeleniumLibrary">
<doc>Returns the text value of the element identified by ``locator``.</doc>
<arguments>
<arg>${locCelda}</arg>
</arguments>
<assign>
<var>${celda}</var>
</assign>
<msg timestamp="20200210 17:17:18.954" level="INFO">${celda} = 453453453345</msg>
<status status="PASS" starttime="20200210 17:17:18.932" endtime="20200210 17:17:18.954"></status>
</kw>
<msg timestamp="20200210 17:17:18.954" level="INFO">${celda} = 453453453345</msg>
<status status="PASS" starttime="20200210 17:17:18.931" endtime="20200210 17:17:18.954"></status>
</kw>
<kw name="Exit For Loop If" library="BuiltIn">
<doc>Stops executing the enclosing for loop if the ``condition`` is true.</doc>
<arguments>
<arg>${celda}==${nroDocPorte}</arg>
</arguments>
<status status="PASS" starttime="20200210 17:17:18.954" endtime="20200210 17:17:18.955"></status>
</kw>
<status status="PASS" starttime="20200210 17:17:18.931" endtime="20200210 17:17:18.955"></status>
</kw>
<kw name="${i} = 3" type="foritem">
<kw name="Obtener Valor Celda" library="Gestionar Cupos">
<arguments>
<arg>${i}</arg>
<arg>4</arg>
</arguments>
<assign>
<var>${celda}</var>
</assign>
<kw name="Catenate" library="BuiltIn">
<doc>Catenates the given items together and returns the resulted string.</doc>
<arguments>
<arg>${locFila}</arg>
<arg>[</arg>
<arg>${aFila}</arg>
<arg>]</arg>
<arg>${locColumna}</arg>
<arg>[</arg>
<arg>${aColumna} ]</arg>
</arguments>
<assign>
<var>${locCelda}</var>
</assign>
<msg timestamp="20200210 17:17:18.955" level="INFO">${locCelda} = xpath:/html/body/yrd-root/yrd-home/yrd-gestionar-cupos/form/fieldset/yrd-search-form-template/fieldset[2]/yrd-data-grid/div/ngx-datatable/div/datatable-body/datatable-selection/datatable-scroller/data...</msg>
<status status="PASS" starttime="20200210 17:17:18.955" endtime="20200210 17:17:18.956"></status>
</kw>
<kw name="Get Text" library="SeleniumLibrary">
<doc>Returns the text value of the element identified by ``locator``.</doc>
<arguments>
<arg>${locCelda}</arg>
</arguments>
<assign>
<var>${celda}</var>
</assign>
<msg timestamp="20200210 17:17:18.978" level="INFO">${celda} = 453453453453</msg>
<status status="PASS" starttime="20200210 17:17:18.956" endtime="20200210 17:17:18.978"></status>
</kw>
<msg timestamp="20200210 17:17:18.978" level="INFO">${celda} = 453453453453</msg>
<status status="PASS" starttime="20200210 17:17:18.955" endtime="20200210 17:17:18.978"></status>
</kw>
<kw name="Exit For Loop If" library="BuiltIn">
<doc>Stops executing the enclosing for loop if the ``condition`` is true.</doc>
<arguments>
<arg>${celda}==${nroDocPorte}</arg>
</arguments>
<msg timestamp="20200210 17:17:18.979" level="INFO">Exiting for loop altogether.</msg>
<status status="PASS" starttime="20200210 17:17:18.979" endtime="20200210 17:17:18.979"></status>
</kw>
<status status="PASS" starttime="20200210 17:17:18.955" endtime="20200210 17:17:18.979"></status>
</kw>
<status status="PASS" starttime="20200210 17:17:18.906" endtime="20200210 17:17:18.979"></status>
</kw>
<kw name="Seleccionar Fila" library="Gestionar Cupos">
<arguments>
<arg>${i}</arg>
</arguments>
<kw name="Catenate" library="BuiltIn">
<doc>Catenates the given items together and returns the resulted string.</doc>
<arguments>
<arg>${locFila}</arg>
<arg>[</arg>
<arg>${aFila}</arg>
<arg>]</arg>
<arg>${locColumna}</arg>
<arg>[1] ${locCheckbox}</arg>
</arguments>
<assign>
<var>${seleccion}</var>
</assign>
<msg timestamp="20200210 17:17:18.980" level="INFO">${seleccion} = xpath:/html/body/yrd-root/yrd-home/yrd-gestionar-cupos/form/fieldset/yrd-search-form-template/fieldset[2]/yrd-data-grid/div/ngx-datatable/div/datatable-body/datatable-selection/datatable-scroller/data...</msg>
<status status="PASS" starttime="20200210 17:17:18.979" endtime="20200210 17:17:18.980"></status>
</kw>
<kw name="Presionar Boton" library="Selenium Proxy">
<arguments>
<arg>${seleccion}</arg>
</arguments>
<kw name="Set Focus To Element" library="SeleniumLibrary">
<doc>Sets the focus to the element identified by ``locator``.</doc>
<arguments>
<arg>${aElement}</arg>
</arguments>
<status status="PASS" starttime="20200210 17:17:18.980" endtime="20200210 17:17:18.996"></status>
</kw>
<kw name="Click Element" library="SeleniumLibrary">
<doc>Click the element identified by ``locator``.</doc>
<arguments>
<arg>${aElement}</arg>
</arguments>
<msg timestamp="20200210 17:17:18.997" level="INFO">Clicking element 'xpath:/html/body/yrd-root/yrd-home/yrd-gestionar-cupos/form/fieldset/yrd-search-form-template/fieldset[2]/yrd-data-grid/div/ngx-datatable/div/datatable-body/datatable-selection/datatable-scroller/datatable-row-wrapper [ 3 ] /datatable-body-row/div[2]/datatable-body-cell [1] /div/label/input'.</msg>
<status status="PASS" starttime="20200210 17:17:18.996" endtime="20200210 17:17:19.055"></status>
</kw>
<status status="PASS" starttime="20200210 17:17:18.980" endtime="20200210 17:17:19.055"></status>
</kw>
<status status="PASS" starttime="20200210 17:17:18.979" endtime="20200210 17:17:19.055"></status>
</kw>
<kw name="Presionar Consultar" library="Gestionar Cupos">
<kw name="Capturar Elemento" library="Selenium Proxy">
<arguments>
<arg>${locBtnConsultar}</arg>
</arguments>
<assign>
<var>${btnConsultar}</var>
</assign>
<kw name="Wait Until Page Contains Element" library="SeleniumLibrary">
<doc>Waits until the element ``locator`` appears on the current page.</doc>
<arguments>
<arg>${aLocator}</arg>
<arg>10 seconds</arg>
</arguments>
<status status="PASS" starttime="20200210 17:17:19.056" endtime="20200210 17:17:19.067"></status>
</kw>
<kw name="Set Variable" library="BuiltIn">
<doc>Returns the given values which can then be assigned to a variables.</doc>
<arguments>
<arg>${aLocator}</arg>
</arguments>
<assign>
<var>${aElement}</var>
</assign>
<msg timestamp="20200210 17:17:19.068" level="INFO">${aElement} = xpath:/html/body/yrd-root/yrd-home/yrd-gestionar-cupos/form/fieldset/yrd-search-form-template/fieldset[3]/div[2]/button[2]</msg>
<status status="PASS" starttime="20200210 17:17:19.068" endtime="20200210 17:17:19.068"></status>
</kw>
<msg timestamp="20200210 17:17:19.068" level="INFO">${btnConsultar} = xpath:/html/body/yrd-root/yrd-home/yrd-gestionar-cupos/form/fieldset/yrd-search-form-template/fieldset[3]/div[2]/button[2]</msg>
<status status="PASS" starttime="20200210 17:17:19.056" endtime="20200210 17:17:19.068"></status>
</kw>
<kw name="Presionar Boton" library="Selenium Proxy">
<arguments>
<arg>${btnConsultar}</arg>
</arguments>
<kw name="Set Focus To Element" library="SeleniumLibrary">
<doc>Sets the focus to the element identified by ``locator``.</doc>
<arguments>
<arg>${aElement}</arg>
</arguments>
<status status="PASS" starttime="20200210 17:17:19.069" endtime="20200210 17:17:19.082"></status>
</kw>
<kw name="Click Element" library="SeleniumLibrary">
<doc>Click the element identified by ``locator``.</doc>
<arguments>
<arg>${aElement}</arg>
</arguments>
<msg timestamp="20200210 17:17:19.083" level="INFO">Clicking element 'xpath:/html/body/yrd-root/yrd-home/yrd-gestionar-cupos/form/fieldset/yrd-search-form-template/fieldset[3]/div[2]/button[2]'.</msg>
<status status="PASS" starttime="20200210 17:17:19.083" endtime="20200210 17:17:19.387"></status>
</kw>
<status status="PASS" starttime="20200210 17:17:19.069" endtime="20200210 17:17:19.387"></status>
</kw>
<status status="PASS" starttime="20200210 17:17:19.055" endtime="20200210 17:17:19.387"></status>
</kw>
<status status="PASS" starttime="20200210 17:17:15.801" endtime="20200210 17:17:19.387"></status>
</kw>
<status status="PASS" starttime="20200210 17:17:15.426" endtime="20200210 17:17:19.388" critical="yes"></status>
</test>
<kw name="Cerrar Todo" library="Selenium Proxy" type="teardown">
<kw name="Close All Browsers" library="SeleniumLibrary">
<doc>Closes all open browsers and resets the browser cache.</doc>
<status status="PASS" starttime="20200210 17:17:19.389" endtime="20200210 17:17:21.453"></status>
</kw>
<status status="PASS" starttime="20200210 17:17:19.388" endtime="20200210 17:17:21.453"></status>
</kw>
<status status="PASS" starttime="20200210 17:17:06.357" endtime="20200210 17:17:21.453"></status>
</suite>
<suite id="s1-s3" name="IngresarCupoToTestNavegacion" source="C:\Users\fabio.olivieri\RobotTesting\RobotScreenplayPatternExample\Tests\UI\Cupo\IngresarCupoToTestNavegacion.robot">
<kw name="Iniciar Aplicacion" library="Login" type="setup">
<arguments>
<arg>${gWebUrlUat}</arg>
<arg>${gBrowserChrome}</arg>
<arg>${gUser}</arg>
<arg>${gContrasenia}</arg>
<arg>${gIDTerminalTimbues}</arg>
</arguments>
<kw name="Abrir Navegador" library="Selenium Proxy">
<arguments>
<arg>${aUrl}</arg>
<arg>${aBrowser}</arg>
</arguments>
<kw name="Open Browser" library="SeleniumLibrary">
<doc>Opens a new browser instance to the optional ``url``.</doc>
<arguments>
<arg>${aURL}</arg>
<arg>${aBrowser}</arg>
</arguments>
<msg timestamp="20200210 17:17:21.468" level="INFO">Opening browser 'headlesschrome' to base url 'http://arrosvmapp313/ldc-yard/login'.</msg>
<status status="PASS" starttime="20200210 17:17:21.468" endtime="20200210 17:17:25.395"></status>
</kw>
<status status="PASS" starttime="20200210 17:17:21.467" endtime="20200210 17:17:25.395"></status>
</kw>
<kw name="Indicar usuario" library="Login">
<arguments>
<arg>${aUsuario}</arg>
<arg>${aContrasenia}</arg>
</arguments>
<kw name="Ingresar Usuario" library="Login">
<arguments>
<arg>${aUsuario}</arg>
</arguments>
<kw name="Capturar Elemento" library="Selenium Proxy">
<arguments>
<arg>${locTxtUsuario}</arg>
</arguments>
<assign>
<var>${txtUsuario}</var>
</assign>
<kw name="Wait Until Page Contains Element" library="SeleniumLibrary">
<doc>Waits until the element ``locator`` appears on the current page.</doc>
<arguments>
<arg>${aLocator}</arg>
<arg>10 seconds</arg>
</arguments>
<status status="PASS" starttime="20200210 17:17:25.396" endtime="20200210 17:17:25.408"></status>
</kw>
<kw name="Set Variable" library="BuiltIn">
<doc>Returns the given values which can then be assigned to a variables.</doc>
<arguments>
<arg>${aLocator}</arg>
</arguments>
<assign>
<var>${aElement}</var>
</assign>
<msg timestamp="20200210 17:17:25.409" level="INFO">${aElement} = id:usuario</msg>
<status status="PASS" starttime="20200210 17:17:25.409" endtime="20200210 17:17:25.409"></status>
</kw>
<msg timestamp="20200210 17:17:25.409" level="INFO">${txtUsuario} = id:usuario</msg>
<status status="PASS" starttime="20200210 17:17:25.396" endtime="20200210 17:17:25.409"></status>
</kw>
<kw name="Ingresar Texto" library="Selenium Proxy">
<arguments>
<arg>${txtUsuario}</arg>
<arg>${aUser}</arg>
</arguments>
<kw name="Set Focus To Element" library="SeleniumLibrary">
<doc>Sets the focus to the element identified by ``locator``.</doc>
<arguments>
<arg>${aElement}</arg>
</arguments>
<status status="PASS" starttime="20200210 17:17:25.409" endtime="20200210 17:17:25.419"></status>
</kw>
<kw name="Input Text" library="SeleniumLibrary">
<doc>Types the given ``text`` into the text field identified by ``locator``.</doc>
<arguments>
<arg>${aElement}</arg>
<arg>${aText}</arg>
</arguments>
<msg timestamp="20200210 17:17:25.420" level="INFO">Typing text 'fabio.olivieri' into text field 'id:usuario'.</msg>
<status status="PASS" starttime="20200210 17:17:25.419" endtime="20200210 17:17:25.500"></status>
</kw>
<status status="PASS" starttime="20200210 17:17:25.409" endtime="20200210 17:17:25.501"></status>
</kw>
<status status="PASS" starttime="20200210 17:17:25.395" endtime="20200210 17:17:25.501"></status>
</kw>
<kw name="Ingresar Contrasenia" library="Login">
<arguments>
<arg>${aContrasenia}</arg>
</arguments>
<kw name="Capturar Elemento" library="Selenium Proxy">
<arguments>
<arg>${locTxtContrasenia}</arg>
</arguments>
<assign>
<var>${txtContrasenia}</var>
</assign>
<kw name="Wait Until Page Contains Element" library="SeleniumLibrary">
<doc>Waits until the element ``locator`` appears on the current page.</doc>
<arguments>
<arg>${aLocator}</arg>
<arg>10 seconds</arg>
</arguments>
<status status="PASS" starttime="20200210 17:17:25.501" endtime="20200210 17:17:25.511"></status>
</kw>
<kw name="Set Variable" library="BuiltIn">
<doc>Returns the given values which can then be assigned to a variables.</doc>
<arguments>
<arg>${aLocator}</arg>
</arguments>
<assign>
<var>${aElement}</var>
</assign>
<msg timestamp="20200210 17:17:25.511" level="INFO">${aElement} = id:contrasenia</msg>
<status status="PASS" starttime="20200210 17:17:25.511" endtime="20200210 17:17:25.511"></status>
</kw>
<msg timestamp="20200210 17:17:25.512" level="INFO">${txtContrasenia} = id:contrasenia</msg>
<status status="PASS" starttime="20200210 17:17:25.501" endtime="20200210 17:17:25.512"></status>
</kw>
<kw name="Ingresar Password" library="Selenium Proxy">
<arguments>
<arg>${txtContrasenia}</arg>
<arg>${aPass}</arg>
</arguments>
<kw name="Set Focus To Element" library="SeleniumLibrary">
<doc>Sets the focus to the element identified by ``locator``.</doc>
<arguments>
<arg>${aElement}</arg>
</arguments>
<status status="PASS" starttime="20200210 17:17:25.512" endtime="20200210 17:17:25.524"></status>
</kw>
<kw name="Input Password" library="SeleniumLibrary">
<doc>Types the given password into the text field identified by ``locator``.</doc>
<arguments>
<arg>${aElement}</arg>
<arg>${aText}</arg>
</arguments>
<msg timestamp="20200210 17:17:25.524" level="INFO">Typing password into text field 'id:contrasenia'.</msg>
<status status="PASS" starttime="20200210 17:17:25.524" endtime="20200210 17:17:25.610"></status>
</kw>
<status status="PASS" starttime="20200210 17:17:25.512" endtime="20200210 17:17:25.610"></status>
</kw>
<status status="PASS" starttime="20200210 17:17:25.501" endtime="20200210 17:17:25.610"></status>
</kw>
<kw name="Presionar Ingresar" library="Login">
<kw name="Capturar Elemento" library="Selenium Proxy">
<arguments>
<arg>${locBtnIngresar}</arg>
</arguments>
<assign>
<var>${btnIngresar}</var>
</assign>
<kw name="Wait Until Page Contains Element" library="SeleniumLibrary">
<doc>Waits until the element ``locator`` appears on the current page.</doc>
<arguments>
<arg>${aLocator}</arg>
<arg>10 seconds</arg>
</arguments>
<status status="PASS" starttime="20200210 17:17:25.611" endtime="20200210 17:17:25.622"></status>
</kw>
<kw name="Set Variable" library="BuiltIn">
<doc>Returns the given values which can then be assigned to a variables.</doc>
<arguments>
<arg>${aLocator}</arg>
</arguments>
<assign>
<var>${aElement}</var>
</assign>
<msg timestamp="20200210 17:17:25.623" level="INFO">${aElement} = xpath:/html/body/yrd-root/yrd-login/div[1]/div/form/div[3]/button</msg>
<status status="PASS" starttime="20200210 17:17:25.622" endtime="20200210 17:17:25.623"></status>
</kw>
<msg timestamp="20200210 17:17:25.623" level="INFO">${btnIngresar} = xpath:/html/body/yrd-root/yrd-login/div[1]/div/form/div[3]/button</msg>
<status status="PASS" starttime="20200210 17:17:25.611" endtime="20200210 17:17:25.623"></status>
</kw>
<kw name="Presionar Boton" library="Selenium Proxy">
<arguments>
<arg>${btnIngresar}</arg>
</arguments>
<kw name="Set Focus To Element" library="SeleniumLibrary">
<doc>Sets the focus to the element identified by ``locator``.</doc>
<arguments>
<arg>${aElement}</arg>
</arguments>
<status status="PASS" starttime="20200210 17:17:25.623" endtime="20200210 17:17:25.636"></status>
</kw>
<kw name="Click Element" library="SeleniumLibrary">
<doc>Click the element identified by ``locator``.</doc>
<arguments>
<arg>${aElement}</arg>
</arguments>
<msg timestamp="20200210 17:17:25.636" level="INFO">Clicking element 'xpath:/html/body/yrd-root/yrd-login/div[1]/div/form/div[3]/button'.</msg>
<status status="PASS" starttime="20200210 17:17:25.636" endtime="20200210 17:17:25.692"></status>
</kw>
<status status="PASS" starttime="20200210 17:17:25.623" endtime="20200210 17:17:25.692"></status>
</kw>
<status status="PASS" starttime="20200210 17:17:25.610" endtime="20200210 17:17:25.692"></status>
</kw>
<status status="PASS" starttime="20200210 17:17:25.395" endtime="20200210 17:17:25.692"></status>
</kw>
<kw name="Indicar Terminal" library="Login">
<arguments>
<arg>${aTerminal}</arg>
</arguments>
<kw name="Seleccionar Terminal" library="Login">
<arguments>
<arg>${aTerminal}</arg>
</arguments>
<kw name="Capturar Elemento" library="Selenium Proxy">
<arguments>
<arg>${locDdlTerminal}</arg>
</arguments>
<assign>
<var>${ddlTerminal}</var>
</assign>
<kw name="Wait Until Page Contains Element" library="SeleniumLibrary">
<doc>Waits until the element ``locator`` appears on the current page.</doc>
<arguments>
<arg>${aLocator}</arg>
<arg>10 seconds</arg>
[...]
</kw>
<kw name="Ingresar Texto" library="Selenium Proxy">
<arguments>
<arg>${txtUsuario}</arg>
<arg>${aUser}</arg>
</arguments>
<kw name="Set Focus To Element" library="SeleniumLibrary">
<doc>Sets the focus to the element identified by ``locator``.</doc>
<arguments>
<arg>${aElement}</arg>
</arguments>
<status status="PASS" starttime="20200210 17:18:00.709" endtime="20200210 17:18:00.722"></status>
</kw>
<kw name="Input Text" library="SeleniumLibrary">
<doc>Types the given ``text`` into the text field identified by ``locator``.</doc>
<arguments>
<arg>${aElement}</arg>
<arg>${aText}</arg>
</arguments>
<msg timestamp="20200210 17:18:00.722" level="INFO">Typing text 'fabio.olivieri' into text field 'id:usuario'.</msg>
<status status="PASS" starttime="20200210 17:18:00.722" endtime="20200210 17:18:00.812"></status>
</kw>
<status status="PASS" starttime="20200210 17:18:00.709" endtime="20200210 17:18:00.812"></status>
</kw>
<status status="PASS" starttime="20200210 17:18:00.694" endtime="20200210 17:18:00.812"></status>
</kw>
<kw name="Ingresar Contrasenia" library="Login">
<arguments>
<arg>${aContrasenia}</arg>
</arguments>
<kw name="Capturar Elemento" library="Selenium Proxy">
<arguments>
<arg>${locTxtContrasenia}</arg>
</arguments>
<assign>
<var>${txtContrasenia}</var>
</assign>
<kw name="Wait Until Page Contains Element" library="SeleniumLibrary">
<doc>Waits until the element ``locator`` appears on the current page.</doc>
<arguments>
<arg>${aLocator}</arg>
<arg>10 seconds</arg>
</arguments>
<status status="PASS" starttime="20200210 17:18:00.813" endtime="20200210 17:18:00.823"></status>
</kw>
<kw name="Set Variable" library="BuiltIn">
<doc>Returns the given values which can then be assigned to a variables.</doc>
<arguments>
<arg>${aLocator}</arg>
</arguments>
<assign>
<var>${aElement}</var>
</assign>
<msg timestamp="20200210 17:18:00.823" level="INFO">${aElement} = id:contrasenia</msg>
<status status="PASS" starttime="20200210 17:18:00.823" endtime="20200210 17:18:00.823"></status>
</kw>
<msg timestamp="20200210 17:18:00.823" level="INFO">${txtContrasenia} = id:contrasenia</msg>
<status status="PASS" starttime="20200210 17:18:00.813" endtime="20200210 17:18:00.823"></status>
</kw>
<kw name="Ingresar Password" library="Selenium Proxy">
<arguments>
<arg>${txtContrasenia}</arg>
<arg>${aPass}</arg>
</arguments>
<kw name="Set Focus To Element" library="SeleniumLibrary">
<doc>Sets the focus to the element identified by ``locator``.</doc>
<arguments>
<arg>${aElement}</arg>
</arguments>
<status status="PASS" starttime="20200210 17:18:00.824" endtime="20200210 17:18:00.836"></status>
</kw>
<kw name="Input Password" library="SeleniumLibrary">
<doc>Types the given password into the text field identified by ``locator``.</doc>
<arguments>
<arg>${aElement}</arg>
<arg>${aText}</arg>
</arguments>
<msg timestamp="20200210 17:18:00.837" level="INFO">Typing password into text field 'id:contrasenia'.</msg>
<status status="PASS" starttime="20200210 17:18:00.836" endtime="20200210 17:18:00.924"></status>
</kw>
<status status="PASS" starttime="20200210 17:18:00.823" endtime="20200210 17:18:00.924"></status>
</kw>
<status status="PASS" starttime="20200210 17:18:00.813" endtime="20200210 17:18:00.924"></status>
</kw>
<kw name="Presionar Ingresar" library="Login">
<kw name="Capturar Elemento" library="Selenium Proxy">
<arguments>
<arg>${locBtnIngresar}</arg>
</arguments>
<assign>
<var>${btnIngresar}</var>
</assign>
<kw name="Wait Until Page Contains Element" library="SeleniumLibrary">
<doc>Waits until the element ``locator`` appears on the current page.</doc>
<arguments>
<arg>${aLocator}</arg>
<arg>10 seconds</arg>
</arguments>
<status status="PASS" starttime="20200210 17:18:00.925" endtime="20200210 17:18:00.935"></status>
</kw>
<kw name="Set Variable" library="BuiltIn">
<doc>Returns the given values which can then be assigned to a variables.</doc>
<arguments>
<arg>${aLocator}</arg>
</arguments>
<assign>
<var>${aElement}</var>
</assign>
<msg timestamp="20200210 17:18:00.936" level="INFO">${aElement} = xpath:/html/body/yrd-root/yrd-login/div[1]/div/form/div[3]/button</msg>
<status status="PASS" starttime="20200210 17:18:00.935" endtime="20200210 17:18:00.936"></status>
</kw>
<msg timestamp="20200210 17:18:00.936" level="INFO">${btnIngresar} = xpath:/html/body/yrd-root/yrd-login/div[1]/div/form/div[3]/button</msg>
<status status="PASS" starttime="20200210 17:18:00.924" endtime="20200210 17:18:00.936"></status>
</kw>
<kw name="Presionar Boton" library="Selenium Proxy">
<arguments>
<arg>${btnIngresar}</arg>
</arguments>
<kw name="Set Focus To Element" library="SeleniumLibrary">
<doc>Sets the focus to the element identified by ``locator``.</doc>
<arguments>
<arg>${aElement}</arg>
</arguments>
<status status="PASS" starttime="20200210 17:18:00.936" endtime="20200210 17:18:00.946"></status>
</kw>
<kw name="Click Element" library="SeleniumLibrary">
<doc>Click the element identified by ``locator``.</doc>
<arguments>
<arg>${aElement}</arg>
</arguments>
<msg timestamp="20200210 17:18:00.947" level="INFO">Clicking element 'xpath:/html/body/yrd-root/yrd-login/div[1]/div/form/div[3]/button'.</msg>
<status status="PASS" starttime="20200210 17:18:00.947" endtime="20200210 17:18:01.006"></status>
</kw>
<status status="PASS" starttime="20200210 17:18:00.936" endtime="20200210 17:18:01.006"></status>
</kw>
<status status="PASS" starttime="20200210 17:18:00.924" endtime="20200210 17:18:01.006"></status>
</kw>
<status status="PASS" starttime="20200210 17:18:00.693" endtime="20200210 17:18:01.006"></status>
</kw>
<kw name="Validar mensaje" library="Login">
<arguments>
<arg>Credenciales incorrectas</arg>
</arguments>
<kw name="Capturar Elemento" library="Selenium Proxy">
<arguments>
<arg>${locMensajes}</arg>
</arguments>
<assign>
<var>${lblMensaje}</var>
</assign>
<kw name="Wait Until Page Contains Element" library="SeleniumLibrary">
<doc>Waits until the element ``locator`` appears on the current page.</doc>
<arguments>
<arg>${aLocator}</arg>
<arg>10 seconds</arg>
</arguments>
<status status="PASS" starttime="20200210 17:18:01.007" endtime="20200210 17:18:03.304"></status>
</kw>
<kw name="Set Variable" library="BuiltIn">
<doc>Returns the given values which can then be assigned to a variables.</doc>
<arguments>
<arg>${aLocator}</arg>
</arguments>
<assign>
<var>${aElement}</var>
</assign>
<msg timestamp="20200210 17:18:03.304" level="INFO">${aElement} = xpath://*[@id="toast-container"]</msg>
<status status="PASS" starttime="20200210 17:18:03.304" endtime="20200210 17:18:03.304"></status>
</kw>
<msg timestamp="20200210 17:18:03.304" level="INFO">${lblMensaje} = xpath://*[@id="toast-container"]</msg>
<status status="PASS" starttime="20200210 17:18:01.007" endtime="20200210 17:18:03.304"></status>
</kw>
<kw name="Elemento debe contener valor" library="Selenium Proxy">
<arguments>
<arg>${lblMensaje}</arg>
<arg>${aMsj}</arg>
</arguments>
<kw name="Element Should Contain" library="SeleniumLibrary">
<doc>Verifies that element ``locator`` contains text ``expected``.</doc>
<arguments>
<arg>${aLocator}</arg>
<arg>${aValor}</arg>
</arguments>
<msg timestamp="20200210 17:18:03.323" level="INFO">Element 'xpath://*[@id="toast-container"]' contains text 'Credenciales incorrectas'.</msg>
<status status="PASS" starttime="20200210 17:18:03.305" endtime="20200210 17:18:03.323"></status>
</kw>
<status status="PASS" starttime="20200210 17:18:03.304" endtime="20200210 17:18:03.323"></status>
</kw>
<status status="PASS" starttime="20200210 17:18:01.006" endtime="20200210 17:18:03.323"></status>
</kw>
<status status="PASS" starttime="20200210 17:18:00.693" endtime="20200210 17:18:03.323"></status>
</kw>
<status status="PASS" starttime="20200210 17:18:00.692" endtime="20200210 17:18:03.323" critical="yes"></status>
</test>
<test id="s1-s5-t2" name="ok BB">
<kw name="Test Credenciales Incorrectas">
<arguments>
<arg>faboo.olivieri</arg>
<arg>Colorado8888</arg>
</arguments>
<kw name="Indicar usuario" library="Login">
<arguments>
<arg>${usuario}</arg>
<arg>${contrasenia}</arg>
</arguments>
<kw name="Ingresar Usuario" library="Login">
<arguments>
<arg>${aUsuario}</arg>
</arguments>
<kw name="Capturar Elemento" library="Selenium Proxy">
<arguments>
<arg>${locTxtUsuario}</arg>
</arguments>
<assign>
<var>${txtUsuario}</var>
</assign>
<kw name="Wait Until Page Contains Element" library="SeleniumLibrary">
<doc>Waits until the element ``locator`` appears on the current page.</doc>
<arguments>
<arg>${aLocator}</arg>
<arg>10 seconds</arg>
</arguments>
<status status="PASS" starttime="20200210 17:18:03.325" endtime="20200210 17:18:03.333"></status>
</kw>
<kw name="Set Variable" library="BuiltIn">
<doc>Returns the given values which can then be assigned to a variables.</doc>
<arguments>
<arg>${aLocator}</arg>
</arguments>
<assign>
<var>${aElement}</var>
</assign>
<msg timestamp="20200210 17:18:03.334" level="INFO">${aElement} = id:usuario</msg>
<status status="PASS" starttime="20200210 17:18:03.333" endtime="20200210 17:18:03.334"></status>
</kw>
<msg timestamp="20200210 17:18:03.334" level="INFO">${txtUsuario} = id:usuario</msg>
<status status="PASS" starttime="20200210 17:18:03.325" endtime="20200210 17:18:03.334"></status>
</kw>
<kw name="Ingresar Texto" library="Selenium Proxy">
<arguments>
<arg>${txtUsuario}</arg>
<arg>${aUser}</arg>
</arguments>
<kw name="Set Focus To Element" library="SeleniumLibrary">
<doc>Sets the focus to the element identified by ``locator``.</doc>
<arguments>
<arg>${aElement}</arg>
</arguments>
<status status="PASS" starttime="20200210 17:18:03.335" endtime="20200210 17:18:03.347"></status>
</kw>
<kw name="Input Text" library="SeleniumLibrary">
<doc>Types the given ``text`` into the text field identified by ``locator``.</doc>
<arguments>
<arg>${aElement}</arg>
<arg>${aText}</arg>
</arguments>
<msg timestamp="20200210 17:18:03.347" level="INFO">Typing text 'faboo.olivieri' into text field 'id:usuario'.</msg>
<status status="PASS" starttime="20200210 17:18:03.347" endtime="20200210 17:18:03.437"></status>
</kw>
<status status="PASS" starttime="20200210 17:18:03.334" endtime="20200210 17:18:03.437"></status>
</kw>
<status status="PASS" starttime="20200210 17:18:03.325" endtime="20200210 17:18:03.437"></status>
</kw>
<kw name="Ingresar Contrasenia" library="Login">
<arguments>
<arg>${aContrasenia}</arg>
</arguments>
<kw name="Capturar Elemento" library="Selenium Proxy">
<arguments>
<arg>${locTxtContrasenia}</arg>
</arguments>
<assign>
<var>${txtContrasenia}</var>
</assign>
<kw name="Wait Until Page Contains Element" library="SeleniumLibrary">
<doc>Waits until the element ``locator`` appears on the current page.</doc>
<arguments>
<arg>${aLocator}</arg>
<arg>10 seconds</arg>
</arguments>
<status status="PASS" starttime="20200210 17:18:03.438" endtime="20200210 17:18:03.443"></status>
</kw>
<kw name="Set Variable" library="BuiltIn">
<doc>Returns the given values which can then be assigned to a variables.</doc>
<arguments>
<arg>${aLocator}</arg>
</arguments>
<assign>
<var>${aElement}</var>
</assign>
<msg timestamp="20200210 17:18:03.443" level="INFO">${aElement} = id:contrasenia</msg>
<status status="PASS" starttime="20200210 17:18:03.443" endtime="20200210 17:18:03.443"></status>
</kw>
<msg timestamp="20200210 17:18:03.444" level="INFO">${txtContrasenia} = id:contrasenia</msg>
<status status="PASS" starttime="20200210 17:18:03.438" endtime="20200210 17:18:03.444"></status>
</kw>
<kw name="Ingresar Password" library="Selenium Proxy">
<arguments>
<arg>${txtContrasenia}</arg>
<arg>${aPass}</arg>
</arguments>
<kw name="Set Focus To Element" library="SeleniumLibrary">
<doc>Sets the focus to the element identified by ``locator``.</doc>
<arguments>
<arg>${aElement}</arg>
</arguments>
<status status="PASS" starttime="20200210 17:18:03.444" endtime="20200210 17:18:03.454"></status>
</kw>
<kw name="Input Password" library="SeleniumLibrary">
<doc>Types the given password into the text field identified by ``locator``.</doc>
<arguments>
<arg>${aElement}</arg>
<arg>${aText}</arg>
</arguments>
<msg timestamp="20200210 17:18:03.454" level="INFO">Typing password into text field 'id:contrasenia'.</msg>
<status status="PASS" starttime="20200210 17:18:03.454" endtime="20200210 17:18:03.537"></status>
</kw>
<status status="PASS" starttime="20200210 17:18:03.444" endtime="20200210 17:18:03.537"></status>
</kw>
<status status="PASS" starttime="20200210 17:18:03.437" endtime="20200210 17:18:03.537"></status>
</kw>
<kw name="Presionar Ingresar" library="Login">
<kw name="Capturar Elemento" library="Selenium Proxy">
<arguments>
<arg>${locBtnIngresar}</arg>
</arguments>
<assign>
<var>${btnIngresar}</var>
</assign>
<kw name="Wait Until Page Contains Element" library="SeleniumLibrary">
<doc>Waits until the element ``locator`` appears on the current page.</doc>
<arguments>
<arg>${aLocator}</arg>
<arg>10 seconds</arg>
</arguments>
<status status="PASS" starttime="20200210 17:18:03.538" endtime="20200210 17:18:03.546"></status>
</kw>
<kw name="Set Variable" library="BuiltIn">
<doc>Returns the given values which can then be assigned to a variables.</doc>
<arguments>
<arg>${aLocator}</arg>
</arguments>
<assign>
<var>${aElement}</var>
</assign>
<msg timestamp="20200210 17:18:03.546" level="INFO">${aElement} = xpath:/html/body/yrd-root/yrd-login/div[1]/div/form/div[3]/button</msg>
<status status="PASS" starttime="20200210 17:18:03.546" endtime="20200210 17:18:03.547"></status>
</kw>
<msg timestamp="20200210 17:18:03.547" level="INFO">${btnIngresar} = xpath:/html/body/yrd-root/yrd-login/div[1]/div/form/div[3]/button</msg>
<status status="PASS" starttime="20200210 17:18:03.537" endtime="20200210 17:18:03.547"></status>
</kw>
<kw name="Presionar Boton" library="Selenium Proxy">
<arguments>
<arg>${btnIngresar}</arg>
</arguments>
<kw name="Set Focus To Element" library="SeleniumLibrary">
<doc>Sets the focus to the element identified by ``locator``.</doc>
<arguments>
<arg>${aElement}</arg>
</arguments>
<status status="PASS" starttime="20200210 17:18:03.547" endtime="20200210 17:18:03.558"></status>
</kw>
<kw name="Click Element" library="SeleniumLibrary">
<doc>Click the element identified by ``locator``.</doc>
<arguments>
<arg>${aElement}</arg>
</arguments>
<msg timestamp="20200210 17:18:03.559" level="INFO">Clicking element 'xpath:/html/body/yrd-root/yrd-login/div[1]/div/form/div[3]/button'.</msg>
<status status="PASS" starttime="20200210 17:18:03.559" endtime="20200210 17:18:03.599"></status>
</kw>
<status status="PASS" starttime="20200210 17:18:03.547" endtime="20200210 17:18:03.599"></status>
</kw>
<status status="PASS" starttime="20200210 17:18:03.537" endtime="20200210 17:18:03.599"></status>
</kw>
<status status="PASS" starttime="20200210 17:18:03.325" endtime="20200210 17:18:03.599"></status>
</kw>
<kw name="Validar mensaje" library="Login">
<arguments>
<arg>Credenciales incorrectas</arg>
</arguments>
<kw name="Capturar Elemento" library="Selenium Proxy">
<arguments>
<arg>${locMensajes}</arg>
</arguments>
<assign>
<var>${lblMensaje}</var>
</assign>
<kw name="Wait Until Page Contains Element" library="SeleniumLibrary">
<doc>Waits until the element ``locator`` appears on the current page.</doc>
<arguments>
<arg>${aLocator}</arg>
<arg>10 seconds</arg>
</arguments>
<status status="PASS" starttime="20200210 17:18:03.600" endtime="20200210 17:18:03.607"></status>
</kw>
<kw name="Set Variable" library="BuiltIn">
<doc>Returns the given values which can then be assigned to a variables.</doc>
<arguments>
<arg>${aLocator}</arg>
</arguments>
<assign>
<var>${aElement}</var>
</assign>
<msg timestamp="20200210 17:18:03.608" level="INFO">${aElement} = xpath://*[@id="toast-container"]</msg>
<status status="PASS" starttime="20200210 17:18:03.607" endtime="20200210 17:18:03.608"></status>
</kw>
<msg timestamp="20200210 17:18:03.608" level="INFO">${lblMensaje} = xpath://*[@id="toast-container"]</msg>
<status status="PASS" starttime="20200210 17:18:03.600" endtime="20200210 17:18:03.608"></status>
</kw>
<kw name="Elemento debe contener valor" library="Selenium Proxy">
<arguments>
<arg>${lblMensaje}</arg>
<arg>${aMsj}</arg>
</arguments>
<kw name="Element Should Contain" library="SeleniumLibrary">
<doc>Verifies that element ``locator`` contains text ``expected``.</doc>
<arguments>
<arg>${aLocator}</arg>
<arg>${aValor}</arg>
</arguments>
<msg timestamp="20200210 17:18:03.625" level="INFO">Element 'xpath://*[@id="toast-container"]' contains text 'Credenciales incorrectas'.</msg>
<status status="PASS" starttime="20200210 17:18:03.608" endtime="20200210 17:18:03.625"></status>
</kw>
<status status="PASS" starttime="20200210 17:18:03.608" endtime="20200210 17:18:03.626"></status>
</kw>
<status status="PASS" starttime="20200210 17:18:03.599" endtime="20200210 17:18:03.626"></status>
</kw>
<status status="PASS" starttime="20200210 17:18:03.324" endtime="20200210 17:18:03.626"></status>
</kw>
<status status="PASS" starttime="20200210 17:18:03.324" endtime="20200210 17:18:03.626" critical="yes"></status>
</test>
<kw name="Cerrar Todo" library="Selenium Proxy" type="teardown">
<kw name="Close All Browsers" library="SeleniumLibrary">
<doc>Closes all open browsers and resets the browser cache.</doc>
<status status="PASS" starttime="20200210 17:18:03.628" endtime="20200210 17:18:05.706"></status>
</kw>
<status status="PASS" starttime="20200210 17:18:03.627" endtime="20200210 17:18:05.706"></status>
</kw>
<status status="PASS" starttime="20200210 17:17:57.318" endtime="20200210 17:18:05.706"></status>
</suite>
<status status="PASS" starttime="20200210 17:16:52.897" endtime="20200210 17:18:05.709"></status>
</suite>
<statistics>
<total>
<stat pass="7" fail="0">Critical Tests</stat>
<stat pass="7" fail="0">All Tests</stat>
</total>
<tag>
</tag>
<suite>
<stat pass="7" fail="0" id="s1" name="ATDD &amp; GestionarCuposToTestTables &amp; IngresarCupoToTestNavegacion &amp; CorrectCredentialsToTestDataDriverExcel &amp; IncorrectCredentialsToTestDataDriverScript">ATDD &amp; GestionarCuposToTestTables &amp; IngresarCupoToTestNavegacion &amp; CorrectCredentialsToTestDataDriverExcel &amp; IncorrectCredentialsToTestDataDriverScript</stat>
<stat pass="1" fail="0" id="s1-s1" name="ATDD">ATDD &amp; GestionarCuposToTestTables &amp; IngresarCupoToTestNavegacion &amp; CorrectCredentialsToTestDataDriverExcel &amp; IncorrectCredentialsToTestDataDriverScript.ATDD</stat>
<stat pass="1" fail="0" id="s1-s2" name="GestionarCuposToTestTables">ATDD &amp; GestionarCuposToTestTables &amp; IngresarCupoToTestNavegacion &amp; CorrectCredentialsToTestDataDriverExcel &amp; IncorrectCredentialsToTestDataDriverScript.GestionarCuposToTestTables</stat>
<stat pass="1" fail="0" id="s1-s3" name="IngresarCupoToTestNavegacion">ATDD &amp; GestionarCuposToTestTables &amp; IngresarCupoToTestNavegacion &amp; CorrectCredentialsToTestDataDriverExcel &amp; IncorrectCredentialsToTestDataDriverScript.IngresarCupoToTestNavegacion</stat>
<stat pass="2" fail="0" id="s1-s4" name="CorrectCredentialsToTestDataDriverExcel">ATDD &amp; GestionarCuposToTestTables &amp; IngresarCupoToTestNavegacion &amp; CorrectCredentialsToTestDataDriverExcel &amp; IncorrectCredentialsToTestDataDriverScript.CorrectCredentialsToTestDataDriverExcel</stat>
<stat pass="2" fail="0" id="s1-s5" name="IncorrectCredentialsToTestDataDriverScript">ATDD &amp; GestionarCuposToTestTables &amp; IngresarCupoToTestNavegacion &amp; CorrectCredentialsToTestDataDriverExcel &amp; IncorrectCredentialsToTestDataDriverScript.IncorrectCredentialsToTestDataDriverScript</stat>
</suite>
</statistics>
<errors>
<msg timestamp="20200210 17:17:46.012" level="WARN">Multiple test cases with name 'TestLoginWithExcel' executed in test suite 'ATDD &amp; GestionarCuposToTestTables &amp; IngresarCupoToTestNavegacion &amp; CorrectCredentialsToTestDataDriverExcel &amp; IncorrectCredentialsToTestDataDriverScript.CorrectCredentialsToTestDataDriverExcel'.</msg>
</errors>
</robot>
