<?xml version="1.0" encoding="UTF-8"?>
<robot generator="Robot 3.1.2 (Python 3.7.6 on win32)" generated="20200214 10:54:17.357" rpa="false">
<suite id="s1" name="ATDD" source="C:\Users\fabio.olivieri\RobotTesting\RobotScreenplayPatternExample\Tests\UI\Cupo\ATDD.robot">
<test id="s1-t1" name="Scenario: Probar formato ATDD">
<kw name="Given El usuario Administrador ingresa a Gestionar Cupo en UAT para Timbues">
<kw name="Obtener usuario Administrador" library="rol">
<assign>
<var>@{UsuPass}</var>
</assign>
<kw name="Create List" library="BuiltIn">
<doc>Returns a list containing given items.</doc>
<arguments>
<arg>ldc_yard_app_pool_id</arg>
<arg>+qHIe`=R1KkwaT|V0"y,</arg>
</arguments>
<assign>
<var>@{UsuPass}</var>
</assign>
<msg timestamp="20200214 10:54:17.539" level="INFO">@{UsuPass} = [ ldc_yard_app_pool_id | +qHIe`=R1KkwaT|V0"y, ]</msg>
<status status="PASS" starttime="20200214 10:54:17.539" endtime="20200214 10:54:17.539"></status>
</kw>
<msg timestamp="20200214 10:54:17.539" level="INFO">@{UsuPass} = [ ldc_yard_app_pool_id | +qHIe`=R1KkwaT|V0"y, ]</msg>
<status status="PASS" starttime="20200214 10:54:17.538" endtime="20200214 10:54:17.539"></status>
</kw>
<kw name="Iniciar Aplicacion" library="Login">
<arguments>
<arg>${gWebUrlUat}</arg>
<arg>${gBrowserChrome}</arg>
<arg>@{UsuPass}[0]</arg>
<arg>${UsuPass}[1]</arg>
<arg>${gIDTerminalTimbues}</arg>
</arguments>
<kw name="Abrir Navegador" library="Selenium Proxy">
<arguments>
<arg>${aUrl}</arg>
<arg>${aBrowser}</arg>
</arguments>
<kw name="Open Browser" library="SeleniumLibrary">
<doc>Opens a new browser instance to the optional ``url``.</doc>
<arguments>
<arg>${aURL}</arg>
<arg>${aBrowser}</arg>
</arguments>
<msg timestamp="20200214 10:54:17.540" level="INFO">Opening browser 'chrome' to base url 'http://arrosvmapp313/ldc-yard/login'.</msg>
<status status="PASS" starttime="20200214 10:54:17.540" endtime="20200214 10:54:21.655"></status>
</kw>
<status status="PASS" starttime="20200214 10:54:17.540" endtime="20200214 10:54:21.656"></status>
</kw>
<kw name="Indicar usuario" library="Login">
<arguments>
<arg>${aUsuario}</arg>
<arg>${aContrasenia}</arg>
</arguments>
<kw name="Ingresar Usuario" library="Login">
<arguments>
<arg>${aUsuario}</arg>
</arguments>
<kw name="Capturar Elemento" library="Selenium Proxy">
<arguments>
<arg>${locTxtUsuario}</arg>
</arguments>
<assign>
<var>${txtUsuario}</var>
</assign>
<kw name="Wait Until Page Contains Element" library="SeleniumLibrary">
<doc>Waits until the element ``locator`` appears on the current page.</doc>
<arguments>
<arg>${aLocator}</arg>
<arg>10 seconds</arg>
</arguments>
<status status="PASS" starttime="20200214 10:54:21.657" endtime="20200214 10:54:21.668"></status>
</kw>
<kw name="Set Variable" library="BuiltIn">
<doc>Returns the given values which can then be assigned to a variables.</doc>
<arguments>
<arg>${aLocator}</arg>
</arguments>
<assign>
<var>${aElement}</var>
</assign>
<msg timestamp="20200214 10:54:21.668" level="INFO">${aElement} = id:usuario</msg>
<status status="PASS" starttime="20200214 10:54:21.668" endtime="20200214 10:54:21.668"></status>
</kw>
<msg timestamp="20200214 10:54:21.668" level="INFO">${txtUsuario} = id:usuario</msg>
<status status="PASS" starttime="20200214 10:54:21.657" endtime="20200214 10:54:21.668"></status>
</kw>
<kw name="Ingresar Texto" library="Selenium Proxy">
<arguments>
<arg>${txtUsuario}</arg>
<arg>${aUser}</arg>
</arguments>
<kw name="Set Focus To Element" library="SeleniumLibrary">
<doc>Sets the focus to the element identified by ``locator``.</doc>
<arguments>
<arg>${aElement}</arg>
</arguments>
<status status="PASS" starttime="20200214 10:54:21.669" endtime="20200214 10:54:21.679"></status>
</kw>
<kw name="Input Text" library="SeleniumLibrary">
<doc>Types the given ``text`` into the text field identified by ``locator``.</doc>
<arguments>
<arg>${aElement}</arg>
<arg>${aText}</arg>
</arguments>
<msg timestamp="20200214 10:54:21.679" level="INFO">Typing text 'ldc_yard_app_pool_id' into text field 'id:usuario'.</msg>
<status status="PASS" starttime="20200214 10:54:21.679" endtime="20200214 10:54:21.807"></status>
</kw>
<status status="PASS" starttime="20200214 10:54:21.668" endtime="20200214 10:54:21.807"></status>
</kw>
<status status="PASS" starttime="20200214 10:54:21.656" endtime="20200214 10:54:21.807"></status>
</kw>
<kw name="Ingresar Contrasenia" library="Login">
<arguments>
<arg>${aContrasenia}</arg>
</arguments>
<kw name="Capturar Elemento" library="Selenium Proxy">
<arguments>
<arg>${locTxtContrasenia}</arg>
</arguments>
<assign>
<var>${txtContrasenia}</var>
</assign>
<kw name="Wait Until Page Contains Element" library="SeleniumLibrary">
<doc>Waits until the element ``locator`` appears on the current page.</doc>
<arguments>
<arg>${aLocator}</arg>
<arg>10 seconds</arg>
</arguments>
<status status="PASS" starttime="20200214 10:54:21.808" endtime="20200214 10:54:21.817"></status>
</kw>
<kw name="Set Variable" library="BuiltIn">
<doc>Returns the given values which can then be assigned to a variables.</doc>
<arguments>
<arg>${aLocator}</arg>
</arguments>
<assign>
<var>${aElement}</var>
</assign>
<msg timestamp="20200214 10:54:21.818" level="INFO">${aElement} = id:contrasenia</msg>
<status status="PASS" starttime="20200214 10:54:21.818" endtime="20200214 10:54:21.818"></status>
</kw>
<msg timestamp="20200214 10:54:21.818" level="INFO">${txtContrasenia} = id:contrasenia</msg>
<status status="PASS" starttime="20200214 10:54:21.807" endtime="20200214 10:54:21.818"></status>
</kw>
<kw name="Ingresar Password" library="Selenium Proxy">
<arguments>
<arg>${txtContrasenia}</arg>
<arg>${aPass}</arg>
</arguments>
<kw name="Set Focus To Element" library="SeleniumLibrary">
<doc>Sets the focus to the element identified by ``locator``.</doc>
<arguments>
<arg>${aElement}</arg>
</arguments>
<status status="PASS" starttime="20200214 10:54:21.819" endtime="20200214 10:54:21.831"></status>
</kw>
<kw name="Input Password" library="SeleniumLibrary">
<doc>Types the given password into the text field identified by ``locator``.</doc>
<arguments>
<arg>${aElement}</arg>
<arg>${aText}</arg>
</arguments>
<msg timestamp="20200214 10:54:21.832" level="INFO">Typing password into text field 'id:contrasenia'.</msg>
<status status="PASS" starttime="20200214 10:54:21.831" endtime="20200214 10:54:21.946"></status>
</kw>
<status status="PASS" starttime="20200214 10:54:21.818" endtime="20200214 10:54:21.946"></status>
</kw>
<status status="PASS" starttime="20200214 10:54:21.807" endtime="20200214 10:54:21.947"></status>
</kw>
<kw name="Presionar Ingresar" library="Login">
<kw name="Capturar Elemento" library="Selenium Proxy">
<arguments>
<arg>${locBtnIngresar}</arg>
</arguments>
<assign>
<var>${btnIngresar}</var>
</assign>
<kw name="Wait Until Page Contains Element" library="SeleniumLibrary">
<doc>Waits until the element ``locator`` appears on the current page.</doc>
<arguments>
<arg>${aLocator}</arg>
<arg>10 seconds</arg>
</arguments>
<status status="PASS" starttime="20200214 10:54:21.947" endtime="20200214 10:54:21.957"></status>
</kw>
<kw name="Set Variable" library="BuiltIn">
<doc>Returns the given values which can then be assigned to a variables.</doc>
<arguments>
<arg>${aLocator}</arg>
</arguments>
<assign>
<var>${aElement}</var>
</assign>
<msg timestamp="20200214 10:54:21.958" level="INFO">${aElement} = xpath:/html/body/yrd-root/yrd-login/div[1]/div/form/div[3]/button</msg>
<status status="PASS" starttime="20200214 10:54:21.958" endtime="20200214 10:54:21.958"></status>
</kw>
<msg timestamp="20200214 10:54:21.958" level="INFO">${btnIngresar} = xpath:/html/body/yrd-root/yrd-login/div[1]/div/form/div[3]/button</msg>
<status status="PASS" starttime="20200214 10:54:21.947" endtime="20200214 10:54:21.958"></status>
</kw>
<kw name="Presionar Boton" library="Selenium Proxy">
<arguments>
<arg>${btnIngresar}</arg>
</arguments>
<kw name="Set Focus To Element" library="SeleniumLibrary">
<doc>Sets the focus to the element identified by ``locator``.</doc>
<arguments>
<arg>${aElement}</arg>
</arguments>
<status status="PASS" starttime="20200214 10:54:21.958" endtime="20200214 10:54:21.982"></status>
</kw>
<kw name="Click Element" library="SeleniumLibrary">
<doc>Click the element identified by ``locator``.</doc>
<arguments>
<arg>${aElement}</arg>
</arguments>
<msg timestamp="20200214 10:54:21.983" level="INFO">Clicking element 'xpath:/html/body/yrd-root/yrd-login/div[1]/div/form/div[3]/button'.</msg>
<status status="PASS" starttime="20200214 10:54:21.982" endtime="20200214 10:54:22.372"></status>
</kw>
<status status="PASS" starttime="20200214 10:54:21.958" endtime="20200214 10:54:22.372"></status>
</kw>
<status status="PASS" starttime="20200214 10:54:21.947" endtime="20200214 10:54:22.373"></status>
</kw>
<status status="PASS" starttime="20200214 10:54:21.656" endtime="20200214 10:54:22.373"></status>
</kw>
<kw name="Indicar Terminal" library="Login">
<arguments>
<arg>${aTerminal}</arg>
</arguments>
<kw name="Seleccionar Terminal" library="Login">
<arguments>
<arg>${aTerminal}</arg>
</arguments>
<kw name="Capturar Elemento" library="Selenium Proxy">
<arguments>
<arg>${locDdlTerminal}</arg>
</arguments>
<assign>
<var>${ddlTerminal}</var>
</assign>
<kw name="Wait Until Page Contains Element" library="SeleniumLibrary">
<doc>Waits until the element ``locator`` appears on the current page.</doc>
<arguments>
<arg>${aLocator}</arg>
<arg>10 seconds</arg>
</arguments>
<status status="PASS" starttime="20200214 10:54:22.374" endtime="20200214 10:54:22.595"></status>
</kw>
<kw name="Set Variable" library="BuiltIn">
<doc>Returns the given values which can then be assigned to a variables.</doc>
<arguments>
<arg>${aLocator}</arg>
</arguments>
<assign>
<var>${aElement}</var>
</assign>
<msg timestamp="20200214 10:54:22.595" level="INFO">${aElement} = id:selectTerminal</msg>
<status status="PASS" starttime="20200214 10:54:22.595" endtime="20200214 10:54:22.595"></status>
</kw>
<msg timestamp="20200214 10:54:22.595" level="INFO">${ddlTerminal} = id:selectTerminal</msg>
<status status="PASS" starttime="20200214 10:54:22.374" endtime="20200214 10:54:22.595"></status>
</kw>
<kw name="Elegir Opcion Lista Por Valor" library="Selenium Proxy">
<arguments>
<arg>${ddlTerminal}</arg>
<arg>${aValor}</arg>
</arguments>
<kw name="Select From List By Value" library="SeleniumLibrary">
<doc>Selects options from selection list ``locator`` by ``values``.</doc>
<arguments>
<arg>${aElement}</arg>
<arg>${aValue}</arg>
</arguments>
<msg timestamp="20200214 10:54:22.596" level="INFO">Selecting options from selection list 'id:selectTerminal' by value 137.</msg>
<status status="PASS" starttime="20200214 10:54:22.596" endtime="20200214 10:54:22.658"></status>
</kw>
<status status="PASS" starttime="20200214 10:54:22.596" endtime="20200214 10:54:22.658"></status>
</kw>
<status status="PASS" starttime="20200214 10:54:22.373" endtime="20200214 10:54:22.658"></status>
</kw>
<kw name="Presionar Ingresar" library="Login">
<kw name="Capturar Elemento" library="Selenium Proxy">
<arguments>
<arg>${locBtnIngresar}</arg>
</arguments>
<assign>
<var>${btnIngresar}</var>
</assign>
<kw name="Wait Until Page Contains Element" library="SeleniumLibrary">
<doc>Waits until the element ``locator`` appears on the current page.</doc>
<arguments>
<arg>${aLocator}</arg>
<arg>10 seconds</arg>
</arguments>
<status status="PASS" starttime="20200214 10:54:22.659" endtime="20200214 10:54:22.666"></status>
</kw>
<kw name="Set Variable" library="BuiltIn">
<doc>Returns the given values which can then be assigned to a variables.</doc>
<arguments>
<arg>${aLocator}</arg>
</arguments>
<assign>
<var>${aElement}</var>
</assign>
<msg timestamp="20200214 10:54:22.666" level="INFO">${aElement} = xpath:/html/body/yrd-root/yrd-login/div[1]/div/form/div[3]/button</msg>
<status status="PASS" starttime="20200214 10:54:22.666" endtime="20200214 10:54:22.666"></status>
</kw>
<msg timestamp="20200214 10:54:22.666" level="INFO">${btnIngresar} = xpath:/html/body/yrd-root/yrd-login/div[1]/div/form/div[3]/button</msg>
<status status="PASS" starttime="20200214 10:54:22.658" endtime="20200214 10:54:22.666"></status>
</kw>
<kw name="Presionar Boton" library="Selenium Proxy">
<arguments>
<arg>${btnIngresar}</arg>
</arguments>
<kw name="Set Focus To Element" library="SeleniumLibrary">
<doc>Sets the focus to the element identified by ``locator``.</doc>
<arguments>
<arg>${aElement}</arg>
</arguments>
<status status="PASS" starttime="20200214 10:54:22.667" endtime="20200214 10:54:22.693"></status>
</kw>
<kw name="Click Element" library="SeleniumLibrary">
<doc>Click the element identified by ``locator``.</doc>
<arguments>
<arg>${aElement}</arg>
</arguments>
<msg timestamp="20200214 10:54:22.694" level="INFO">Clicking element 'xpath:/html/body/yrd-root/yrd-login/div[1]/div/form/div[3]/button'.</msg>
<status status="PASS" starttime="20200214 10:54:22.693" endtime="20200214 10:54:22.783"></status>
</kw>
<status status="PASS" starttime="20200214 10:54:22.666" endtime="20200214 10:54:22.783"></status>
</kw>
<status status="PASS" starttime="20200214 10:54:22.658" endtime="20200214 10:54:22.783"></status>
</kw>
<status status="PASS" starttime="20200214 10:54:22.373" endtime="20200214 10:54:22.783"></status>
</kw>
<kw name="Guardar Token" library="Login">
<kw name="Sleep" library="BuiltIn">
<doc>Pauses the test executed for the given time.</doc>
<arguments>
<arg>5</arg>
</arguments>
<msg timestamp="20200214 10:54:27.793" level="INFO">Slept 5 seconds</msg>
<status status="PASS" starttime="20200214 10:54:22.783" endtime="20200214 10:54:27.793"></status>
</kw>
<kw name="Devolver valor local storage" library="Selenium Proxy">
<arguments>
<arg>YardToken</arg>
</arguments>
<assign>
<var>${localStorageToken}</var>
</assign>
<kw name="Execute Javascript" library="SeleniumLibrary">
<doc>Executes the given JavaScript code with possible arguments.</doc>
<arguments>
<arg>return window.localStorage.getItem("${aConcepto}")</arg>
</arguments>
<assign>
<var>${valor}</var>
</assign>
<msg timestamp="20200214 10:54:27.794" level="INFO">Executing JavaScript:
return window.localStorage.getItem("YardToken")
Without any arguments.</msg>
<msg timestamp="20200214 10:54:27.800" level="INFO">${valor} = eyJhbGciOiJIUzI1NiIsInR5cCI6IkpXVCJ9.eyJ3b3Jrc2lkIjo4LCJzaXRlaWQiOjIsInNpdGVfYWxpYXMiOjIsInNpdGVfbmFtZSI6IlJvc2FyaW8iLCJzaXRlX3doIjpmYWxzZSwic29jaWQiOjEsInNvY19uYW1lIjoiTERDIEFSR0VOVElOQSBTLkEuIiwidGV...</msg>
<status status="PASS" starttime="20200214 10:54:27.794" endtime="20200214 10:54:27.800"></status>
</kw>
<msg timestamp="20200214 10:54:27.800" level="INFO">${localStorageToken} = eyJhbGciOiJIUzI1NiIsInR5cCI6IkpXVCJ9.eyJ3b3Jrc2lkIjo4LCJzaXRlaWQiOjIsInNpdGVfYWxpYXMiOjIsInNpdGVfbmFtZSI6IlJvc2FyaW8iLCJzaXRlX3doIjpmYWxzZSwic29jaWQiOjEsInNvY19uYW1lIjoiTERDIEFSR0VOVElOQSBTLkEuIiwidGV...</msg>
<status status="PASS" starttime="20200214 10:54:27.793" endtime="20200214 10:54:27.800"></status>
</kw>
<kw name="Catenate" library="BuiltIn">
<doc>Catenates the given items together and returns the resulted string.</doc>
<arguments>
<arg>Bearer</arg>
<arg>${localStorageToken}</arg>
</arguments>
<assign>
<var>${BearerToken}</var>
</assign>
<msg timestamp="20200214 10:54:27.800" level="INFO">${BearerToken} = Bearer eyJhbGciOiJIUzI1NiIsInR5cCI6IkpXVCJ9.eyJ3b3Jrc2lkIjo4LCJzaXRlaWQiOjIsInNpdGVfYWxpYXMiOjIsInNpdGVfbmFtZSI6IlJvc2FyaW8iLCJzaXRlX3doIjpmYWxzZSwic29jaWQiOjEsInNvY19uYW1lIjoiTERDIEFSR0VOVElOQSBTLkEu...</msg>
<status status="PASS" starttime="20200214 10:54:27.800" endtime="20200214 10:54:27.800"></status>
</kw>
<kw name="Set Global Variable" library="BuiltIn">
<doc>Makes a variable available globally in all tests and suites.</doc>
<arguments>
<arg>${gAutToken}</arg>
<arg>${BearerToken}</arg>
</arguments>
<msg timestamp="20200214 10:54:27.801" level="INFO">${gAutToken} = Bearer eyJhbGciOiJIUzI1NiIsInR5cCI6IkpXVCJ9.eyJ3b3Jrc2lkIjo4LCJzaXRlaWQiOjIsInNpdGVfYWxpYXMiOjIsInNpdGVfbmFtZSI6IlJvc2FyaW8iLCJzaXRlX3doIjpmYWxzZSwic29jaWQiOjEsInNvY19uYW1lIjoiTERDIEFSR0VOVElOQSBTLkEu...</msg>
<status status="PASS" starttime="20200214 10:54:27.800" endtime="20200214 10:54:27.801"></status>
</kw>
<status status="PASS" starttime="20200214 10:54:22.783" endtime="20200214 10:54:27.801"></status>
</kw>
<status status="PASS" starttime="20200214 10:54:17.539" endtime="20200214 10:54:27.801"></status>
</kw>
<kw name="Ir a Validar Cupo" library="Menu">
<kw name="Ir a SubMenu Cupo" library="Menu">
<kw name="Seleccionar Opcion Menu o SubMenu" library="Menu">
<arguments>
<arg>${locBtnMenu}</arg>
</arguments>
<kw name="Capturar Elemento" library="Selenium Proxy">
<arguments>
<arg>${NombreMenuOsubMenu}</arg>
</arguments>
<assign>
<var>${btn}</var>
</assign>
<kw name="Wait Until Page Contains Element" library="SeleniumLibrary">
<doc>Waits until the element ``locator`` appears on the current page.</doc>
<arguments>
<arg>${aLocator}</arg>
<arg>10 seconds</arg>
</arguments>
<status status="PASS" starttime="20200214 10:54:27.802" endtime="20200214 10:54:27.812"></status>
</kw>
<kw name="Set Variable" library="BuiltIn">
<doc>Returns the given values which can then be assigned to a variables.</doc>
<arguments>
<arg>${aLocator}</arg>
</arguments>
<assign>
<var>${aElement}</var>
</assign>
<msg timestamp="20200214 10:54:27.813" level="INFO">${aElement} = id:dropdownMenuButton</msg>
<status status="PASS" starttime="20200214 10:54:27.813" endtime="20200214 10:54:27.813"></status>
</kw>
<msg timestamp="20200214 10:54:27.813" level="INFO">${btn} = id:dropdownMenuButton</msg>
<status status="PASS" starttime="20200214 10:54:27.802" endtime="20200214 10:54:27.813"></status>
</kw>
<kw name="Presionar Boton" library="Selenium Proxy">
<arguments>
<arg>${btn}</arg>
</arguments>
<kw name="Set Focus To Element" library="SeleniumLibrary">
<doc>Sets the focus to the element identified by ``locator``.</doc>
<arguments>
<arg>${aElement}</arg>
</arguments>
<status status="PASS" starttime="20200214 10:54:27.814" endtime="20200214 10:54:27.825"></status>
</kw>
<kw name="Click Element" library="SeleniumLibrary">
<doc>Click the element identified by ``locator``.</doc>
<arguments>
<arg>${aElement}</arg>
</arguments>
<msg timestamp="20200214 10:54:27.825" level="INFO">Clicking element 'id:dropdownMenuButton'.</msg>
<status status="PASS" starttime="20200214 10:54:27.825" endtime="20200214 10:54:27.919"></status>
</kw>
<status status="PASS" starttime="20200214 10:54:27.813" endtime="20200214 10:54:27.919"></status>
</kw>
<status status="PASS" starttime="20200214 10:54:27.802" endtime="20200214 10:54:27.919"></status>
</kw>
<kw name="Seleccionar Opcion Menu o SubMenu" library="Menu">
<arguments>
<arg>${locBtnCupo}</arg>
</arguments>
<kw name="Capturar Elemento" library="Selenium Proxy">
<arguments>
<arg>${NombreMenuOsubMenu}</arg>
</arguments>
<assign>
<var>${btn}</var>
</assign>
<kw name="Wait Until Page Contains Element" library="SeleniumLibrary">
<doc>Waits until the element ``locator`` appears on the current page.</doc>
<arguments>
<arg>${aLocator}</arg>
<arg>10 seconds</arg>
</arguments>
<status status="PASS" starttime="20200214 10:54:27.920" endtime="20200214 10:54:27.931"></status>
</kw>
<kw name="Set Variable" library="BuiltIn">
<doc>Returns the given values which can then be assigned to a variables.</doc>
<arguments>
<arg>${aLocator}</arg>
</arguments>
<assign>
<var>${aElement}</var>
</assign>
<msg timestamp="20200214 10:54:27.932" level="INFO">${aElement} = xpath: //*[contains(text(), "Cupo")]</msg>
<status status="PASS" starttime="20200214 10:54:27.931" endtime="20200214 10:54:27.932"></status>
</kw>
<msg timestamp="20200214 10:54:27.932" level="INFO">${btn} = xpath: //*[contains(text(), "Cupo")]</msg>
<status status="PASS" starttime="20200214 10:54:27.920" endtime="20200214 10:54:27.932"></status>
</kw>
<kw name="Presionar Boton" library="Selenium Proxy">
<arguments>
<arg>${btn}</arg>
</arguments>
<kw name="Set Focus To Element" library="SeleniumLibrary">
<doc>Sets the focus to the element identified by ``locator``.</doc>
<arguments>
<arg>${aElement}</arg>
</arguments>
<status status="PASS" starttime="20200214 10:54:27.932" endtime="20200214 10:54:27.945"></status>
</kw>
<kw name="Click Element" library="SeleniumLibrary">
<doc>Click the element identified by ``locator``.</doc>
<arguments>
<arg>${aElement}</arg>
</arguments>
<msg timestamp="20200214 10:54:27.945" level="INFO">Clicking element 'xpath: //*[contains(text(), "Cupo")]'.</msg>
<status status="PASS" starttime="20200214 10:54:27.945" endtime="20200214 10:54:28.553"></status>
</kw>
<status status="PASS" starttime="20200214 10:54:27.932" endtime="20200214 10:54:28.554"></status>
</kw>
<status status="PASS" starttime="20200214 10:54:27.919" endtime="20200214 10:54:28.554"></status>
</kw>
<status status="PASS" starttime="20200214 10:54:27.802" endtime="20200214 10:54:28.554"></status>
</kw>
<kw name="Seleccionar Opcion Menu o SubMenu" library="Menu">
<arguments>
<arg>${locBtnValidarCupo}</arg>
</arguments>
<kw name="Capturar Elemento" library="Selenium Proxy">
<arguments>
<arg>${NombreMenuOsubMenu}</arg>
</arguments>
<assign>
<var>${btn}</var>
</assign>
<kw name="Wait Until Page Contains Element" library="SeleniumLibrary">
<doc>Waits until the element ``locator`` appears on the current page.</doc>
<arguments>
<arg>${aLocator}</arg>
<arg>10 seconds</arg>
</arguments>
<status status="PASS" starttime="20200214 10:54:28.555" endtime="20200214 10:54:28.565"></status>
</kw>
<kw name="Set Variable" library="BuiltIn">
<doc>Returns the given values which can then be assigned to a variables.</doc>
<arguments>
<arg>${aLocator}</arg>
</arguments>
<assign>
<var>${aElement}</var>
</assign>
<msg timestamp="20200214 10:54:28.565" level="INFO">${aElement} = xpath: //*[contains(text(), "Validar Cupo")]</msg>
<status status="PASS" starttime="20200214 10:54:28.565" endtime="20200214 10:54:28.565"></status>
</kw>
<msg timestamp="20200214 10:54:28.566" level="INFO">${btn} = xpath: //*[contains(text(), "Validar Cupo")]</msg>
<status status="PASS" starttime="20200214 10:54:28.554" endtime="20200214 10:54:28.566"></status>
</kw>
<kw name="Presionar Boton" library="Selenium Proxy">
<arguments>
<arg>${btn}</arg>
</arguments>
<kw name="Set Focus To Element" library="SeleniumLibrary">
<doc>Sets the focus to the element identified by ``locator``.</doc>
<arguments>
<arg>${aElement}</arg>
</arguments>
<status status="PASS" starttime="20200214 10:54:28.566" endtime="20200214 10:54:28.576"></status>
</kw>
<kw name="Click Element" library="SeleniumLibrary">
<doc>Click the element identified by ``locator``.</doc>
<arguments>
<arg>${aElement}</arg>
</arguments>
<msg timestamp="20200214 10:54:28.576" level="INFO">Clicking element 'xpath: //*[contains(text(), "Validar Cupo")]'.</msg>
<status status="PASS" starttime="20200214 10:54:28.576" endtime="20200214 10:54:29.457"></status>
</kw>
<status status="PASS" starttime="20200214 10:54:28.566" endtime="20200214 10:54:29.457"></status>
</kw>
<status status="PASS" starttime="20200214 10:54:28.554" endtime="20200214 10:54:29.457"></status>
</kw>
<status status="PASS" starttime="20200214 10:54:27.802" endtime="20200214 10:54:29.457"></status>
</kw>
<status status="PASS" starttime="20200214 10:54:17.538" endtime="20200214 10:54:29.457"></status>
</kw>
<kw name="When Ingresar Carta de porte sin cupo" library="Validar Cupo">
<arguments>
<arg>123456789</arg>
</arguments>
<kw name="Ingresar Documento Porte" library="Validar Cupo">
<arguments>
<arg>${nroDocPorte}</arg>
</arguments>
<kw name="Capturar Elemento" library="Selenium Proxy">
<arguments>
<arg>${locTxtDocPorte}</arg>
</arguments>
<assign>
<var>${txtDocPorte}</var>
</assign>
<kw name="Wait Until Page Contains Element" library="SeleniumLibrary">
<doc>Waits until the element ``locator`` appears on the current page.</doc>
<arguments>
<arg>${aLocator}</arg>
<arg>10 seconds</arg>
</arguments>
<status status="PASS" starttime="20200214 10:54:29.459" endtime="20200214 10:54:29.480"></status>
</kw>
<kw name="Set Variable" library="BuiltIn">
<doc>Returns the given values which can then be assigned to a variables.</doc>
<arguments>
<arg>${aLocator}</arg>
</arguments>
<assign>
<var>${aElement}</var>
</assign>
<msg timestamp="20200214 10:54:29.480" level="INFO">${aElement} = //*[@id="validarCupoSection"]/form/yrd-documento-porte/fieldset/div[1]/div[2]/yrd-texto-mascara-con-etiqueta/div/div/input</msg>
<status status="PASS" starttime="20200214 10:54:29.480" endtime="20200214 10:54:29.480"></status>
</kw>
<msg timestamp="20200214 10:54:29.480" level="INFO">${txtDocPorte} = //*[@id="validarCupoSection"]/form/yrd-documento-porte/fieldset/div[1]/div[2]/yrd-texto-mascara-con-etiqueta/div/div/input</msg>
<status status="PASS" starttime="20200214 10:54:29.458" endtime="20200214 10:54:29.480"></status>
</kw>
<kw name="Ingresar Texto" library="Selenium Proxy">
<arguments>
<arg>${txtDocPorte}</arg>
<arg>${aNroDocPorte}</arg>
</arguments>
<kw name="Set Focus To Element" library="SeleniumLibrary">
<doc>Sets the focus to the element identified by ``locator``.</doc>
<arguments>
<arg>${aElement}</arg>
</arguments>
<status status="PASS" starttime="20200214 10:54:29.481" endtime="20200214 10:54:29.492"></status>
</kw>
<kw name="Input Text" library="SeleniumLibrary">
<doc>Types the given ``text`` into the text field identified by ``locator``.</doc>
<arguments>
<arg>${aElement}</arg>
<arg>${aText}</arg>
</arguments>
<msg timestamp="20200214 10:54:29.492" level="INFO">Typing text '123456789' into text field '//*[@id="validarCupoSection"]/form/yrd-documento-porte/fieldset/div[1]/div[2]/yrd-texto-mascara-con-etiqueta/div/div/input'.</msg>
<status status="PASS" starttime="20200214 10:54:29.492" endtime="20200214 10:54:29.706"></status>
</kw>
<status status="PASS" starttime="20200214 10:54:29.480" endtime="20200214 10:54:29.706"></status>
</kw>
<status status="PASS" starttime="20200214 10:54:29.458" endtime="20200214 10:54:29.706"></status>
</kw>
<kw name="Seleccionar Sin Cupo" library="Validar Cupo">
<kw name="Capturar Elemento" library="Selenium Proxy">
<arguments>
<arg>${locOptSinCupo}</arg>
</arguments>
<assign>
<var>${OptSinCupo}</var>
</assign>
<kw name="Wait Until Page Contains Element" library="SeleniumLibrary">
<doc>Waits until the element ``locator`` appears on the current page.</doc>
<arguments>
<arg>${aLocator}</arg>
<arg>10 seconds</arg>
</arguments>
<status status="PASS" starttime="20200214 10:54:29.706" endtime="20200214 10:54:29.715"></status>
</kw>
<kw name="Set Variable" library="BuiltIn">
<doc>Returns the given values which can then be assigned to a variables.</doc>
<arguments>
<arg>${aLocator}</arg>
</arguments>
<assign>
<var>${aElement}</var>
</assign>
<msg timestamp="20200214 10:54:29.716" level="INFO">${aElement} = //*[@id="radioSinCupo"]</msg>
<status status="PASS" starttime="20200214 10:54:29.716" endtime="20200214 10:54:29.716"></status>
</kw>
<msg timestamp="20200214 10:54:29.716" level="INFO">${OptSinCupo} = //*[@id="radioSinCupo"]</msg>
<status status="PASS" starttime="20200214 10:54:29.706" endtime="20200214 10:54:29.716"></status>
</kw>
<kw name="Presionar Boton" library="Selenium Proxy">
<arguments>
<arg>${OptSinCupo}</arg>
</arguments>
<kw name="Set Focus To Element" library="SeleniumLibrary">
<doc>Sets the focus to the element identified by ``locator``.</doc>
<arguments>
<arg>${aElement}</arg>
</arguments>
<status status="PASS" starttime="20200214 10:54:29.716" endtime="20200214 10:54:29.732"></status>
</kw>
<kw name="Click Element" library="SeleniumLibrary">
<doc>Click the element identified by ``locator``.</doc>
<arguments>
<arg>${aElement}</arg>
</arguments>
<msg timestamp="20200214 10:54:29.732" level="INFO">Clicking element '//*[@id="radioSinCupo"]'.</msg>
<status status="PASS" starttime="20200214 10:54:29.732" endtime="20200214 10:54:30.053"></status>
</kw>
<status status="PASS" starttime="20200214 10:54:29.716" endtime="20200214 10:54:30.053"></status>
</kw>
<status status="PASS" starttime="20200214 10:54:29.706" endtime="20200214 10:54:30.053"></status>
</kw>
<status status="PASS" starttime="20200214 10:54:29.458" endtime="20200214 10:54:30.054"></status>
</kw>
<kw name="AND Cancelar ingreso cupo" library="Validar Cupo">
<kw name="Scrollear Hasta Final Pagina" library="Selenium Proxy">
<kw name="Execute Javascript" library="SeleniumLibrary">
<doc>Executes the given JavaScript code with possible arguments.</doc>
<arguments>
<arg>window.scrollTo(0,document.body.scrollHeight)</arg>
</arguments>
<msg timestamp="20200214 10:54:30.055" level="INFO">Executing JavaScript:
window.scrollTo(0,document.body.scrollHeight)
Without any arguments.</msg>
<status status="PASS" starttime="20200214 10:54:30.055" endtime="20200214 10:54:30.061"></status>
</kw>
<status status="PASS" starttime="20200214 10:54:30.054" endtime="20200214 10:54:30.061"></status>
</kw>
<kw name="Presionar Cancelar" library="Validar Cupo">
<kw name="Capturar Elemento" library="Selenium Proxy">
<arguments>
<arg>${locBtnCancelar}</arg>
</arguments>
<assign>
<var>${btnCancelar}</var>
</assign>
<kw name="Wait Until Page Contains Element" library="SeleniumLibrary">
<doc>Waits until the element ``locator`` appears on the current page.</doc>
<arguments>
<arg>${aLocator}</arg>
<arg>10 seconds</arg>
</arguments>
<status status="PASS" starttime="20200214 10:54:30.062" endtime="20200214 10:54:30.082"></status>
</kw>
<kw name="Set Variable" library="BuiltIn">
<doc>Returns the given values which can then be assigned to a variables.</doc>
<arguments>
<arg>${aLocator}</arg>
</arguments>
<assign>
<var>${aElement}</var>
</assign>
<msg timestamp="20200214 10:54:30.083" level="INFO">${aElement} = //*[@id="validarCupoSection"]/div/div[2]/button[2]</msg>
<status status="PASS" starttime="20200214 10:54:30.083" endtime="20200214 10:54:30.083"></status>
</kw>
<msg timestamp="20200214 10:54:30.084" level="INFO">${btnCancelar} = //*[@id="validarCupoSection"]/div/div[2]/button[2]</msg>
<status status="PASS" starttime="20200214 10:54:30.062" endtime="20200214 10:54:30.084"></status>
</kw>
<kw name="Scrollear Hasta Final Pagina" library="Selenium Proxy">
<kw name="Execute Javascript" library="SeleniumLibrary">
<doc>Executes the given JavaScript code with possible arguments.</doc>
<arguments>
<arg>window.scrollTo(0,document.body.scrollHeight)</arg>
</arguments>
<msg timestamp="20200214 10:54:30.085" level="INFO">Executing JavaScript:
window.scrollTo(0,document.body.scrollHeight)
Without any arguments.</msg>
<status status="PASS" starttime="20200214 10:54:30.084" endtime="20200214 10:54:30.089"></status>
</kw>
<status status="PASS" starttime="20200214 10:54:30.084" endtime="20200214 10:54:30.089"></status>
</kw>
<kw name="Presionar Boton" library="Selenium Proxy">
<arguments>
<arg>${btnCancelar}</arg>
</arguments>
<kw name="Set Focus To Element" library="SeleniumLibrary">
<doc>Sets the focus to the element identified by ``locator``.</doc>
<arguments>
<arg>${aElement}</arg>
</arguments>
<status status="PASS" starttime="20200214 10:54:30.090" endtime="20200214 10:54:30.104"></status>
</kw>
<kw name="Click Element" library="SeleniumLibrary">
<doc>Click the element identified by ``locator``.</doc>
<arguments>
<arg>${aElement}</arg>
</arguments>
<msg timestamp="20200214 10:54:30.104" level="INFO">Clicking element '//*[@id="validarCupoSection"]/div/div[2]/button[2]'.</msg>
<status status="PASS" starttime="20200214 10:54:30.104" endtime="20200214 10:54:30.371"></status>
</kw>
<status status="PASS" starttime="20200214 10:54:30.089" endtime="20200214 10:54:30.372"></status>
</kw>
<status status="PASS" starttime="20200214 10:54:30.061" endtime="20200214 10:54:30.372"></status>
</kw>
<kw name="Presionar No en Confirmacion" library="Validar Cupo">
<kw name="Capturar Elemento" library="Selenium Proxy">
<arguments>
<arg>${locBtnConfNO}</arg>
</arguments>
<assign>
<var>${btnConfNO}</var>
</assign>
<kw name="Wait Until Page Contains Element" library="SeleniumLibrary">
<doc>Waits until the element ``locator`` appears on the current page.</doc>
<arguments>
<arg>${aLocator}</arg>
<arg>10 seconds</arg>
</arguments>
<status status="PASS" starttime="20200214 10:54:30.372" endtime="20200214 10:54:30.382"></status>
</kw>
<kw name="Set Variable" library="BuiltIn">
<doc>Returns the given values which can then be assigned to a variables.</doc>
<arguments>
<arg>${aLocator}</arg>
</arguments>
<assign>
<var>${aElement}</var>
</assign>
<msg timestamp="20200214 10:54:30.383" level="INFO">${aElement} = xpath:/html/body/yrd-root/jaspero-confirmations/jaspero-confirmation/div[2]/div[3]/button[2]</msg>
<status status="PASS" starttime="20200214 10:54:30.382" endtime="20200214 10:54:30.383"></status>
</kw>
<msg timestamp="20200214 10:54:30.383" level="INFO">${btnConfNO} = xpath:/html/body/yrd-root/jaspero-confirmations/jaspero-confirmation/div[2]/div[3]/button[2]</msg>
<status status="PASS" starttime="20200214 10:54:30.372" endtime="20200214 10:54:30.383"></status>
</kw>
<kw name="Presionar Boton" library="Selenium Proxy">
<arguments>
<arg>${btnConfNO}</arg>
</arguments>
<kw name="Set Focus To Element" library="SeleniumLibrary">
<doc>Sets the focus to the element identified by ``locator``.</doc>
<arguments>
<arg>${aElement}</arg>
</arguments>
<status status="PASS" starttime="20200214 10:54:30.383" endtime="20200214 10:54:30.394"></status>
</kw>
<kw name="Click Element" library="SeleniumLibrary">
<doc>Click the element identified by ``locator``.</doc>
<arguments>
<arg>${aElement}</arg>
</arguments>
<msg timestamp="20200214 10:54:30.394" level="INFO">Clicking element 'xpath:/html/body/yrd-root/jaspero-confirmations/jaspero-confirmation/div[2]/div[3]/button[2]'.</msg>
<status status="PASS" starttime="20200214 10:54:30.394" endtime="20200214 10:54:30.484"></status>
</kw>
<status status="PASS" starttime="20200214 10:54:30.383" endtime="20200214 10:54:30.484"></status>
</kw>
<status status="PASS" starttime="20200214 10:54:30.372" endtime="20200214 10:54:30.484"></status>
</kw>
<status status="PASS" starttime="20200214 10:54:30.054" endtime="20200214 10:54:30.484"></status>
</kw>
<kw name="Then El msj debe ser">
<kw name="Cerrar Pantalla" library="Selenium Proxy">
<kw name="Close Browser" library="SeleniumLibrary">
<doc>Closes the current browser.</doc>
<status status="PASS" starttime="20200214 10:54:30.485" endtime="20200214 10:54:32.664"></status>
</kw>
<status status="PASS" starttime="20200214 10:54:30.485" endtime="20200214 10:54:32.665"></status>
</kw>
<status status="PASS" starttime="20200214 10:54:30.484" endtime="20200214 10:54:32.665"></status>
</kw>
<status status="PASS" starttime="20200214 10:54:17.537" endtime="20200214 10:54:32.666" critical="yes"></status>
</test>
<status status="PASS" starttime="20200214 10:54:17.358" endtime="20200214 10:54:32.669"></status>
</suite>
<statistics>
<total>
<stat pass="1" fail="0">Critical Tests</stat>
<stat pass="1" fail="0">All Tests</stat>
</total>
<tag>
</tag>
<suite>
<stat pass="1" fail="0" id="s1" name="ATDD">ATDD</stat>
</suite>
</statistics>
<errors>
</errors>
</robot>
