<?xml version="1.0" encoding="UTF-8"?>
<robot generator="Robot 3.1.2 (Python 3.7.6 on win32)" generated="20200210 17:08:15.007" rpa="false">
<suite id="s1" name="GestionarCuposToTestTables" source="C:\Users\fabio.olivieri\RobotTesting\RobotScreenplayPatternExample\Tests\UI\Cupo\GestionarCuposToTestTables.robot">
<kw name="Iniciar Aplicacion" library="Login" type="setup">
<arguments>
<arg>${gWebUrlUat}</arg>
<arg>${gBrowserChrome}</arg>
<arg>${gUser}</arg>
<arg>${gContrasenia}</arg>
<arg>${gIDTerminalTimbues}</arg>
</arguments>
<kw name="Abrir Navegador" library="Selenium Proxy">
<arguments>
<arg>${aUrl}</arg>
<arg>${aBrowser}</arg>
</arguments>
<kw name="Open Browser" library="SeleniumLibrary">
<doc>Opens a new browser instance to the optional ``url``.</doc>
<arguments>
<arg>${aURL}</arg>
<arg>${aBrowser}</arg>
</arguments>
<msg timestamp="20200210 17:08:15.181" level="INFO">Opening browser 'chrome' to base url 'http://arrosvmapp313/ldc-yard/login'.</msg>
<status status="PASS" starttime="20200210 17:08:15.181" endtime="20200210 17:08:19.999"></status>
</kw>
<status status="PASS" starttime="20200210 17:08:15.180" endtime="20200210 17:08:19.999"></status>
</kw>
<kw name="Indicar usuario" library="Login">
<arguments>
<arg>${aUsuario}</arg>
<arg>${aContrasenia}</arg>
</arguments>
<kw name="Ingresar Usuario" library="Login">
<arguments>
<arg>${aUsuario}</arg>
</arguments>
<kw name="Capturar Elemento" library="Selenium Proxy">
<arguments>
<arg>${locTxtUsuario}</arg>
</arguments>
<assign>
<var>${txtUsuario}</var>
</assign>
<kw name="Wait Until Page Contains Element" library="SeleniumLibrary">
<doc>Waits until the element ``locator`` appears on the current page.</doc>
<arguments>
<arg>${aLocator}</arg>
<arg>10 seconds</arg>
</arguments>
<status status="PASS" starttime="20200210 17:08:20.002" endtime="20200210 17:08:20.015"></status>
</kw>
<kw name="Set Variable" library="BuiltIn">
<doc>Returns the given values which can then be assigned to a variables.</doc>
<arguments>
<arg>${aLocator}</arg>
</arguments>
<assign>
<var>${aElement}</var>
</assign>
<msg timestamp="20200210 17:08:20.016" level="INFO">${aElement} = id:usuario</msg>
<status status="PASS" starttime="20200210 17:08:20.016" endtime="20200210 17:08:20.016"></status>
</kw>
<msg timestamp="20200210 17:08:20.016" level="INFO">${txtUsuario} = id:usuario</msg>
<status status="PASS" starttime="20200210 17:08:20.001" endtime="20200210 17:08:20.016"></status>
</kw>
<kw name="Ingresar Texto" library="Selenium Proxy">
<arguments>
<arg>${txtUsuario}</arg>
<arg>${aUser}</arg>
</arguments>
<kw name="Set Focus To Element" library="SeleniumLibrary">
<doc>Sets the focus to the element identified by ``locator``.</doc>
<arguments>
<arg>${aElement}</arg>
</arguments>
<status status="PASS" starttime="20200210 17:08:20.017" endtime="20200210 17:08:20.027"></status>
</kw>
<kw name="Input Text" library="SeleniumLibrary">
<doc>Types the given ``text`` into the text field identified by ``locator``.</doc>
<arguments>
<arg>${aElement}</arg>
<arg>${aText}</arg>
</arguments>
<msg timestamp="20200210 17:08:20.028" level="INFO">Typing text 'fabio.olivieri' into text field 'id:usuario'.</msg>
<status status="PASS" starttime="20200210 17:08:20.027" endtime="20200210 17:08:20.123"></status>
</kw>
<status status="PASS" starttime="20200210 17:08:20.016" endtime="20200210 17:08:20.123"></status>
</kw>
<status status="PASS" starttime="20200210 17:08:20.000" endtime="20200210 17:08:20.123"></status>
</kw>
<kw name="Ingresar Contrasenia" library="Login">
<arguments>
<arg>${aContrasenia}</arg>
</arguments>
<kw name="Capturar Elemento" library="Selenium Proxy">
<arguments>
<arg>${locTxtContrasenia}</arg>
</arguments>
<assign>
<var>${txtContrasenia}</var>
</assign>
<kw name="Wait Until Page Contains Element" library="SeleniumLibrary">
<doc>Waits until the element ``locator`` appears on the current page.</doc>
<arguments>
<arg>${aLocator}</arg>
<arg>10 seconds</arg>
</arguments>
<status status="PASS" starttime="20200210 17:08:20.124" endtime="20200210 17:08:20.138"></status>
</kw>
<kw name="Set Variable" library="BuiltIn">
<doc>Returns the given values which can then be assigned to a variables.</doc>
<arguments>
<arg>${aLocator}</arg>
</arguments>
<assign>
<var>${aElement}</var>
</assign>
<msg timestamp="20200210 17:08:20.140" level="INFO">${aElement} = id:contrasenia</msg>
<status status="PASS" starttime="20200210 17:08:20.139" endtime="20200210 17:08:20.140"></status>
</kw>
<msg timestamp="20200210 17:08:20.140" level="INFO">${txtContrasenia} = id:contrasenia</msg>
<status status="PASS" starttime="20200210 17:08:20.124" endtime="20200210 17:08:20.141"></status>
</kw>
<kw name="Ingresar Password" library="Selenium Proxy">
<arguments>
<arg>${txtContrasenia}</arg>
<arg>${aPass}</arg>
</arguments>
<kw name="Set Focus To Element" library="SeleniumLibrary">
<doc>Sets the focus to the element identified by ``locator``.</doc>
<arguments>
<arg>${aElement}</arg>
</arguments>
<status status="PASS" starttime="20200210 17:08:20.143" endtime="20200210 17:08:20.156"></status>
</kw>
<kw name="Input Password" library="SeleniumLibrary">
<doc>Types the given password into the text field identified by ``locator``.</doc>
<arguments>
<arg>${aElement}</arg>
<arg>${aText}</arg>
</arguments>
<msg timestamp="20200210 17:08:20.156" level="INFO">Typing password into text field 'id:contrasenia'.</msg>
<status status="PASS" starttime="20200210 17:08:20.156" endtime="20200210 17:08:20.231"></status>
</kw>
<status status="PASS" starttime="20200210 17:08:20.141" endtime="20200210 17:08:20.231"></status>
</kw>
<status status="PASS" starttime="20200210 17:08:20.123" endtime="20200210 17:08:20.231"></status>
</kw>
<kw name="Presionar Ingresar" library="Login">
<kw name="Capturar Elemento" library="Selenium Proxy">
<arguments>
<arg>${locBtnIngresar}</arg>
</arguments>
<assign>
<var>${btnIngresar}</var>
</assign>
<kw name="Wait Until Page Contains Element" library="SeleniumLibrary">
<doc>Waits until the element ``locator`` appears on the current page.</doc>
<arguments>
<arg>${aLocator}</arg>
<arg>10 seconds</arg>
</arguments>
<status status="PASS" starttime="20200210 17:08:20.232" endtime="20200210 17:08:20.243"></status>
</kw>
<kw name="Set Variable" library="BuiltIn">
<doc>Returns the given values which can then be assigned to a variables.</doc>
<arguments>
<arg>${aLocator}</arg>
</arguments>
<assign>
<var>${aElement}</var>
</assign>
<msg timestamp="20200210 17:08:20.243" level="INFO">${aElement} = xpath:/html/body/yrd-root/yrd-login/div[1]/div/form/div[3]/button</msg>
<status status="PASS" starttime="20200210 17:08:20.243" endtime="20200210 17:08:20.244"></status>
</kw>
<msg timestamp="20200210 17:08:20.244" level="INFO">${btnIngresar} = xpath:/html/body/yrd-root/yrd-login/div[1]/div/form/div[3]/button</msg>
<status status="PASS" starttime="20200210 17:08:20.232" endtime="20200210 17:08:20.244"></status>
</kw>
<kw name="Presionar Boton" library="Selenium Proxy">
<arguments>
<arg>${btnIngresar}</arg>
</arguments>
<kw name="Set Focus To Element" library="SeleniumLibrary">
<doc>Sets the focus to the element identified by ``locator``.</doc>
<arguments>
<arg>${aElement}</arg>
</arguments>
<status status="PASS" starttime="20200210 17:08:20.245" endtime="20200210 17:08:20.254"></status>
</kw>
<kw name="Click Element" library="SeleniumLibrary">
<doc>Click the element identified by ``locator``.</doc>
<arguments>
<arg>${aElement}</arg>
</arguments>
<msg timestamp="20200210 17:08:20.254" level="INFO">Clicking element 'xpath:/html/body/yrd-root/yrd-login/div[1]/div/form/div[3]/button'.</msg>
<status status="PASS" starttime="20200210 17:08:20.254" endtime="20200210 17:08:21.161"></status>
</kw>
<status status="PASS" starttime="20200210 17:08:20.244" endtime="20200210 17:08:21.161"></status>
</kw>
<status status="PASS" starttime="20200210 17:08:20.232" endtime="20200210 17:08:21.161"></status>
</kw>
<status status="PASS" starttime="20200210 17:08:20.000" endtime="20200210 17:08:21.161"></status>
</kw>
<kw name="Indicar Terminal" library="Login">
<arguments>
<arg>${aTerminal}</arg>
</arguments>
<kw name="Seleccionar Terminal" library="Login">
<arguments>
<arg>${aTerminal}</arg>
</arguments>
<kw name="Capturar Elemento" library="Selenium Proxy">
<arguments>
<arg>${locDdlTerminal}</arg>
</arguments>
<assign>
<var>${ddlTerminal}</var>
</assign>
<kw name="Wait Until Page Contains Element" library="SeleniumLibrary">
<doc>Waits until the element ``locator`` appears on the current page.</doc>
<arguments>
<arg>${aLocator}</arg>
<arg>10 seconds</arg>
</arguments>
<status status="PASS" starttime="20200210 17:08:21.163" endtime="20200210 17:08:21.387"></status>
</kw>
<kw name="Set Variable" library="BuiltIn">
<doc>Returns the given values which can then be assigned to a variables.</doc>
<arguments>
<arg>${aLocator}</arg>
</arguments>
<assign>
<var>${aElement}</var>
</assign>
<msg timestamp="20200210 17:08:21.388" level="INFO">${aElement} = id:selectTerminal</msg>
<status status="PASS" starttime="20200210 17:08:21.387" endtime="20200210 17:08:21.388"></status>
</kw>
<msg timestamp="20200210 17:08:21.388" level="INFO">${ddlTerminal} = id:selectTerminal</msg>
<status status="PASS" starttime="20200210 17:08:21.163" endtime="20200210 17:08:21.388"></status>
</kw>
<kw name="Elegir Opcion Lista Por Valor" library="Selenium Proxy">
<arguments>
<arg>${ddlTerminal}</arg>
<arg>${aValor}</arg>
</arguments>
<kw name="Select From List By Value" library="SeleniumLibrary">
<doc>Selects options from selection list ``locator`` by ``values``.</doc>
<arguments>
<arg>${aElement}</arg>
<arg>${aValue}</arg>
</arguments>
<msg timestamp="20200210 17:08:21.388" level="INFO">Selecting options from selection list 'id:selectTerminal' by value 137.</msg>
<status status="PASS" starttime="20200210 17:08:21.388" endtime="20200210 17:08:21.451"></status>
</kw>
<status status="PASS" starttime="20200210 17:08:21.388" endtime="20200210 17:08:21.451"></status>
</kw>
<status status="PASS" starttime="20200210 17:08:21.162" endtime="20200210 17:08:21.451"></status>
</kw>
<kw name="Presionar Ingresar" library="Login">
<kw name="Capturar Elemento" library="Selenium Proxy">
<arguments>
<arg>${locBtnIngresar}</arg>
</arguments>
<assign>
<var>${btnIngresar}</var>
</assign>
<kw name="Wait Until Page Contains Element" library="SeleniumLibrary">
<doc>Waits until the element ``locator`` appears on the current page.</doc>
<arguments>
<arg>${aLocator}</arg>
<arg>10 seconds</arg>
</arguments>
<status status="PASS" starttime="20200210 17:08:21.452" endtime="20200210 17:08:21.459"></status>
</kw>
<kw name="Set Variable" library="BuiltIn">
<doc>Returns the given values which can then be assigned to a variables.</doc>
<arguments>
<arg>${aLocator}</arg>
</arguments>
<assign>
<var>${aElement}</var>
</assign>
<msg timestamp="20200210 17:08:21.459" level="INFO">${aElement} = xpath:/html/body/yrd-root/yrd-login/div[1]/div/form/div[3]/button</msg>
<status status="PASS" starttime="20200210 17:08:21.459" endtime="20200210 17:08:21.459"></status>
</kw>
<msg timestamp="20200210 17:08:21.459" level="INFO">${btnIngresar} = xpath:/html/body/yrd-root/yrd-login/div[1]/div/form/div[3]/button</msg>
<status status="PASS" starttime="20200210 17:08:21.452" endtime="20200210 17:08:21.459"></status>
</kw>
<kw name="Presionar Boton" library="Selenium Proxy">
<arguments>
<arg>${btnIngresar}</arg>
</arguments>
<kw name="Set Focus To Element" library="SeleniumLibrary">
<doc>Sets the focus to the element identified by ``locator``.</doc>
<arguments>
<arg>${aElement}</arg>
</arguments>
<status status="PASS" starttime="20200210 17:08:21.460" endtime="20200210 17:08:21.471"></status>
</kw>
<kw name="Click Element" library="SeleniumLibrary">
<doc>Click the element identified by ``locator``.</doc>
<arguments>
<arg>${aElement}</arg>
</arguments>
<msg timestamp="20200210 17:08:21.472" level="INFO">Clicking element 'xpath:/html/body/yrd-root/yrd-login/div[1]/div/form/div[3]/button'.</msg>
<status status="PASS" starttime="20200210 17:08:21.471" endtime="20200210 17:08:21.823"></status>
</kw>
<status status="PASS" starttime="20200210 17:08:21.459" endtime="20200210 17:08:21.823"></status>
</kw>
<status status="PASS" starttime="20200210 17:08:21.451" endtime="20200210 17:08:21.823"></status>
</kw>
<status status="PASS" starttime="20200210 17:08:21.162" endtime="20200210 17:08:21.823"></status>
</kw>
<kw name="Guardar Token" library="Login">
<kw name="Esperar 5 segundos" library="Selenium Proxy">
<kw name="Sleep" library="BuiltIn">
<doc>Pauses the test executed for the given time.</doc>
<arguments>
<arg>${aSeconds}</arg>
</arguments>
<msg timestamp="20200210 17:08:26.834" level="INFO">Slept 5 seconds</msg>
<status status="PASS" starttime="20200210 17:08:21.824" endtime="20200210 17:08:26.834"></status>
</kw>
<status status="PASS" starttime="20200210 17:08:21.823" endtime="20200210 17:08:26.834"></status>
</kw>
<kw name="Devolver valor local storage" library="Selenium Proxy">
<arguments>
<arg>YardToken</arg>
</arguments>
<assign>
<var>${localStorageToken}</var>
</assign>
<kw name="Execute Javascript" library="SeleniumLibrary">
<doc>Executes the given JavaScript code with possible arguments.</doc>
<arguments>
<arg>return window.localStorage.getItem("${aConcepto}")</arg>
</arguments>
<assign>
<var>${valor}</var>
</assign>
<msg timestamp="20200210 17:08:26.836" level="INFO">Executing JavaScript:
return window.localStorage.getItem("YardToken")
Without any arguments.</msg>
<msg timestamp="20200210 17:08:26.841" level="INFO">${valor} = eyJhbGciOiJIUzI1NiIsInR5cCI6IkpXVCJ9.eyJ3b3Jrc2lkIjo4LCJzaXRlaWQiOjIsInNpdGVfYWxpYXMiOjIsInNpdGVfbmFtZSI6IlJvc2FyaW8iLCJzaXRlX3doIjpmYWxzZSwic29jaWQiOjEsInNvY19uYW1lIjoiTERDIEFSR0VOVElOQSBTLkEuIiwidGV...</msg>
<status status="PASS" starttime="20200210 17:08:26.835" endtime="20200210 17:08:26.841"></status>
</kw>
<msg timestamp="20200210 17:08:26.841" level="INFO">${localStorageToken} = eyJhbGciOiJIUzI1NiIsInR5cCI6IkpXVCJ9.eyJ3b3Jrc2lkIjo4LCJzaXRlaWQiOjIsInNpdGVfYWxpYXMiOjIsInNpdGVfbmFtZSI6IlJvc2FyaW8iLCJzaXRlX3doIjpmYWxzZSwic29jaWQiOjEsInNvY19uYW1lIjoiTERDIEFSR0VOVElOQSBTLkEuIiwidGV...</msg>
<status status="PASS" starttime="20200210 17:08:26.834" endtime="20200210 17:08:26.841"></status>
</kw>
<kw name="Concatenar textos" library="Selenium Proxy">
<arguments>
<arg>Bearer</arg>
<arg>${localStorageToken}</arg>
</arguments>
<assign>
<var>${BearerToken}</var>
</assign>
<kw name="Catenate" library="BuiltIn">
<doc>Catenates the given items together and returns the resulted string.</doc>
<arguments>
<arg>${aText1}</arg>
<arg>${aText2}</arg>
</arguments>
<assign>
<var>${result}</var>
</assign>
<msg timestamp="20200210 17:08:26.842" level="INFO">${result} = Bearer eyJhbGciOiJIUzI1NiIsInR5cCI6IkpXVCJ9.eyJ3b3Jrc2lkIjo4LCJzaXRlaWQiOjIsInNpdGVfYWxpYXMiOjIsInNpdGVfbmFtZSI6IlJvc2FyaW8iLCJzaXRlX3doIjpmYWxzZSwic29jaWQiOjEsInNvY19uYW1lIjoiTERDIEFSR0VOVElOQSBTLkEu...</msg>
<status status="PASS" starttime="20200210 17:08:26.842" endtime="20200210 17:08:26.842"></status>
</kw>
<msg timestamp="20200210 17:08:26.842" level="INFO">${BearerToken} = Bearer eyJhbGciOiJIUzI1NiIsInR5cCI6IkpXVCJ9.eyJ3b3Jrc2lkIjo4LCJzaXRlaWQiOjIsInNpdGVfYWxpYXMiOjIsInNpdGVfbmFtZSI6IlJvc2FyaW8iLCJzaXRlX3doIjpmYWxzZSwic29jaWQiOjEsInNvY19uYW1lIjoiTERDIEFSR0VOVElOQSBTLkEu...</msg>
<status status="PASS" starttime="20200210 17:08:26.841" endtime="20200210 17:08:26.842"></status>
</kw>
<kw name="Set Global Variable" library="BuiltIn">
<doc>Makes a variable available globally in all tests and suites.</doc>
<arguments>
<arg>${gAutToken}</arg>
<arg>${BearerToken}</arg>
</arguments>
<msg timestamp="20200210 17:08:26.843" level="INFO">${gAutToken} = Bearer eyJhbGciOiJIUzI1NiIsInR5cCI6IkpXVCJ9.eyJ3b3Jrc2lkIjo4LCJzaXRlaWQiOjIsInNpdGVfYWxpYXMiOjIsInNpdGVfbmFtZSI6IlJvc2FyaW8iLCJzaXRlX3doIjpmYWxzZSwic29jaWQiOjEsInNvY19uYW1lIjoiTERDIEFSR0VOVElOQSBTLkEu...</msg>
<status status="PASS" starttime="20200210 17:08:26.842" endtime="20200210 17:08:26.843"></status>
</kw>
<status status="PASS" starttime="20200210 17:08:21.823" endtime="20200210 17:08:26.843"></status>
</kw>
<status status="PASS" starttime="20200210 17:08:15.180" endtime="20200210 17:08:26.843"></status>
</kw>
<test id="s1-t1" name="TestTable">
<kw name="Ir a Gestionar Cupo" library="Menu">
<kw name="Ir a SubMenu Cupo" library="Menu">
<kw name="Seleccionar Opcion Menu o SubMenu" library="Menu">
<arguments>
<arg>${locBtnMenu}</arg>
</arguments>
<kw name="Capturar Elemento" library="Selenium Proxy">
<arguments>
<arg>${NombreMenuOsubMenu}</arg>
</arguments>
<assign>
<var>${btn}</var>
</assign>
<kw name="Wait Until Page Contains Element" library="SeleniumLibrary">
<doc>Waits until the element ``locator`` appears on the current page.</doc>
<arguments>
<arg>${aLocator}</arg>
<arg>10 seconds</arg>
</arguments>
<status status="PASS" starttime="20200210 17:08:26.845" endtime="20200210 17:08:26.856"></status>
</kw>
<kw name="Set Variable" library="BuiltIn">
<doc>Returns the given values which can then be assigned to a variables.</doc>
<arguments>
<arg>${aLocator}</arg>
</arguments>
<assign>
<var>${aElement}</var>
</assign>
<msg timestamp="20200210 17:08:26.856" level="INFO">${aElement} = id:dropdownMenuButton</msg>
<status status="PASS" starttime="20200210 17:08:26.856" endtime="20200210 17:08:26.857"></status>
</kw>
<msg timestamp="20200210 17:08:26.857" level="INFO">${btn} = id:dropdownMenuButton</msg>
<status status="PASS" starttime="20200210 17:08:26.845" endtime="20200210 17:08:26.857"></status>
</kw>
<kw name="Presionar Boton" library="Selenium Proxy">
<arguments>
<arg>${btn}</arg>
</arguments>
<kw name="Set Focus To Element" library="SeleniumLibrary">
<doc>Sets the focus to the element identified by ``locator``.</doc>
<arguments>
<arg>${aElement}</arg>
</arguments>
<status status="PASS" starttime="20200210 17:08:26.857" endtime="20200210 17:08:26.869"></status>
</kw>
<kw name="Click Element" library="SeleniumLibrary">
<doc>Click the element identified by ``locator``.</doc>
<arguments>
<arg>${aElement}</arg>
</arguments>
<msg timestamp="20200210 17:08:26.870" level="INFO">Clicking element 'id:dropdownMenuButton'.</msg>
<status status="PASS" starttime="20200210 17:08:26.869" endtime="20200210 17:08:26.976"></status>
</kw>
<status status="PASS" starttime="20200210 17:08:26.857" endtime="20200210 17:08:26.977"></status>
</kw>
<status status="PASS" starttime="20200210 17:08:26.845" endtime="20200210 17:08:26.977"></status>
</kw>
<kw name="Seleccionar Opcion Menu o SubMenu" library="Menu">
<arguments>
<arg>${locBtnCupo}</arg>
</arguments>
<kw name="Capturar Elemento" library="Selenium Proxy">
<arguments>
<arg>${NombreMenuOsubMenu}</arg>
</arguments>
<assign>
<var>${btn}</var>
</assign>
<kw name="Wait Until Page Contains Element" library="SeleniumLibrary">
<doc>Waits until the element ``locator`` appears on the current page.</doc>
<arguments>
<arg>${aLocator}</arg>
<arg>10 seconds</arg>
</arguments>
<status status="PASS" starttime="20200210 17:08:26.977" endtime="20200210 17:08:26.991"></status>
</kw>
<kw name="Set Variable" library="BuiltIn">
<doc>Returns the given values which can then be assigned to a variables.</doc>
<arguments>
<arg>${aLocator}</arg>
</arguments>
<assign>
<var>${aElement}</var>
</assign>
<msg timestamp="20200210 17:08:26.992" level="INFO">${aElement} = xpath: //*[contains(text(), "Cupo")]</msg>
<status status="PASS" starttime="20200210 17:08:26.992" endtime="20200210 17:08:26.992"></status>
</kw>
<msg timestamp="20200210 17:08:26.992" level="INFO">${btn} = xpath: //*[contains(text(), "Cupo")]</msg>
<status status="PASS" starttime="20200210 17:08:26.977" endtime="20200210 17:08:26.992"></status>
</kw>
<kw name="Presionar Boton" library="Selenium Proxy">
<arguments>
<arg>${btn}</arg>
</arguments>
<kw name="Set Focus To Element" library="SeleniumLibrary">
<doc>Sets the focus to the element identified by ``locator``.</doc>
<arguments>
<arg>${aElement}</arg>
</arguments>
<status status="PASS" starttime="20200210 17:08:26.993" endtime="20200210 17:08:27.005"></status>
</kw>
<kw name="Click Element" library="SeleniumLibrary">
<doc>Click the element identified by ``locator``.</doc>
<arguments>
<arg>${aElement}</arg>
</arguments>
<msg timestamp="20200210 17:08:27.005" level="INFO">Clicking element 'xpath: //*[contains(text(), "Cupo")]'.</msg>
<status status="PASS" starttime="20200210 17:08:27.005" endtime="20200210 17:08:27.475"></status>
</kw>
<status status="PASS" starttime="20200210 17:08:26.992" endtime="20200210 17:08:27.475"></status>
</kw>
<status status="PASS" starttime="20200210 17:08:26.977" endtime="20200210 17:08:27.475"></status>
</kw>
<status status="PASS" starttime="20200210 17:08:26.844" endtime="20200210 17:08:27.475"></status>
</kw>
<kw name="Seleccionar Opcion Menu o SubMenu" library="Menu">
<arguments>
<arg>${locBtnGestionarCupo}</arg>
</arguments>
<kw name="Capturar Elemento" library="Selenium Proxy">
<arguments>
<arg>${NombreMenuOsubMenu}</arg>
</arguments>
<assign>
<var>${btn}</var>
</assign>
<kw name="Wait Until Page Contains Element" library="SeleniumLibrary">
<doc>Waits until the element ``locator`` appears on the current page.</doc>
<arguments>
<arg>${aLocator}</arg>
<arg>10 seconds</arg>
</arguments>
<status status="PASS" starttime="20200210 17:08:27.476" endtime="20200210 17:08:27.486"></status>
</kw>
<kw name="Set Variable" library="BuiltIn">
<doc>Returns the given values which can then be assigned to a variables.</doc>
<arguments>
<arg>${aLocator}</arg>
</arguments>
<assign>
<var>${aElement}</var>
</assign>
<msg timestamp="20200210 17:08:27.487" level="INFO">${aElement} = xpath: //*[contains(text(), "Gestionar Cupo")]</msg>
<status status="PASS" starttime="20200210 17:08:27.487" endtime="20200210 17:08:27.487"></status>
</kw>
<msg timestamp="20200210 17:08:27.487" level="INFO">${btn} = xpath: //*[contains(text(), "Gestionar Cupo")]</msg>
<status status="PASS" starttime="20200210 17:08:27.476" endtime="20200210 17:08:27.487"></status>
</kw>
<kw name="Presionar Boton" library="Selenium Proxy">
<arguments>
<arg>${btn}</arg>
</arguments>
<kw name="Set Focus To Element" library="SeleniumLibrary">
<doc>Sets the focus to the element identified by ``locator``.</doc>
<arguments>
<arg>${aElement}</arg>
</arguments>
<status status="PASS" starttime="20200210 17:08:27.487" endtime="20200210 17:08:27.498"></status>
</kw>
<kw name="Click Element" library="SeleniumLibrary">
<doc>Click the element identified by ``locator``.</doc>
<arguments>
<arg>${aElement}</arg>
</arguments>
<msg timestamp="20200210 17:08:27.498" level="INFO">Clicking element 'xpath: //*[contains(text(), "Gestionar Cupo")]'.</msg>
<status status="PASS" starttime="20200210 17:08:27.498" endtime="20200210 17:08:27.730"></status>
</kw>
<status status="PASS" starttime="20200210 17:08:27.487" endtime="20200210 17:08:27.730"></status>
</kw>
<status status="PASS" starttime="20200210 17:08:27.476" endtime="20200210 17:08:27.730"></status>
</kw>
<status status="PASS" starttime="20200210 17:08:26.844" endtime="20200210 17:08:27.730"></status>
</kw>
<kw name="Consultar cupo segun doc porte" library="Gestionar Cupos">
<arguments>
<arg>453453453453</arg>
</arguments>
<kw name="Presionar Buscar" library="Gestionar Cupos">
<kw name="Capturar Elemento" library="Selenium Proxy">
<arguments>
<arg>${locBtnBuscar}</arg>
</arguments>
<assign>
<var>${btnBuscar}</var>
</assign>
<kw name="Wait Until Page Contains Element" library="SeleniumLibrary">
<doc>Waits until the element ``locator`` appears on the current page.</doc>
<arguments>
<arg>${aLocator}</arg>
<arg>10 seconds</arg>
</arguments>
<status status="PASS" starttime="20200210 17:08:27.732" endtime="20200210 17:08:27.744"></status>
</kw>
<kw name="Set Variable" library="BuiltIn">
<doc>Returns the given values which can then be assigned to a variables.</doc>
<arguments>
<arg>${aLocator}</arg>
</arguments>
<assign>
<var>${aElement}</var>
</assign>
<msg timestamp="20200210 17:08:27.744" level="INFO">${aElement} = xpath:/html/body/yrd-root/yrd-home/yrd-gestionar-cupos/form/fieldset/yrd-search-form-template/fieldset[1]/div/button[1]</msg>
<status status="PASS" starttime="20200210 17:08:27.744" endtime="20200210 17:08:27.744"></status>
</kw>
<msg timestamp="20200210 17:08:27.744" level="INFO">${btnBuscar} = xpath:/html/body/yrd-root/yrd-home/yrd-gestionar-cupos/form/fieldset/yrd-search-form-template/fieldset[1]/div/button[1]</msg>
<status status="PASS" starttime="20200210 17:08:27.731" endtime="20200210 17:08:27.744"></status>
</kw>
<kw name="Presionar Boton" library="Selenium Proxy">
<arguments>
<arg>${btnBuscar}</arg>
</arguments>
<kw name="Set Focus To Element" library="SeleniumLibrary">
<doc>Sets the focus to the element identified by ``locator``.</doc>
<arguments>
<arg>${aElement}</arg>
</arguments>
<status status="PASS" starttime="20200210 17:08:27.745" endtime="20200210 17:08:27.760"></status>
</kw>
<kw name="Click Element" library="SeleniumLibrary">
<doc>Click the element identified by ``locator``.</doc>
<arguments>
<arg>${aElement}</arg>
</arguments>
<msg timestamp="20200210 17:08:27.760" level="INFO">Clicking element 'xpath:/html/body/yrd-root/yrd-home/yrd-gestionar-cupos/form/fieldset/yrd-search-form-template/fieldset[1]/div/button[1]'.</msg>
<status status="PASS" starttime="20200210 17:08:27.760" endtime="20200210 17:08:28.506"></status>
</kw>
<status status="PASS" starttime="20200210 17:08:27.745" endtime="20200210 17:08:28.506"></status>
</kw>
<status status="PASS" starttime="20200210 17:08:27.731" endtime="20200210 17:08:28.506"></status>
</kw>
<kw name="Esperar 3 segundos" library="Selenium Proxy">
<kw name="Sleep" library="BuiltIn">
<doc>Pauses the test executed for the given time.</doc>
<arguments>
<arg>${aSeconds}</arg>
</arguments>
<msg timestamp="20200210 17:08:31.519" level="INFO">Slept 3 seconds</msg>
<status status="PASS" starttime="20200210 17:08:28.507" endtime="20200210 17:08:31.520"></status>
</kw>
<status status="PASS" starttime="20200210 17:08:28.506" endtime="20200210 17:08:31.520"></status>
</kw>
<kw name="Obtener Cantidad Filas" library="Gestionar Cupos">
<assign>
<var>${cantFilas}</var>
</assign>
<kw name="Get Element Count" library="SeleniumLibrary">
<doc>Returns the number of elements matching ``locator``.</doc>
<arguments>
<arg>${locFila}</arg>
</arguments>
<assign>
<var>${cantFilas}</var>
</assign>
<msg timestamp="20200210 17:08:31.533" level="INFO">${cantFilas} = 5</msg>
<status status="PASS" starttime="20200210 17:08:31.520" endtime="20200210 17:08:31.533"></status>
</kw>
<msg timestamp="20200210 17:08:31.533" level="INFO">${cantFilas} = 5</msg>
<status status="PASS" starttime="20200210 17:08:31.520" endtime="20200210 17:08:31.533"></status>
</kw>
<kw name="${i} IN RANGE [ 1 | ${cantFilas}+1 ]" type="for">
<kw name="${i} = 1" type="foritem">
<kw name="Obtener Valor Celda" library="Gestionar Cupos">
<arguments>
<arg>${i}</arg>
<arg>4</arg>
</arguments>
<assign>
<var>${celda}</var>
</assign>
<kw name="Catenate" library="BuiltIn">
<doc>Catenates the given items together and returns the resulted string.</doc>
<arguments>
<arg>${locFila}</arg>
<arg>[</arg>
<arg>${aFila}</arg>
<arg>]</arg>
<arg>${locColumna}</arg>
<arg>[</arg>
<arg>${aColumna} ]</arg>
</arguments>
<assign>
<var>${locCelda}</var>
</assign>
<msg timestamp="20200210 17:08:31.534" level="INFO">${locCelda} = xpath:/html/body/yrd-root/yrd-home/yrd-gestionar-cupos/form/fieldset/yrd-search-form-template/fieldset[2]/yrd-data-grid/div/ngx-datatable/div/datatable-body/datatable-selection/datatable-scroller/data...</msg>
<status status="PASS" starttime="20200210 17:08:31.534" endtime="20200210 17:08:31.534"></status>
</kw>
<kw name="Get Text" library="SeleniumLibrary">
<doc>Returns the text value of the element identified by ``locator``.</doc>
<arguments>
<arg>${locCelda}</arg>
</arguments>
<assign>
<var>${celda}</var>
</assign>
<msg timestamp="20200210 17:08:31.558" level="INFO">${celda} = 443534567657</msg>
<status status="PASS" starttime="20200210 17:08:31.534" endtime="20200210 17:08:31.558"></status>
</kw>
<msg timestamp="20200210 17:08:31.558" level="INFO">${celda} = 443534567657</msg>
<status status="PASS" starttime="20200210 17:08:31.534" endtime="20200210 17:08:31.558"></status>
</kw>
<kw name="Exit For Loop If" library="BuiltIn">
<doc>Stops executing the enclosing for loop if the ``condition`` is true.</doc>
<arguments>
<arg>${celda}==${nroDocPorte}</arg>
</arguments>
<status status="PASS" starttime="20200210 17:08:31.559" endtime="20200210 17:08:31.559"></status>
</kw>
<status status="PASS" starttime="20200210 17:08:31.533" endtime="20200210 17:08:31.559"></status>
</kw>
<kw name="${i} = 2" type="foritem">
<kw name="Obtener Valor Celda" library="Gestionar Cupos">
<arguments>
<arg>${i}</arg>
<arg>4</arg>
</arguments>
<assign>
<var>${celda}</var>
</assign>
<kw name="Catenate" library="BuiltIn">
<doc>Catenates the given items together and returns the resulted string.</doc>
<arguments>
<arg>${locFila}</arg>
<arg>[</arg>
<arg>${aFila}</arg>
<arg>]</arg>
<arg>${locColumna}</arg>
<arg>[</arg>
<arg>${aColumna} ]</arg>
</arguments>
<assign>
<var>${locCelda}</var>
</assign>
<msg timestamp="20200210 17:08:31.560" level="INFO">${locCelda} = xpath:/html/body/yrd-root/yrd-home/yrd-gestionar-cupos/form/fieldset/yrd-search-form-template/fieldset[2]/yrd-data-grid/div/ngx-datatable/div/datatable-body/datatable-selection/datatable-scroller/data...</msg>
<status status="PASS" starttime="20200210 17:08:31.559" endtime="20200210 17:08:31.560"></status>
</kw>
<kw name="Get Text" library="SeleniumLibrary">
<doc>Returns the text value of the element identified by ``locator``.</doc>
<arguments>
<arg>${locCelda}</arg>
</arguments>
<assign>
<var>${celda}</var>
</assign>
<msg timestamp="20200210 17:08:31.582" level="INFO">${celda} = 453453453345</msg>
<status status="PASS" starttime="20200210 17:08:31.560" endtime="20200210 17:08:31.582"></status>
</kw>
<msg timestamp="20200210 17:08:31.583" level="INFO">${celda} = 453453453345</msg>
<status status="PASS" starttime="20200210 17:08:31.559" endtime="20200210 17:08:31.583"></status>
</kw>
<kw name="Exit For Loop If" library="BuiltIn">
<doc>Stops executing the enclosing for loop if the ``condition`` is true.</doc>
<arguments>
<arg>${celda}==${nroDocPorte}</arg>
</arguments>
<status status="PASS" starttime="20200210 17:08:31.583" endtime="20200210 17:08:31.583"></status>
</kw>
<status status="PASS" starttime="20200210 17:08:31.559" endtime="20200210 17:08:31.583"></status>
</kw>
<kw name="${i} = 3" type="foritem">
<kw name="Obtener Valor Celda" library="Gestionar Cupos">
<arguments>
<arg>${i}</arg>
<arg>4</arg>
</arguments>
<assign>
<var>${celda}</var>
</assign>
<kw name="Catenate" library="BuiltIn">
<doc>Catenates the given items together and returns the resulted string.</doc>
<arguments>
<arg>${locFila}</arg>
<arg>[</arg>
<arg>${aFila}</arg>
<arg>]</arg>
<arg>${locColumna}</arg>
<arg>[</arg>
<arg>${aColumna} ]</arg>
</arguments>
<assign>
<var>${locCelda}</var>
</assign>
<msg timestamp="20200210 17:08:31.584" level="INFO">${locCelda} = xpath:/html/body/yrd-root/yrd-home/yrd-gestionar-cupos/form/fieldset/yrd-search-form-template/fieldset[2]/yrd-data-grid/div/ngx-datatable/div/datatable-body/datatable-selection/datatable-scroller/data...</msg>
<status status="PASS" starttime="20200210 17:08:31.584" endtime="20200210 17:08:31.584"></status>
</kw>
<kw name="Get Text" library="SeleniumLibrary">
<doc>Returns the text value of the element identified by ``locator``.</doc>
<arguments>
<arg>${locCelda}</arg>
</arguments>
<assign>
<var>${celda}</var>
</assign>
<msg timestamp="20200210 17:08:31.607" level="INFO">${celda} = 453453453453</msg>
<status status="PASS" starttime="20200210 17:08:31.584" endtime="20200210 17:08:31.607"></status>
</kw>
<msg timestamp="20200210 17:08:31.607" level="INFO">${celda} = 453453453453</msg>
<status status="PASS" starttime="20200210 17:08:31.583" endtime="20200210 17:08:31.607"></status>
</kw>
<kw name="Exit For Loop If" library="BuiltIn">
<doc>Stops executing the enclosing for loop if the ``condition`` is true.</doc>
<arguments>
<arg>${celda}==${nroDocPorte}</arg>
</arguments>
<msg timestamp="20200210 17:08:31.608" level="INFO">Exiting for loop altogether.</msg>
<status status="PASS" starttime="20200210 17:08:31.607" endtime="20200210 17:08:31.608"></status>
</kw>
<status status="PASS" starttime="20200210 17:08:31.583" endtime="20200210 17:08:31.608"></status>
</kw>
<status status="PASS" starttime="20200210 17:08:31.533" endtime="20200210 17:08:31.608"></status>
</kw>
<kw name="Seleccionar Fila" library="Gestionar Cupos">
<arguments>
<arg>${i}</arg>
</arguments>
<kw name="Catenate" library="BuiltIn">
<doc>Catenates the given items together and returns the resulted string.</doc>
<arguments>
<arg>${locFila}</arg>
<arg>[</arg>
<arg>${aFila}</arg>
<arg>]</arg>
<arg>${locColumna}</arg>
<arg>[1] ${locCheckbox}</arg>
</arguments>
<assign>
<var>${seleccion}</var>
</assign>
<msg timestamp="20200210 17:08:31.608" level="INFO">${seleccion} = xpath:/html/body/yrd-root/yrd-home/yrd-gestionar-cupos/form/fieldset/yrd-search-form-template/fieldset[2]/yrd-data-grid/div/ngx-datatable/div/datatable-body/datatable-selection/datatable-scroller/data...</msg>
<status status="PASS" starttime="20200210 17:08:31.608" endtime="20200210 17:08:31.609"></status>
</kw>
<kw name="Presionar Boton" library="Selenium Proxy">
<arguments>
<arg>${seleccion}</arg>
</arguments>
<kw name="Set Focus To Element" library="SeleniumLibrary">
<doc>Sets the focus to the element identified by ``locator``.</doc>
<arguments>
<arg>${aElement}</arg>
</arguments>
<status status="PASS" starttime="20200210 17:08:31.609" endtime="20200210 17:08:31.625"></status>
</kw>
<kw name="Click Element" library="SeleniumLibrary">
<doc>Click the element identified by ``locator``.</doc>
<arguments>
<arg>${aElement}</arg>
</arguments>
<msg timestamp="20200210 17:08:31.625" level="INFO">Clicking element 'xpath:/html/body/yrd-root/yrd-home/yrd-gestionar-cupos/form/fieldset/yrd-search-form-template/fieldset[2]/yrd-data-grid/div/ngx-datatable/div/datatable-body/datatable-selection/datatable-scroller/datatable-row-wrapper [ 3 ] /datatable-body-row/div[2]/datatable-body-cell [1] /div/label/input'.</msg>
<status status="PASS" starttime="20200210 17:08:31.625" endtime="20200210 17:08:31.708"></status>
</kw>
<status status="PASS" starttime="20200210 17:08:31.609" endtime="20200210 17:08:31.708"></status>
</kw>
<status status="PASS" starttime="20200210 17:08:31.608" endtime="20200210 17:08:31.709"></status>
</kw>
<kw name="Presionar Consultar" library="Gestionar Cupos">
<kw name="Capturar Elemento" library="Selenium Proxy">
<arguments>
<arg>${locBtnConsultar}</arg>
</arguments>
<assign>
<var>${btnConsultar}</var>
</assign>
<kw name="Wait Until Page Contains Element" library="SeleniumLibrary">
<doc>Waits until the element ``locator`` appears on the current page.</doc>
<arguments>
<arg>${aLocator}</arg>
<arg>10 seconds</arg>
</arguments>
<status status="PASS" starttime="20200210 17:08:31.710" endtime="20200210 17:08:31.723"></status>
</kw>
<kw name="Set Variable" library="BuiltIn">
<doc>Returns the given values which can then be assigned to a variables.</doc>
<arguments>
<arg>${aLocator}</arg>
</arguments>
<assign>
<var>${aElement}</var>
</assign>
<msg timestamp="20200210 17:08:31.723" level="INFO">${aElement} = xpath:/html/body/yrd-root/yrd-home/yrd-gestionar-cupos/form/fieldset/yrd-search-form-template/fieldset[3]/div[2]/button[2]</msg>
<status status="PASS" starttime="20200210 17:08:31.723" endtime="20200210 17:08:31.723"></status>
</kw>
<msg timestamp="20200210 17:08:31.724" level="INFO">${btnConsultar} = xpath:/html/body/yrd-root/yrd-home/yrd-gestionar-cupos/form/fieldset/yrd-search-form-template/fieldset[3]/div[2]/button[2]</msg>
<status status="PASS" starttime="20200210 17:08:31.710" endtime="20200210 17:08:31.724"></status>
</kw>
<kw name="Presionar Boton" library="Selenium Proxy">
<arguments>
<arg>${btnConsultar}</arg>
</arguments>
<kw name="Set Focus To Element" library="SeleniumLibrary">
<doc>Sets the focus to the element identified by ``locator``.</doc>
<arguments>
<arg>${aElement}</arg>
</arguments>
<status status="PASS" starttime="20200210 17:08:31.724" endtime="20200210 17:08:31.738"></status>
</kw>
<kw name="Click Element" library="SeleniumLibrary">
<doc>Click the element identified by ``locator``.</doc>
<arguments>
<arg>${aElement}</arg>
</arguments>
<msg timestamp="20200210 17:08:31.738" level="INFO">Clicking element 'xpath:/html/body/yrd-root/yrd-home/yrd-gestionar-cupos/form/fieldset/yrd-search-form-template/fieldset[3]/div[2]/button[2]'.</msg>
<status status="PASS" starttime="20200210 17:08:31.738" endtime="20200210 17:08:32.049"></status>
</kw>
<status status="PASS" starttime="20200210 17:08:31.724" endtime="20200210 17:08:32.049"></status>
</kw>
<status status="PASS" starttime="20200210 17:08:31.709" endtime="20200210 17:08:32.049"></status>
</kw>
<status status="PASS" starttime="20200210 17:08:27.731" endtime="20200210 17:08:32.049"></status>
</kw>
<status status="PASS" starttime="20200210 17:08:26.843" endtime="20200210 17:08:32.050" critical="yes"></status>
</test>
<kw name="Cerrar Todo" library="Selenium Proxy" type="teardown">
<kw name="Close All Browsers" library="SeleniumLibrary">
<doc>Closes all open browsers and resets the browser cache.</doc>
<status status="PASS" starttime="20200210 17:08:32.051" endtime="20200210 17:08:34.214"></status>
</kw>
<status status="PASS" starttime="20200210 17:08:32.051" endtime="20200210 17:08:34.214"></status>
</kw>
<status status="PASS" starttime="20200210 17:08:15.008" endtime="20200210 17:08:34.214"></status>
</suite>
<statistics>
<total>
<stat pass="1" fail="0">Critical Tests</stat>
<stat pass="1" fail="0">All Tests</stat>
</total>
<tag>
</tag>
<suite>
<stat pass="1" fail="0" id="s1" name="GestionarCuposToTestTables">GestionarCuposToTestTables</stat>
</suite>
</statistics>
<errors>
</errors>
</robot>
